[0.152s] DEBUG:colcon:Command line arguments: ['/usr/bin/colcon', 'build', '--cmake-args', '-DCMAKE_BUILD_TYPE=Release', '--symlink-install']
[0.152s] DEBUG:colcon:Parsed command line arguments: Namespace(log_base=None, log_level=None, verb_name='build', build_base='build', install_base='install', merge_install=False, symlink_install=True, test_result_base=None, continue_on_error=False, executor='parallel', parallel_workers=4, event_handlers=None, ignore_user_meta=False, metas=['./colcon.meta'], base_paths=['.'], packages_ignore=None, packages_ignore_regex=None, paths=None, packages_up_to=None, packages_up_to_regex=None, packages_above=None, packages_above_and_dependencies=None, packages_above_depth=None, packages_select_by_dep=None, packages_skip_by_dep=None, packages_skip_up_to=None, packages_select_build_failed=False, packages_skip_build_finished=False, packages_select_test_failures=False, packages_skip_test_passed=False, packages_select=None, packages_skip=None, packages_select_regex=None, packages_skip_regex=None, packages_start=None, packages_end=None, allow_overriding=[], cmake_args=['-DCMAKE_BUILD_TYPE=Release'], cmake_target=None, cmake_target_skip_unavailable=False, cmake_clean_cache=False, cmake_clean_first=False, cmake_force_configure=False, ament_cmake_args=None, catkin_cmake_args=None, catkin_skip_building_tests=False, mixin_files=None, mixin=None, verb_parser=<colcon_mixin.mixin.mixin_argument.MixinArgumentDecorator object at 0xffffab62d040>, verb_extension=<colcon_core.verb.build.BuildVerb object at 0xffffab7ed5e0>, main=<bound method BuildVerb.main of <colcon_core.verb.build.BuildVerb object at 0xffffab7ed5e0>>, mixin_verb=('build',))
[0.210s] Level 1:colcon.colcon_core.package_discovery:discover_packages(colcon_meta) check parameters
[0.211s] Level 1:colcon.colcon_core.package_discovery:discover_packages(recursive) check parameters
[0.211s] Level 1:colcon.colcon_core.package_discovery:discover_packages(ignore) check parameters
[0.211s] Level 1:colcon.colcon_core.package_discovery:discover_packages(path) check parameters
[0.211s] Level 1:colcon.colcon_core.package_discovery:discover_packages(colcon_meta) discover
[0.211s] Level 1:colcon.colcon_core.package_discovery:discover_packages(recursive) discover
[0.211s] INFO:colcon.colcon_core.package_discovery:Crawling recursively for packages in '/home/grp4_muem/info_indus/ros2_ws'
[0.211s] Level 1:colcon.colcon_core.package_identification:_identify(.) by extensions ['ignore', 'ignore_ament_install']
[0.211s] Level 1:colcon.colcon_core.package_identification:_identify(.) by extension 'ignore'
[0.211s] Level 1:colcon.colcon_core.package_identification:_identify(.) by extension 'ignore_ament_install'
[0.211s] Level 1:colcon.colcon_core.package_identification:_identify(.) by extensions ['colcon_pkg']
[0.211s] Level 1:colcon.colcon_core.package_identification:_identify(.) by extension 'colcon_pkg'
[0.211s] Level 1:colcon.colcon_core.package_identification:_identify(.) by extensions ['colcon_meta']
[0.211s] Level 1:colcon.colcon_core.package_identification:_identify(.) by extension 'colcon_meta'
[0.211s] Level 1:colcon.colcon_core.package_identification:_identify(.) by extensions ['ros']
[0.211s] Level 1:colcon.colcon_core.package_identification:_identify(.) by extension 'ros'
[0.249s] Level 1:colcon.colcon_core.package_identification:_identify(.) by extensions ['cmake', 'python']
[0.249s] Level 1:colcon.colcon_core.package_identification:_identify(.) by extension 'cmake'
[0.250s] Level 1:colcon.colcon_core.package_identification:_identify(.) by extension 'python'
[0.250s] Level 1:colcon.colcon_core.package_identification:_identify(.) by extensions ['python_setup_py']
[0.250s] Level 1:colcon.colcon_core.package_identification:_identify(.) by extension 'python_setup_py'
[0.250s] Level 1:colcon.colcon_core.package_identification:_identify(build) by extensions ['ignore', 'ignore_ament_install']
[0.250s] Level 1:colcon.colcon_core.package_identification:_identify(build) by extension 'ignore'
[0.250s] Level 1:colcon.colcon_core.package_identification:_identify(build) ignored
[0.250s] Level 1:colcon.colcon_core.package_identification:_identify(install) by extensions ['ignore', 'ignore_ament_install']
[0.250s] Level 1:colcon.colcon_core.package_identification:_identify(install) by extension 'ignore'
[0.250s] Level 1:colcon.colcon_core.package_identification:_identify(install) ignored
[0.250s] Level 1:colcon.colcon_core.package_identification:_identify(log) by extensions ['ignore', 'ignore_ament_install']
[0.251s] Level 1:colcon.colcon_core.package_identification:_identify(log) by extension 'ignore'
[0.251s] Level 1:colcon.colcon_core.package_identification:_identify(log) ignored
[0.251s] Level 1:colcon.colcon_core.package_identification:_identify(src) by extensions ['ignore', 'ignore_ament_install']
[0.251s] Level 1:colcon.colcon_core.package_identification:_identify(src) by extension 'ignore'
[0.251s] Level 1:colcon.colcon_core.package_identification:_identify(src) by extension 'ignore_ament_install'
[0.251s] Level 1:colcon.colcon_core.package_identification:_identify(src) by extensions ['colcon_pkg']
[0.251s] Level 1:colcon.colcon_core.package_identification:_identify(src) by extension 'colcon_pkg'
[0.251s] Level 1:colcon.colcon_core.package_identification:_identify(src) by extensions ['colcon_meta']
[0.251s] Level 1:colcon.colcon_core.package_identification:_identify(src) by extension 'colcon_meta'
[0.251s] Level 1:colcon.colcon_core.package_identification:_identify(src) by extensions ['ros']
[0.251s] Level 1:colcon.colcon_core.package_identification:_identify(src) by extension 'ros'
[0.251s] Level 1:colcon.colcon_core.package_identification:_identify(src) by extensions ['cmake', 'python']
[0.251s] Level 1:colcon.colcon_core.package_identification:_identify(src) by extension 'cmake'
[0.251s] Level 1:colcon.colcon_core.package_identification:_identify(src) by extension 'python'
[0.251s] Level 1:colcon.colcon_core.package_identification:_identify(src) by extensions ['python_setup_py']
[0.251s] Level 1:colcon.colcon_core.package_identification:_identify(src) by extension 'python_setup_py'
[0.251s] Level 1:colcon.colcon_core.package_identification:_identify(src/ecat_ros2_workshop) by extensions ['ignore', 'ignore_ament_install']
[0.251s] Level 1:colcon.colcon_core.package_identification:_identify(src/ecat_ros2_workshop) by extension 'ignore'
[0.252s] Level 1:colcon.colcon_core.package_identification:_identify(src/ecat_ros2_workshop) by extension 'ignore_ament_install'
[0.252s] Level 1:colcon.colcon_core.package_identification:_identify(src/ecat_ros2_workshop) by extensions ['colcon_pkg']
[0.252s] Level 1:colcon.colcon_core.package_identification:_identify(src/ecat_ros2_workshop) by extension 'colcon_pkg'
[0.252s] Level 1:colcon.colcon_core.package_identification:_identify(src/ecat_ros2_workshop) by extensions ['colcon_meta']
[0.252s] Level 1:colcon.colcon_core.package_identification:_identify(src/ecat_ros2_workshop) by extension 'colcon_meta'
[0.252s] Level 1:colcon.colcon_core.package_identification:_identify(src/ecat_ros2_workshop) by extensions ['ros']
[0.252s] Level 1:colcon.colcon_core.package_identification:_identify(src/ecat_ros2_workshop) by extension 'ros'
[0.252s] Level 1:colcon.colcon_core.package_identification:_identify(src/ecat_ros2_workshop) by extensions ['cmake', 'python']
[0.252s] Level 1:colcon.colcon_core.package_identification:_identify(src/ecat_ros2_workshop) by extension 'cmake'
[0.252s] Level 1:colcon.colcon_core.package_identification:_identify(src/ecat_ros2_workshop) by extension 'python'
[0.252s] Level 1:colcon.colcon_core.package_identification:_identify(src/ecat_ros2_workshop) by extensions ['python_setup_py']
[0.252s] Level 1:colcon.colcon_core.package_identification:_identify(src/ecat_ros2_workshop) by extension 'python_setup_py'
[0.252s] Level 1:colcon.colcon_core.package_identification:_identify(src/ecat_ros2_workshop/docs) by extensions ['ignore', 'ignore_ament_install']
[0.252s] Level 1:colcon.colcon_core.package_identification:_identify(src/ecat_ros2_workshop/docs) by extension 'ignore'
[0.252s] Level 1:colcon.colcon_core.package_identification:_identify(src/ecat_ros2_workshop/docs) by extension 'ignore_ament_install'
[0.252s] Level 1:colcon.colcon_core.package_identification:_identify(src/ecat_ros2_workshop/docs) by extensions ['colcon_pkg']
[0.252s] Level 1:colcon.colcon_core.package_identification:_identify(src/ecat_ros2_workshop/docs) by extension 'colcon_pkg'
[0.252s] Level 1:colcon.colcon_core.package_identification:_identify(src/ecat_ros2_workshop/docs) by extensions ['colcon_meta']
[0.252s] Level 1:colcon.colcon_core.package_identification:_identify(src/ecat_ros2_workshop/docs) by extension 'colcon_meta'
[0.252s] Level 1:colcon.colcon_core.package_identification:_identify(src/ecat_ros2_workshop/docs) by extensions ['ros']
[0.252s] Level 1:colcon.colcon_core.package_identification:_identify(src/ecat_ros2_workshop/docs) by extension 'ros'
[0.253s] Level 1:colcon.colcon_core.package_identification:_identify(src/ecat_ros2_workshop/docs) by extensions ['cmake', 'python']
[0.253s] Level 1:colcon.colcon_core.package_identification:_identify(src/ecat_ros2_workshop/docs) by extension 'cmake'
[0.253s] Level 1:colcon.colcon_core.package_identification:_identify(src/ecat_ros2_workshop/docs) by extension 'python'
[0.253s] Level 1:colcon.colcon_core.package_identification:_identify(src/ecat_ros2_workshop/docs) by extensions ['python_setup_py']
[0.253s] Level 1:colcon.colcon_core.package_identification:_identify(src/ecat_ros2_workshop/docs) by extension 'python_setup_py'
[0.253s] Level 1:colcon.colcon_core.package_identification:_identify(src/ecat_ros2_workshop/docs/about) by extensions ['ignore', 'ignore_ament_install']
[0.253s] Level 1:colcon.colcon_core.package_identification:_identify(src/ecat_ros2_workshop/docs/about) by extension 'ignore'
[0.253s] Level 1:colcon.colcon_core.package_identification:_identify(src/ecat_ros2_workshop/docs/about) by extension 'ignore_ament_install'
[0.253s] Level 1:colcon.colcon_core.package_identification:_identify(src/ecat_ros2_workshop/docs/about) by extensions ['colcon_pkg']
[0.253s] Level 1:colcon.colcon_core.package_identification:_identify(src/ecat_ros2_workshop/docs/about) by extension 'colcon_pkg'
[0.253s] Level 1:colcon.colcon_core.package_identification:_identify(src/ecat_ros2_workshop/docs/about) by extensions ['colcon_meta']
[0.253s] Level 1:colcon.colcon_core.package_identification:_identify(src/ecat_ros2_workshop/docs/about) by extension 'colcon_meta'
[0.253s] Level 1:colcon.colcon_core.package_identification:_identify(src/ecat_ros2_workshop/docs/about) by extensions ['ros']
[0.253s] Level 1:colcon.colcon_core.package_identification:_identify(src/ecat_ros2_workshop/docs/about) by extension 'ros'
[0.253s] Level 1:colcon.colcon_core.package_identification:_identify(src/ecat_ros2_workshop/docs/about) by extensions ['cmake', 'python']
[0.253s] Level 1:colcon.colcon_core.package_identification:_identify(src/ecat_ros2_workshop/docs/about) by extension 'cmake'
[0.253s] Level 1:colcon.colcon_core.package_identification:_identify(src/ecat_ros2_workshop/docs/about) by extension 'python'
[0.253s] Level 1:colcon.colcon_core.package_identification:_identify(src/ecat_ros2_workshop/docs/about) by extensions ['python_setup_py']
[0.253s] Level 1:colcon.colcon_core.package_identification:_identify(src/ecat_ros2_workshop/docs/about) by extension 'python_setup_py'
[0.254s] Level 1:colcon.colcon_core.package_identification:_identify(src/ecat_ros2_workshop/docs/getting-started) by extensions ['ignore', 'ignore_ament_install']
[0.254s] Level 1:colcon.colcon_core.package_identification:_identify(src/ecat_ros2_workshop/docs/getting-started) by extension 'ignore'
[0.254s] Level 1:colcon.colcon_core.package_identification:_identify(src/ecat_ros2_workshop/docs/getting-started) by extension 'ignore_ament_install'
[0.254s] Level 1:colcon.colcon_core.package_identification:_identify(src/ecat_ros2_workshop/docs/getting-started) by extensions ['colcon_pkg']
[0.254s] Level 1:colcon.colcon_core.package_identification:_identify(src/ecat_ros2_workshop/docs/getting-started) by extension 'colcon_pkg'
[0.254s] Level 1:colcon.colcon_core.package_identification:_identify(src/ecat_ros2_workshop/docs/getting-started) by extensions ['colcon_meta']
[0.254s] Level 1:colcon.colcon_core.package_identification:_identify(src/ecat_ros2_workshop/docs/getting-started) by extension 'colcon_meta'
[0.254s] Level 1:colcon.colcon_core.package_identification:_identify(src/ecat_ros2_workshop/docs/getting-started) by extensions ['ros']
[0.254s] Level 1:colcon.colcon_core.package_identification:_identify(src/ecat_ros2_workshop/docs/getting-started) by extension 'ros'
[0.254s] Level 1:colcon.colcon_core.package_identification:_identify(src/ecat_ros2_workshop/docs/getting-started) by extensions ['cmake', 'python']
[0.254s] Level 1:colcon.colcon_core.package_identification:_identify(src/ecat_ros2_workshop/docs/getting-started) by extension 'cmake'
[0.254s] Level 1:colcon.colcon_core.package_identification:_identify(src/ecat_ros2_workshop/docs/getting-started) by extension 'python'
[0.254s] Level 1:colcon.colcon_core.package_identification:_identify(src/ecat_ros2_workshop/docs/getting-started) by extensions ['python_setup_py']
[0.254s] Level 1:colcon.colcon_core.package_identification:_identify(src/ecat_ros2_workshop/docs/getting-started) by extension 'python_setup_py'
[0.254s] Level 1:colcon.colcon_core.package_identification:_identify(src/ecat_ros2_workshop/docs/images) by extensions ['ignore', 'ignore_ament_install']
[0.254s] Level 1:colcon.colcon_core.package_identification:_identify(src/ecat_ros2_workshop/docs/images) by extension 'ignore'
[0.254s] Level 1:colcon.colcon_core.package_identification:_identify(src/ecat_ros2_workshop/docs/images) by extension 'ignore_ament_install'
[0.254s] Level 1:colcon.colcon_core.package_identification:_identify(src/ecat_ros2_workshop/docs/images) by extensions ['colcon_pkg']
[0.254s] Level 1:colcon.colcon_core.package_identification:_identify(src/ecat_ros2_workshop/docs/images) by extension 'colcon_pkg'
[0.254s] Level 1:colcon.colcon_core.package_identification:_identify(src/ecat_ros2_workshop/docs/images) by extensions ['colcon_meta']
[0.255s] Level 1:colcon.colcon_core.package_identification:_identify(src/ecat_ros2_workshop/docs/images) by extension 'colcon_meta'
[0.255s] Level 1:colcon.colcon_core.package_identification:_identify(src/ecat_ros2_workshop/docs/images) by extensions ['ros']
[0.255s] Level 1:colcon.colcon_core.package_identification:_identify(src/ecat_ros2_workshop/docs/images) by extension 'ros'
[0.255s] Level 1:colcon.colcon_core.package_identification:_identify(src/ecat_ros2_workshop/docs/images) by extensions ['cmake', 'python']
[0.255s] Level 1:colcon.colcon_core.package_identification:_identify(src/ecat_ros2_workshop/docs/images) by extension 'cmake'
[0.255s] Level 1:colcon.colcon_core.package_identification:_identify(src/ecat_ros2_workshop/docs/images) by extension 'python'
[0.255s] Level 1:colcon.colcon_core.package_identification:_identify(src/ecat_ros2_workshop/docs/images) by extensions ['python_setup_py']
[0.255s] Level 1:colcon.colcon_core.package_identification:_identify(src/ecat_ros2_workshop/docs/images) by extension 'python_setup_py'
[0.255s] Level 1:colcon.colcon_core.package_identification:_identify(src/ecat_ros2_workshop/docs/tutorials) by extensions ['ignore', 'ignore_ament_install']
[0.255s] Level 1:colcon.colcon_core.package_identification:_identify(src/ecat_ros2_workshop/docs/tutorials) by extension 'ignore'
[0.255s] Level 1:colcon.colcon_core.package_identification:_identify(src/ecat_ros2_workshop/docs/tutorials) by extension 'ignore_ament_install'
[0.255s] Level 1:colcon.colcon_core.package_identification:_identify(src/ecat_ros2_workshop/docs/tutorials) by extensions ['colcon_pkg']
[0.255s] Level 1:colcon.colcon_core.package_identification:_identify(src/ecat_ros2_workshop/docs/tutorials) by extension 'colcon_pkg'
[0.255s] Level 1:colcon.colcon_core.package_identification:_identify(src/ecat_ros2_workshop/docs/tutorials) by extensions ['colcon_meta']
[0.255s] Level 1:colcon.colcon_core.package_identification:_identify(src/ecat_ros2_workshop/docs/tutorials) by extension 'colcon_meta'
[0.255s] Level 1:colcon.colcon_core.package_identification:_identify(src/ecat_ros2_workshop/docs/tutorials) by extensions ['ros']
[0.255s] Level 1:colcon.colcon_core.package_identification:_identify(src/ecat_ros2_workshop/docs/tutorials) by extension 'ros'
[0.255s] Level 1:colcon.colcon_core.package_identification:_identify(src/ecat_ros2_workshop/docs/tutorials) by extensions ['cmake', 'python']
[0.255s] Level 1:colcon.colcon_core.package_identification:_identify(src/ecat_ros2_workshop/docs/tutorials) by extension 'cmake'
[0.255s] Level 1:colcon.colcon_core.package_identification:_identify(src/ecat_ros2_workshop/docs/tutorials) by extension 'python'
[0.256s] Level 1:colcon.colcon_core.package_identification:_identify(src/ecat_ros2_workshop/docs/tutorials) by extensions ['python_setup_py']
[0.256s] Level 1:colcon.colcon_core.package_identification:_identify(src/ecat_ros2_workshop/docs/tutorials) by extension 'python_setup_py'
[0.256s] Level 1:colcon.colcon_core.package_identification:_identify(src/ecat_ros2_workshop/resources) by extensions ['ignore', 'ignore_ament_install']
[0.256s] Level 1:colcon.colcon_core.package_identification:_identify(src/ecat_ros2_workshop/resources) by extension 'ignore'
[0.256s] Level 1:colcon.colcon_core.package_identification:_identify(src/ecat_ros2_workshop/resources) by extension 'ignore_ament_install'
[0.256s] Level 1:colcon.colcon_core.package_identification:_identify(src/ecat_ros2_workshop/resources) by extensions ['colcon_pkg']
[0.256s] Level 1:colcon.colcon_core.package_identification:_identify(src/ecat_ros2_workshop/resources) by extension 'colcon_pkg'
[0.256s] Level 1:colcon.colcon_core.package_identification:_identify(src/ecat_ros2_workshop/resources) by extensions ['colcon_meta']
[0.256s] Level 1:colcon.colcon_core.package_identification:_identify(src/ecat_ros2_workshop/resources) by extension 'colcon_meta'
[0.256s] Level 1:colcon.colcon_core.package_identification:_identify(src/ecat_ros2_workshop/resources) by extensions ['ros']
[0.256s] Level 1:colcon.colcon_core.package_identification:_identify(src/ecat_ros2_workshop/resources) by extension 'ros'
[0.256s] Level 1:colcon.colcon_core.package_identification:_identify(src/ecat_ros2_workshop/resources) by extensions ['cmake', 'python']
[0.256s] Level 1:colcon.colcon_core.package_identification:_identify(src/ecat_ros2_workshop/resources) by extension 'cmake'
[0.256s] Level 1:colcon.colcon_core.package_identification:_identify(src/ecat_ros2_workshop/resources) by extension 'python'
[0.256s] Level 1:colcon.colcon_core.package_identification:_identify(src/ecat_ros2_workshop/resources) by extensions ['python_setup_py']
[0.256s] Level 1:colcon.colcon_core.package_identification:_identify(src/ecat_ros2_workshop/resources) by extension 'python_setup_py'
[0.256s] Level 1:colcon.colcon_core.package_identification:_identify(src/ecat_ros2_workshop/scara_bringup) by extensions ['ignore', 'ignore_ament_install']
[0.256s] Level 1:colcon.colcon_core.package_identification:_identify(src/ecat_ros2_workshop/scara_bringup) by extension 'ignore'
[0.256s] Level 1:colcon.colcon_core.package_identification:_identify(src/ecat_ros2_workshop/scara_bringup) by extension 'ignore_ament_install'
[0.257s] Level 1:colcon.colcon_core.package_identification:_identify(src/ecat_ros2_workshop/scara_bringup) by extensions ['colcon_pkg']
[0.257s] Level 1:colcon.colcon_core.package_identification:_identify(src/ecat_ros2_workshop/scara_bringup) by extension 'colcon_pkg'
[0.257s] Level 1:colcon.colcon_core.package_identification:_identify(src/ecat_ros2_workshop/scara_bringup) by extensions ['colcon_meta']
[0.257s] Level 1:colcon.colcon_core.package_identification:_identify(src/ecat_ros2_workshop/scara_bringup) by extension 'colcon_meta'
[0.257s] Level 1:colcon.colcon_core.package_identification:_identify(src/ecat_ros2_workshop/scara_bringup) by extensions ['ros']
[0.257s] Level 1:colcon.colcon_core.package_identification:_identify(src/ecat_ros2_workshop/scara_bringup) by extension 'ros'
[0.260s] DEBUG:colcon.colcon_core.package_identification:Package 'src/ecat_ros2_workshop/scara_bringup' with type 'ros.ament_cmake' and name 'scara_bringup'
[0.260s] Level 1:colcon.colcon_core.package_identification:_identify(src/ecat_ros2_workshop/scara_controllers) by extensions ['ignore', 'ignore_ament_install']
[0.260s] Level 1:colcon.colcon_core.package_identification:_identify(src/ecat_ros2_workshop/scara_controllers) by extension 'ignore'
[0.260s] Level 1:colcon.colcon_core.package_identification:_identify(src/ecat_ros2_workshop/scara_controllers) by extension 'ignore_ament_install'
[0.260s] Level 1:colcon.colcon_core.package_identification:_identify(src/ecat_ros2_workshop/scara_controllers) by extensions ['colcon_pkg']
[0.261s] Level 1:colcon.colcon_core.package_identification:_identify(src/ecat_ros2_workshop/scara_controllers) by extension 'colcon_pkg'
[0.261s] Level 1:colcon.colcon_core.package_identification:_identify(src/ecat_ros2_workshop/scara_controllers) by extensions ['colcon_meta']
[0.261s] Level 1:colcon.colcon_core.package_identification:_identify(src/ecat_ros2_workshop/scara_controllers) by extension 'colcon_meta'
[0.261s] Level 1:colcon.colcon_core.package_identification:_identify(src/ecat_ros2_workshop/scara_controllers) by extensions ['ros']
[0.261s] Level 1:colcon.colcon_core.package_identification:_identify(src/ecat_ros2_workshop/scara_controllers) by extension 'ros'
[0.261s] Level 1:colcon.colcon_core.package_identification:_identify(src/ecat_ros2_workshop/scara_controllers) by extensions ['cmake', 'python']
[0.261s] Level 1:colcon.colcon_core.package_identification:_identify(src/ecat_ros2_workshop/scara_controllers) by extension 'cmake'
[0.261s] Level 1:colcon.colcon_core.package_identification:_identify(src/ecat_ros2_workshop/scara_controllers) by extension 'python'
[0.261s] Level 1:colcon.colcon_core.package_identification:_identify(src/ecat_ros2_workshop/scara_controllers) by extensions ['python_setup_py']
[0.261s] Level 1:colcon.colcon_core.package_identification:_identify(src/ecat_ros2_workshop/scara_controllers) by extension 'python_setup_py'
[0.261s] Level 1:colcon.colcon_core.package_identification:_identify(src/ecat_ros2_workshop/scara_controllers/scara_joint_velocity_controller) by extensions ['ignore', 'ignore_ament_install']
[0.261s] Level 1:colcon.colcon_core.package_identification:_identify(src/ecat_ros2_workshop/scara_controllers/scara_joint_velocity_controller) by extension 'ignore'
[0.261s] Level 1:colcon.colcon_core.package_identification:_identify(src/ecat_ros2_workshop/scara_controllers/scara_joint_velocity_controller) by extension 'ignore_ament_install'
[0.261s] Level 1:colcon.colcon_core.package_identification:_identify(src/ecat_ros2_workshop/scara_controllers/scara_joint_velocity_controller) by extensions ['colcon_pkg']
[0.261s] Level 1:colcon.colcon_core.package_identification:_identify(src/ecat_ros2_workshop/scara_controllers/scara_joint_velocity_controller) by extension 'colcon_pkg'
[0.261s] Level 1:colcon.colcon_core.package_identification:_identify(src/ecat_ros2_workshop/scara_controllers/scara_joint_velocity_controller) by extensions ['colcon_meta']
[0.261s] Level 1:colcon.colcon_core.package_identification:_identify(src/ecat_ros2_workshop/scara_controllers/scara_joint_velocity_controller) by extension 'colcon_meta'
[0.261s] Level 1:colcon.colcon_core.package_identification:_identify(src/ecat_ros2_workshop/scara_controllers/scara_joint_velocity_controller) by extensions ['ros']
[0.261s] Level 1:colcon.colcon_core.package_identification:_identify(src/ecat_ros2_workshop/scara_controllers/scara_joint_velocity_controller) by extension 'ros'
[0.262s] DEBUG:colcon.colcon_core.package_identification:Package 'src/ecat_ros2_workshop/scara_controllers/scara_joint_velocity_controller' with type 'ros.ament_cmake' and name 'scara_joint_velocity_controller'
[0.262s] Level 1:colcon.colcon_core.package_identification:_identify(src/ecat_ros2_workshop/scara_description) by extensions ['ignore', 'ignore_ament_install']
[0.263s] Level 1:colcon.colcon_core.package_identification:_identify(src/ecat_ros2_workshop/scara_description) by extension 'ignore'
[0.263s] Level 1:colcon.colcon_core.package_identification:_identify(src/ecat_ros2_workshop/scara_description) by extension 'ignore_ament_install'
[0.263s] Level 1:colcon.colcon_core.package_identification:_identify(src/ecat_ros2_workshop/scara_description) by extensions ['colcon_pkg']
[0.263s] Level 1:colcon.colcon_core.package_identification:_identify(src/ecat_ros2_workshop/scara_description) by extension 'colcon_pkg'
[0.263s] Level 1:colcon.colcon_core.package_identification:_identify(src/ecat_ros2_workshop/scara_description) by extensions ['colcon_meta']
[0.263s] Level 1:colcon.colcon_core.package_identification:_identify(src/ecat_ros2_workshop/scara_description) by extension 'colcon_meta'
[0.263s] Level 1:colcon.colcon_core.package_identification:_identify(src/ecat_ros2_workshop/scara_description) by extensions ['ros']
[0.263s] Level 1:colcon.colcon_core.package_identification:_identify(src/ecat_ros2_workshop/scara_description) by extension 'ros'
[0.263s] DEBUG:colcon.colcon_core.package_identification:Package 'src/ecat_ros2_workshop/scara_description' with type 'ros.ament_cmake' and name 'scara_description'
[0.263s] Level 1:colcon.colcon_core.package_identification:_identify(src/ecat_ros2_workshop/scara_hardware) by extensions ['ignore', 'ignore_ament_install']
[0.264s] Level 1:colcon.colcon_core.package_identification:_identify(src/ecat_ros2_workshop/scara_hardware) by extension 'ignore'
[0.264s] Level 1:colcon.colcon_core.package_identification:_identify(src/ecat_ros2_workshop/scara_hardware) by extension 'ignore_ament_install'
[0.264s] Level 1:colcon.colcon_core.package_identification:_identify(src/ecat_ros2_workshop/scara_hardware) by extensions ['colcon_pkg']
[0.264s] Level 1:colcon.colcon_core.package_identification:_identify(src/ecat_ros2_workshop/scara_hardware) by extension 'colcon_pkg'
[0.264s] Level 1:colcon.colcon_core.package_identification:_identify(src/ecat_ros2_workshop/scara_hardware) by extensions ['colcon_meta']
[0.264s] Level 1:colcon.colcon_core.package_identification:_identify(src/ecat_ros2_workshop/scara_hardware) by extension 'colcon_meta'
[0.264s] Level 1:colcon.colcon_core.package_identification:_identify(src/ecat_ros2_workshop/scara_hardware) by extensions ['ros']
[0.264s] Level 1:colcon.colcon_core.package_identification:_identify(src/ecat_ros2_workshop/scara_hardware) by extension 'ros'
[0.265s] DEBUG:colcon.colcon_core.package_identification:Package 'src/ecat_ros2_workshop/scara_hardware' with type 'ros.ament_cmake' and name 'scara_hardware'
[0.265s] Level 1:colcon.colcon_core.package_identification:_identify(src/ecat_ros2_workshop/scara_nodes) by extensions ['ignore', 'ignore_ament_install']
[0.265s] Level 1:colcon.colcon_core.package_identification:_identify(src/ecat_ros2_workshop/scara_nodes) by extension 'ignore'
[0.265s] Level 1:colcon.colcon_core.package_identification:_identify(src/ecat_ros2_workshop/scara_nodes) by extension 'ignore_ament_install'
[0.265s] Level 1:colcon.colcon_core.package_identification:_identify(src/ecat_ros2_workshop/scara_nodes) by extensions ['colcon_pkg']
[0.265s] Level 1:colcon.colcon_core.package_identification:_identify(src/ecat_ros2_workshop/scara_nodes) by extension 'colcon_pkg'
[0.265s] Level 1:colcon.colcon_core.package_identification:_identify(src/ecat_ros2_workshop/scara_nodes) by extensions ['colcon_meta']
[0.265s] Level 1:colcon.colcon_core.package_identification:_identify(src/ecat_ros2_workshop/scara_nodes) by extension 'colcon_meta'
[0.265s] Level 1:colcon.colcon_core.package_identification:_identify(src/ecat_ros2_workshop/scara_nodes) by extensions ['ros']
[0.265s] Level 1:colcon.colcon_core.package_identification:_identify(src/ecat_ros2_workshop/scara_nodes) by extension 'ros'
[0.266s] DEBUG:colcon.colcon_core.package_identification:Package 'src/ecat_ros2_workshop/scara_nodes' with type 'ros.ament_cmake' and name 'scara_nodes'
[0.266s] Level 1:colcon.colcon_core.package_identification:_identify(src/scara_velocity_supervision_msgs) by extensions ['ignore', 'ignore_ament_install']
[0.266s] Level 1:colcon.colcon_core.package_identification:_identify(src/scara_velocity_supervision_msgs) by extension 'ignore'
[0.266s] Level 1:colcon.colcon_core.package_identification:_identify(src/scara_velocity_supervision_msgs) by extension 'ignore_ament_install'
[0.266s] Level 1:colcon.colcon_core.package_identification:_identify(src/scara_velocity_supervision_msgs) by extensions ['colcon_pkg']
[0.266s] Level 1:colcon.colcon_core.package_identification:_identify(src/scara_velocity_supervision_msgs) by extension 'colcon_pkg'
[0.266s] Level 1:colcon.colcon_core.package_identification:_identify(src/scara_velocity_supervision_msgs) by extensions ['colcon_meta']
[0.266s] Level 1:colcon.colcon_core.package_identification:_identify(src/scara_velocity_supervision_msgs) by extension 'colcon_meta'
[0.266s] Level 1:colcon.colcon_core.package_identification:_identify(src/scara_velocity_supervision_msgs) by extensions ['ros']
[0.267s] Level 1:colcon.colcon_core.package_identification:_identify(src/scara_velocity_supervision_msgs) by extension 'ros'
[0.267s] DEBUG:colcon.colcon_core.package_identification:Package 'src/scara_velocity_supervision_msgs' with type 'ros.ament_cmake' and name 'scara_velocity_supervision_msgs'
[0.267s] Level 1:colcon.colcon_core.package_discovery:discover_packages(recursive) using defaults
[0.267s] Level 1:colcon.colcon_core.package_discovery:discover_packages(ignore) discover
[0.267s] Level 1:colcon.colcon_core.package_discovery:discover_packages(ignore) using defaults
[0.267s] Level 1:colcon.colcon_core.package_discovery:discover_packages(path) discover
[0.267s] Level 1:colcon.colcon_core.package_discovery:discover_packages(path) using defaults
[0.291s] Level 1:colcon.colcon_core.package_discovery:discover_packages(prefix_path) check parameters
[0.291s] Level 1:colcon.colcon_core.package_discovery:discover_packages(prefix_path) discover
[0.294s] DEBUG:colcon.colcon_installed_package_information.package_discovery:Found 5 installed packages in /home/grp4_muem/info_indus/ros2_ws/install
[0.296s] DEBUG:colcon.colcon_installed_package_information.package_discovery:Found 370 installed packages in /opt/ros/jazzy
[0.299s] Level 1:colcon.colcon_core.package_discovery:discover_packages(prefix_path) using defaults
[0.370s] Level 5:colcon.colcon_core.verb:set package 'scara_bringup' build argument 'cmake_args' from command line to '['-DCMAKE_BUILD_TYPE=Release']'
[0.370s] Level 5:colcon.colcon_core.verb:set package 'scara_bringup' build argument 'cmake_target' from command line to 'None'
[0.370s] Level 5:colcon.colcon_core.verb:set package 'scara_bringup' build argument 'cmake_target_skip_unavailable' from command line to 'False'
[0.370s] Level 5:colcon.colcon_core.verb:set package 'scara_bringup' build argument 'cmake_clean_cache' from command line to 'False'
[0.370s] Level 5:colcon.colcon_core.verb:set package 'scara_bringup' build argument 'cmake_clean_first' from command line to 'False'
[0.370s] Level 5:colcon.colcon_core.verb:set package 'scara_bringup' build argument 'cmake_force_configure' from command line to 'False'
[0.370s] Level 5:colcon.colcon_core.verb:set package 'scara_bringup' build argument 'ament_cmake_args' from command line to 'None'
[0.370s] Level 5:colcon.colcon_core.verb:set package 'scara_bringup' build argument 'catkin_cmake_args' from command line to 'None'
[0.370s] Level 5:colcon.colcon_core.verb:set package 'scara_bringup' build argument 'catkin_skip_building_tests' from command line to 'False'
[0.370s] DEBUG:colcon.colcon_core.verb:Building package 'scara_bringup' with the following arguments: {'ament_cmake_args': None, 'build_base': '/home/grp4_muem/info_indus/ros2_ws/build/scara_bringup', 'catkin_cmake_args': None, 'catkin_skip_building_tests': False, 'cmake_args': ['-DCMAKE_BUILD_TYPE=Release'], 'cmake_clean_cache': False, 'cmake_clean_first': False, 'cmake_force_configure': False, 'cmake_target': None, 'cmake_target_skip_unavailable': False, 'install_base': '/home/grp4_muem/info_indus/ros2_ws/install/scara_bringup', 'merge_install': False, 'path': '/home/grp4_muem/info_indus/ros2_ws/src/ecat_ros2_workshop/scara_bringup', 'symlink_install': True, 'test_result_base': None}
[0.371s] Level 5:colcon.colcon_core.verb:set package 'scara_description' build argument 'cmake_args' from command line to '['-DCMAKE_BUILD_TYPE=Release']'
[0.371s] Level 5:colcon.colcon_core.verb:set package 'scara_description' build argument 'cmake_target' from command line to 'None'
[0.371s] Level 5:colcon.colcon_core.verb:set package 'scara_description' build argument 'cmake_target_skip_unavailable' from command line to 'False'
[0.371s] Level 5:colcon.colcon_core.verb:set package 'scara_description' build argument 'cmake_clean_cache' from command line to 'False'
[0.371s] Level 5:colcon.colcon_core.verb:set package 'scara_description' build argument 'cmake_clean_first' from command line to 'False'
[0.371s] Level 5:colcon.colcon_core.verb:set package 'scara_description' build argument 'cmake_force_configure' from command line to 'False'
[0.371s] Level 5:colcon.colcon_core.verb:set package 'scara_description' build argument 'ament_cmake_args' from command line to 'None'
[0.371s] Level 5:colcon.colcon_core.verb:set package 'scara_description' build argument 'catkin_cmake_args' from command line to 'None'
[0.371s] Level 5:colcon.colcon_core.verb:set package 'scara_description' build argument 'catkin_skip_building_tests' from command line to 'False'
[0.371s] DEBUG:colcon.colcon_core.verb:Building package 'scara_description' with the following arguments: {'ament_cmake_args': None, 'build_base': '/home/grp4_muem/info_indus/ros2_ws/build/scara_description', 'catkin_cmake_args': None, 'catkin_skip_building_tests': False, 'cmake_args': ['-DCMAKE_BUILD_TYPE=Release'], 'cmake_clean_cache': False, 'cmake_clean_first': False, 'cmake_force_configure': False, 'cmake_target': None, 'cmake_target_skip_unavailable': False, 'install_base': '/home/grp4_muem/info_indus/ros2_ws/install/scara_description', 'merge_install': False, 'path': '/home/grp4_muem/info_indus/ros2_ws/src/ecat_ros2_workshop/scara_description', 'symlink_install': True, 'test_result_base': None}
[0.371s] Level 5:colcon.colcon_core.verb:set package 'scara_joint_velocity_controller' build argument 'cmake_args' from command line to '['-DCMAKE_BUILD_TYPE=Release']'
[0.371s] Level 5:colcon.colcon_core.verb:set package 'scara_joint_velocity_controller' build argument 'cmake_target' from command line to 'None'
[0.371s] Level 5:colcon.colcon_core.verb:set package 'scara_joint_velocity_controller' build argument 'cmake_target_skip_unavailable' from command line to 'False'
[0.371s] Level 5:colcon.colcon_core.verb:set package 'scara_joint_velocity_controller' build argument 'cmake_clean_cache' from command line to 'False'
[0.371s] Level 5:colcon.colcon_core.verb:set package 'scara_joint_velocity_controller' build argument 'cmake_clean_first' from command line to 'False'
[0.371s] Level 5:colcon.colcon_core.verb:set package 'scara_joint_velocity_controller' build argument 'cmake_force_configure' from command line to 'False'
[0.371s] Level 5:colcon.colcon_core.verb:set package 'scara_joint_velocity_controller' build argument 'ament_cmake_args' from command line to 'None'
[0.371s] Level 5:colcon.colcon_core.verb:set package 'scara_joint_velocity_controller' build argument 'catkin_cmake_args' from command line to 'None'
[0.371s] Level 5:colcon.colcon_core.verb:set package 'scara_joint_velocity_controller' build argument 'catkin_skip_building_tests' from command line to 'False'
[0.371s] DEBUG:colcon.colcon_core.verb:Building package 'scara_joint_velocity_controller' with the following arguments: {'ament_cmake_args': None, 'build_base': '/home/grp4_muem/info_indus/ros2_ws/build/scara_joint_velocity_controller', 'catkin_cmake_args': None, 'catkin_skip_building_tests': False, 'cmake_args': ['-DCMAKE_BUILD_TYPE=Release'], 'cmake_clean_cache': False, 'cmake_clean_first': False, 'cmake_force_configure': False, 'cmake_target': None, 'cmake_target_skip_unavailable': False, 'install_base': '/home/grp4_muem/info_indus/ros2_ws/install/scara_joint_velocity_controller', 'merge_install': False, 'path': '/home/grp4_muem/info_indus/ros2_ws/src/ecat_ros2_workshop/scara_controllers/scara_joint_velocity_controller', 'symlink_install': True, 'test_result_base': None}
[0.372s] Level 5:colcon.colcon_core.verb:set package 'scara_nodes' build argument 'cmake_args' from command line to '['-DCMAKE_BUILD_TYPE=Release']'
[0.372s] Level 5:colcon.colcon_core.verb:set package 'scara_nodes' build argument 'cmake_target' from command line to 'None'
[0.372s] Level 5:colcon.colcon_core.verb:set package 'scara_nodes' build argument 'cmake_target_skip_unavailable' from command line to 'False'
[0.372s] Level 5:colcon.colcon_core.verb:set package 'scara_nodes' build argument 'cmake_clean_cache' from command line to 'False'
[0.372s] Level 5:colcon.colcon_core.verb:set package 'scara_nodes' build argument 'cmake_clean_first' from command line to 'False'
[0.372s] Level 5:colcon.colcon_core.verb:set package 'scara_nodes' build argument 'cmake_force_configure' from command line to 'False'
[0.372s] Level 5:colcon.colcon_core.verb:set package 'scara_nodes' build argument 'ament_cmake_args' from command line to 'None'
[0.372s] Level 5:colcon.colcon_core.verb:set package 'scara_nodes' build argument 'catkin_cmake_args' from command line to 'None'
[0.372s] Level 5:colcon.colcon_core.verb:set package 'scara_nodes' build argument 'catkin_skip_building_tests' from command line to 'False'
[0.372s] DEBUG:colcon.colcon_core.verb:Building package 'scara_nodes' with the following arguments: {'ament_cmake_args': None, 'build_base': '/home/grp4_muem/info_indus/ros2_ws/build/scara_nodes', 'catkin_cmake_args': None, 'catkin_skip_building_tests': False, 'cmake_args': ['-DCMAKE_BUILD_TYPE=Release'], 'cmake_clean_cache': False, 'cmake_clean_first': False, 'cmake_force_configure': False, 'cmake_target': None, 'cmake_target_skip_unavailable': False, 'install_base': '/home/grp4_muem/info_indus/ros2_ws/install/scara_nodes', 'merge_install': False, 'path': '/home/grp4_muem/info_indus/ros2_ws/src/ecat_ros2_workshop/scara_nodes', 'symlink_install': True, 'test_result_base': None}
[0.372s] Level 5:colcon.colcon_core.verb:set package 'scara_velocity_supervision_msgs' build argument 'cmake_args' from command line to '['-DCMAKE_BUILD_TYPE=Release']'
[0.372s] Level 5:colcon.colcon_core.verb:set package 'scara_velocity_supervision_msgs' build argument 'cmake_target' from command line to 'None'
[0.372s] Level 5:colcon.colcon_core.verb:set package 'scara_velocity_supervision_msgs' build argument 'cmake_target_skip_unavailable' from command line to 'False'
[0.372s] Level 5:colcon.colcon_core.verb:set package 'scara_velocity_supervision_msgs' build argument 'cmake_clean_cache' from command line to 'False'
[0.372s] Level 5:colcon.colcon_core.verb:set package 'scara_velocity_supervision_msgs' build argument 'cmake_clean_first' from command line to 'False'
[0.372s] Level 5:colcon.colcon_core.verb:set package 'scara_velocity_supervision_msgs' build argument 'cmake_force_configure' from command line to 'False'
[0.372s] Level 5:colcon.colcon_core.verb:set package 'scara_velocity_supervision_msgs' build argument 'ament_cmake_args' from command line to 'None'
[0.372s] Level 5:colcon.colcon_core.verb:set package 'scara_velocity_supervision_msgs' build argument 'catkin_cmake_args' from command line to 'None'
[0.372s] Level 5:colcon.colcon_core.verb:set package 'scara_velocity_supervision_msgs' build argument 'catkin_skip_building_tests' from command line to 'False'
[0.373s] DEBUG:colcon.colcon_core.verb:Building package 'scara_velocity_supervision_msgs' with the following arguments: {'ament_cmake_args': None, 'build_base': '/home/grp4_muem/info_indus/ros2_ws/build/scara_velocity_supervision_msgs', 'catkin_cmake_args': None, 'catkin_skip_building_tests': False, 'cmake_args': ['-DCMAKE_BUILD_TYPE=Release'], 'cmake_clean_cache': False, 'cmake_clean_first': False, 'cmake_force_configure': False, 'cmake_target': None, 'cmake_target_skip_unavailable': False, 'install_base': '/home/grp4_muem/info_indus/ros2_ws/install/scara_velocity_supervision_msgs', 'merge_install': False, 'path': '/home/grp4_muem/info_indus/ros2_ws/src/scara_velocity_supervision_msgs', 'symlink_install': True, 'test_result_base': None}
[0.373s] Level 5:colcon.colcon_core.verb:set package 'scara_hardware' build argument 'cmake_args' from command line to '['-DCMAKE_BUILD_TYPE=Release']'
[0.373s] Level 5:colcon.colcon_core.verb:set package 'scara_hardware' build argument 'cmake_target' from command line to 'None'
[0.373s] Level 5:colcon.colcon_core.verb:set package 'scara_hardware' build argument 'cmake_target_skip_unavailable' from command line to 'False'
[0.373s] Level 5:colcon.colcon_core.verb:set package 'scara_hardware' build argument 'cmake_clean_cache' from command line to 'False'
[0.373s] Level 5:colcon.colcon_core.verb:set package 'scara_hardware' build argument 'cmake_clean_first' from command line to 'False'
[0.373s] Level 5:colcon.colcon_core.verb:set package 'scara_hardware' build argument 'cmake_force_configure' from command line to 'False'
[0.373s] Level 5:colcon.colcon_core.verb:set package 'scara_hardware' build argument 'ament_cmake_args' from command line to 'None'
[0.373s] Level 5:colcon.colcon_core.verb:set package 'scara_hardware' build argument 'catkin_cmake_args' from command line to 'None'
[0.373s] Level 5:colcon.colcon_core.verb:set package 'scara_hardware' build argument 'catkin_skip_building_tests' from command line to 'False'
[0.373s] DEBUG:colcon.colcon_core.verb:Building package 'scara_hardware' with the following arguments: {'ament_cmake_args': None, 'build_base': '/home/grp4_muem/info_indus/ros2_ws/build/scara_hardware', 'catkin_cmake_args': None, 'catkin_skip_building_tests': False, 'cmake_args': ['-DCMAKE_BUILD_TYPE=Release'], 'cmake_clean_cache': False, 'cmake_clean_first': False, 'cmake_force_configure': False, 'cmake_target': None, 'cmake_target_skip_unavailable': False, 'install_base': '/home/grp4_muem/info_indus/ros2_ws/install/scara_hardware', 'merge_install': False, 'path': '/home/grp4_muem/info_indus/ros2_ws/src/ecat_ros2_workshop/scara_hardware', 'symlink_install': True, 'test_result_base': None}
[0.373s] INFO:colcon.colcon_core.executor:Executing jobs using 'parallel' executor
[0.374s] DEBUG:colcon.colcon_parallel_executor.executor.parallel:run_until_complete
[0.375s] INFO:colcon.colcon_ros.task.ament_cmake.build:Building ROS package in '/home/grp4_muem/info_indus/ros2_ws/src/ecat_ros2_workshop/scara_description' with build type 'ament_cmake'
[0.375s] INFO:colcon.colcon_cmake.task.cmake.build:Building CMake package in '/home/grp4_muem/info_indus/ros2_ws/src/ecat_ros2_workshop/scara_description'
[0.382s] INFO:colcon.colcon_core.plugin_system:Skipping extension 'colcon_core.shell.bat': Not used on non-Windows systems
[0.382s] INFO:colcon.colcon_core.shell:Skip shell extension 'powershell' for command environment: Not usable outside of PowerShell
[0.382s] DEBUG:colcon.colcon_core.shell:Skip shell extension 'dsv' for command environment
[0.390s] INFO:colcon.colcon_ros.task.ament_cmake.build:Building ROS package in '/home/grp4_muem/info_indus/ros2_ws/src/ecat_ros2_workshop/scara_bringup' with build type 'ament_cmake'
[0.391s] INFO:colcon.colcon_cmake.task.cmake.build:Building CMake package in '/home/grp4_muem/info_indus/ros2_ws/src/ecat_ros2_workshop/scara_bringup'
[0.393s] INFO:colcon.colcon_core.shell:Skip shell extension 'powershell' for command environment: Not usable outside of PowerShell
[0.394s] DEBUG:colcon.colcon_core.shell:Skip shell extension 'dsv' for command environment
[0.404s] INFO:colcon.colcon_ros.task.ament_cmake.build:Building ROS package in '/home/grp4_muem/info_indus/ros2_ws/src/ecat_ros2_workshop/scara_controllers/scara_joint_velocity_controller' with build type 'ament_cmake'
[0.405s] INFO:colcon.colcon_cmake.task.cmake.build:Building CMake package in '/home/grp4_muem/info_indus/ros2_ws/src/ecat_ros2_workshop/scara_controllers/scara_joint_velocity_controller'
[0.405s] INFO:colcon.colcon_core.shell:Skip shell extension 'powershell' for command environment: Not usable outside of PowerShell
[0.405s] DEBUG:colcon.colcon_core.shell:Skip shell extension 'dsv' for command environment
[0.415s] INFO:colcon.colcon_ros.task.ament_cmake.build:Building ROS package in '/home/grp4_muem/info_indus/ros2_ws/src/ecat_ros2_workshop/scara_nodes' with build type 'ament_cmake'
[0.415s] INFO:colcon.colcon_cmake.task.cmake.build:Building CMake package in '/home/grp4_muem/info_indus/ros2_ws/src/ecat_ros2_workshop/scara_nodes'
[0.416s] INFO:colcon.colcon_core.shell:Skip shell extension 'powershell' for command environment: Not usable outside of PowerShell
[0.416s] DEBUG:colcon.colcon_core.shell:Skip shell extension 'dsv' for command environment
[0.442s] DEBUG:colcon.colcon_core.event_handler.log_command:Invoking command in '/home/grp4_muem/info_indus/ros2_ws/build/scara_description': CMAKE_PREFIX_PATH=${CMAKE_PREFIX_PATH}:/opt/ros/jazzy DEBUGINFOD_URLS=https://debuginfod.ubuntu.com /usr/bin/cmake --build /home/grp4_muem/info_indus/ros2_ws/build/scara_description -- -j4 -l4
[0.451s] DEBUG:colcon.colcon_core.event_handler.log_command:Invoking command in '/home/grp4_muem/info_indus/ros2_ws/build/scara_bringup': CMAKE_PREFIX_PATH=${CMAKE_PREFIX_PATH}:/opt/ros/jazzy DEBUGINFOD_URLS=https://debuginfod.ubuntu.com /usr/bin/cmake --build /home/grp4_muem/info_indus/ros2_ws/build/scara_bringup -- -j4 -l4
[0.459s] DEBUG:colcon.colcon_core.event_handler.log_command:Invoking command in '/home/grp4_muem/info_indus/ros2_ws/build/scara_joint_velocity_controller': CMAKE_PREFIX_PATH=${CMAKE_PREFIX_PATH}:/opt/ros/jazzy DEBUGINFOD_URLS=https://debuginfod.ubuntu.com /usr/bin/cmake --build /home/grp4_muem/info_indus/ros2_ws/build/scara_joint_velocity_controller -- -j4 -l4
[0.507s] DEBUG:colcon.colcon_core.event_handler.log_command:Invoking command in '/home/grp4_muem/info_indus/ros2_ws/build/scara_nodes': CMAKE_PREFIX_PATH=${CMAKE_PREFIX_PATH}:/opt/ros/jazzy DEBUGINFOD_URLS=https://debuginfod.ubuntu.com /usr/bin/cmake --build /home/grp4_muem/info_indus/ros2_ws/build/scara_nodes -- -j4 -l4
[0.622s] DEBUG:colcon.colcon_core.event_handler.log_command:Invoked command in '/home/grp4_muem/info_indus/ros2_ws/build/scara_description' returned '0': CMAKE_PREFIX_PATH=${CMAKE_PREFIX_PATH}:/opt/ros/jazzy DEBUGINFOD_URLS=https://debuginfod.ubuntu.com /usr/bin/cmake --build /home/grp4_muem/info_indus/ros2_ws/build/scara_description -- -j4 -l4
[0.644s] DEBUG:colcon.colcon_core.event_handler.log_command:Invoking command in '/home/grp4_muem/info_indus/ros2_ws/build/scara_description': CMAKE_PREFIX_PATH=${CMAKE_PREFIX_PATH}:/opt/ros/jazzy DEBUGINFOD_URLS=https://debuginfod.ubuntu.com /usr/bin/cmake --install /home/grp4_muem/info_indus/ros2_ws/build/scara_description
[0.648s] DEBUG:colcon.colcon_core.event_handler.log_command:Invoked command in '/home/grp4_muem/info_indus/ros2_ws/build/scara_bringup' returned '0': CMAKE_PREFIX_PATH=${CMAKE_PREFIX_PATH}:/opt/ros/jazzy DEBUGINFOD_URLS=https://debuginfod.ubuntu.com /usr/bin/cmake --build /home/grp4_muem/info_indus/ros2_ws/build/scara_bringup -- -j4 -l4
[0.649s] DEBUG:colcon.colcon_core.event_handler.log_command:Invoking command in '/home/grp4_muem/info_indus/ros2_ws/build/scara_bringup': CMAKE_PREFIX_PATH=${CMAKE_PREFIX_PATH}:/opt/ros/jazzy DEBUGINFOD_URLS=https://debuginfod.ubuntu.com /usr/bin/cmake --install /home/grp4_muem/info_indus/ros2_ws/build/scara_bringup
[0.649s] DEBUG:colcon.colcon_core.event_handler.log_command:Invoked command in '/home/grp4_muem/info_indus/ros2_ws/build/scara_nodes' returned '0': CMAKE_PREFIX_PATH=${CMAKE_PREFIX_PATH}:/opt/ros/jazzy DEBUGINFOD_URLS=https://debuginfod.ubuntu.com /usr/bin/cmake --build /home/grp4_muem/info_indus/ros2_ws/build/scara_nodes -- -j4 -l4
[0.654s] DEBUG:colcon.colcon_core.event_handler.log_command:Invoking command in '/home/grp4_muem/info_indus/ros2_ws/build/scara_nodes': CMAKE_PREFIX_PATH=${CMAKE_PREFIX_PATH}:/opt/ros/jazzy DEBUGINFOD_URLS=https://debuginfod.ubuntu.com /usr/bin/cmake --install /home/grp4_muem/info_indus/ros2_ws/build/scara_nodes
[0.717s] Level 1:colcon.colcon_core.environment:create_environment_scripts_only(scara_nodes)
[0.718s] DEBUG:colcon.colcon_core.event_handler.log_command:Invoked command in '/home/grp4_muem/info_indus/ros2_ws/build/scara_nodes' returned '0': CMAKE_PREFIX_PATH=${CMAKE_PREFIX_PATH}:/opt/ros/jazzy DEBUGINFOD_URLS=https://debuginfod.ubuntu.com /usr/bin/cmake --install /home/grp4_muem/info_indus/ros2_ws/build/scara_nodes
[0.721s] Level 1:colcon.colcon_core.environment:checking '/home/grp4_muem/info_indus/ros2_ws/install/scara_nodes' for CMake module files
[0.722s] Level 1:colcon.colcon_core.environment:checking '/home/grp4_muem/info_indus/ros2_ws/install/scara_nodes' for CMake config files
[0.722s] Level 1:colcon.colcon_core.shell:create_environment_hook('scara_nodes', 'cmake_prefix_path')
[0.722s] INFO:colcon.colcon_core.shell:Creating environment hook '/home/grp4_muem/info_indus/ros2_ws/install/scara_nodes/share/scara_nodes/hook/cmake_prefix_path.ps1'
[0.724s] INFO:colcon.colcon_core.shell:Creating environment descriptor '/home/grp4_muem/info_indus/ros2_ws/install/scara_nodes/share/scara_nodes/hook/cmake_prefix_path.dsv'
[0.724s] INFO:colcon.colcon_core.shell:Creating environment hook '/home/grp4_muem/info_indus/ros2_ws/install/scara_nodes/share/scara_nodes/hook/cmake_prefix_path.sh'
[0.726s] Level 1:colcon.colcon_core.environment:checking '/home/grp4_muem/info_indus/ros2_ws/install/scara_nodes/lib'
[0.726s] Level 1:colcon.colcon_core.environment:checking '/home/grp4_muem/info_indus/ros2_ws/install/scara_nodes/bin'
[0.726s] Level 1:colcon.colcon_core.environment:checking '/home/grp4_muem/info_indus/ros2_ws/install/scara_nodes/lib/pkgconfig/scara_nodes.pc'
[0.726s] Level 1:colcon.colcon_core.environment:checking '/home/grp4_muem/info_indus/ros2_ws/install/scara_nodes/lib/python3.12/site-packages'
[0.727s] Level 1:colcon.colcon_core.environment:checking '/home/grp4_muem/info_indus/ros2_ws/install/scara_nodes/bin'
[0.727s] INFO:colcon.colcon_core.shell:Creating package script '/home/grp4_muem/info_indus/ros2_ws/install/scara_nodes/share/scara_nodes/package.ps1'
[0.728s] INFO:colcon.colcon_core.shell:Creating package descriptor '/home/grp4_muem/info_indus/ros2_ws/install/scara_nodes/share/scara_nodes/package.dsv'
[0.729s] INFO:colcon.colcon_core.shell:Creating package script '/home/grp4_muem/info_indus/ros2_ws/install/scara_nodes/share/scara_nodes/package.sh'
[0.730s] INFO:colcon.colcon_core.shell:Creating package script '/home/grp4_muem/info_indus/ros2_ws/install/scara_nodes/share/scara_nodes/package.bash'
[0.730s] INFO:colcon.colcon_core.shell:Creating package script '/home/grp4_muem/info_indus/ros2_ws/install/scara_nodes/share/scara_nodes/package.zsh'
[0.731s] Level 1:colcon.colcon_core.environment:create_file_with_runtime_dependencies(/home/grp4_muem/info_indus/ros2_ws/install/scara_nodes/share/colcon-core/packages/scara_nodes)
[0.732s] Level 1:colcon.colcon_core.environment:create_environment_scripts_only(scara_nodes)
[0.732s] Level 1:colcon.colcon_core.environment:checking '/home/grp4_muem/info_indus/ros2_ws/install/scara_nodes' for CMake module files
[0.733s] Level 1:colcon.colcon_core.environment:checking '/home/grp4_muem/info_indus/ros2_ws/install/scara_nodes' for CMake config files
[0.733s] Level 1:colcon.colcon_core.shell:create_environment_hook('scara_nodes', 'cmake_prefix_path')
[0.733s] INFO:colcon.colcon_core.shell:Creating environment hook '/home/grp4_muem/info_indus/ros2_ws/install/scara_nodes/share/scara_nodes/hook/cmake_prefix_path.ps1'
[0.734s] INFO:colcon.colcon_core.shell:Creating environment descriptor '/home/grp4_muem/info_indus/ros2_ws/install/scara_nodes/share/scara_nodes/hook/cmake_prefix_path.dsv'
[0.734s] INFO:colcon.colcon_core.shell:Creating environment hook '/home/grp4_muem/info_indus/ros2_ws/install/scara_nodes/share/scara_nodes/hook/cmake_prefix_path.sh'
[0.735s] Level 1:colcon.colcon_core.environment:checking '/home/grp4_muem/info_indus/ros2_ws/install/scara_nodes/lib'
[0.735s] Level 1:colcon.colcon_core.environment:checking '/home/grp4_muem/info_indus/ros2_ws/install/scara_nodes/bin'
[0.735s] Level 1:colcon.colcon_core.environment:checking '/home/grp4_muem/info_indus/ros2_ws/install/scara_nodes/lib/pkgconfig/scara_nodes.pc'
[0.735s] Level 1:colcon.colcon_core.environment:checking '/home/grp4_muem/info_indus/ros2_ws/install/scara_nodes/lib/python3.12/site-packages'
[0.736s] Level 1:colcon.colcon_core.environment:checking '/home/grp4_muem/info_indus/ros2_ws/install/scara_nodes/bin'
[0.736s] INFO:colcon.colcon_core.shell:Creating package script '/home/grp4_muem/info_indus/ros2_ws/install/scara_nodes/share/scara_nodes/package.ps1'
[0.737s] INFO:colcon.colcon_core.shell:Creating package descriptor '/home/grp4_muem/info_indus/ros2_ws/install/scara_nodes/share/scara_nodes/package.dsv'
[0.737s] INFO:colcon.colcon_core.shell:Creating package script '/home/grp4_muem/info_indus/ros2_ws/install/scara_nodes/share/scara_nodes/package.sh'
[0.738s] INFO:colcon.colcon_core.shell:Creating package script '/home/grp4_muem/info_indus/ros2_ws/install/scara_nodes/share/scara_nodes/package.bash'
[0.738s] INFO:colcon.colcon_core.shell:Creating package script '/home/grp4_muem/info_indus/ros2_ws/install/scara_nodes/share/scara_nodes/package.zsh'
[0.739s] Level 1:colcon.colcon_core.environment:create_file_with_runtime_dependencies(/home/grp4_muem/info_indus/ros2_ws/install/scara_nodes/share/colcon-core/packages/scara_nodes)
[0.739s] Level 1:colcon.colcon_core.environment:create_environment_scripts_only(scara_bringup)
[0.739s] Level 1:colcon.colcon_core.environment:checking '/home/grp4_muem/info_indus/ros2_ws/install/scara_bringup' for CMake module files
[0.740s] Level 1:colcon.colcon_core.environment:checking '/home/grp4_muem/info_indus/ros2_ws/install/scara_bringup' for CMake config files
[0.741s] DEBUG:colcon.colcon_core.event_handler.log_command:Invoked command in '/home/grp4_muem/info_indus/ros2_ws/build/scara_bringup' returned '0': CMAKE_PREFIX_PATH=${CMAKE_PREFIX_PATH}:/opt/ros/jazzy DEBUGINFOD_URLS=https://debuginfod.ubuntu.com /usr/bin/cmake --install /home/grp4_muem/info_indus/ros2_ws/build/scara_bringup
[0.742s] Level 1:colcon.colcon_core.shell:create_environment_hook('scara_bringup', 'cmake_prefix_path')
[0.743s] INFO:colcon.colcon_core.shell:Creating environment hook '/home/grp4_muem/info_indus/ros2_ws/install/scara_bringup/share/scara_bringup/hook/cmake_prefix_path.ps1'
[0.746s] INFO:colcon.colcon_core.shell:Creating environment descriptor '/home/grp4_muem/info_indus/ros2_ws/install/scara_bringup/share/scara_bringup/hook/cmake_prefix_path.dsv'
[0.748s] INFO:colcon.colcon_core.shell:Creating environment hook '/home/grp4_muem/info_indus/ros2_ws/install/scara_bringup/share/scara_bringup/hook/cmake_prefix_path.sh'
[0.749s] Level 1:colcon.colcon_core.environment:checking '/home/grp4_muem/info_indus/ros2_ws/install/scara_bringup/bin'
[0.749s] Level 1:colcon.colcon_core.environment:checking '/home/grp4_muem/info_indus/ros2_ws/install/scara_bringup/lib/pkgconfig/scara_bringup.pc'
[0.749s] Level 1:colcon.colcon_core.environment:checking '/home/grp4_muem/info_indus/ros2_ws/install/scara_bringup/lib/python3.12/site-packages'
[0.750s] Level 1:colcon.colcon_core.environment:checking '/home/grp4_muem/info_indus/ros2_ws/install/scara_bringup/bin'
[0.752s] INFO:colcon.colcon_core.shell:Creating package script '/home/grp4_muem/info_indus/ros2_ws/install/scara_bringup/share/scara_bringup/package.ps1'
[0.753s] INFO:colcon.colcon_core.shell:Creating package descriptor '/home/grp4_muem/info_indus/ros2_ws/install/scara_bringup/share/scara_bringup/package.dsv'
[0.754s] INFO:colcon.colcon_core.shell:Creating package script '/home/grp4_muem/info_indus/ros2_ws/install/scara_bringup/share/scara_bringup/package.sh'
[0.755s] INFO:colcon.colcon_core.shell:Creating package script '/home/grp4_muem/info_indus/ros2_ws/install/scara_bringup/share/scara_bringup/package.bash'
[0.756s] INFO:colcon.colcon_core.shell:Creating package script '/home/grp4_muem/info_indus/ros2_ws/install/scara_bringup/share/scara_bringup/package.zsh'
[0.757s] Level 1:colcon.colcon_core.environment:create_file_with_runtime_dependencies(/home/grp4_muem/info_indus/ros2_ws/install/scara_bringup/share/colcon-core/packages/scara_bringup)
[0.757s] Level 1:colcon.colcon_core.environment:create_environment_scripts_only(scara_bringup)
[0.758s] Level 1:colcon.colcon_core.environment:checking '/home/grp4_muem/info_indus/ros2_ws/install/scara_bringup' for CMake module files
[0.758s] Level 1:colcon.colcon_core.environment:checking '/home/grp4_muem/info_indus/ros2_ws/install/scara_bringup' for CMake config files
[0.759s] Level 1:colcon.colcon_core.shell:create_environment_hook('scara_bringup', 'cmake_prefix_path')
[0.759s] INFO:colcon.colcon_core.shell:Creating environment hook '/home/grp4_muem/info_indus/ros2_ws/install/scara_bringup/share/scara_bringup/hook/cmake_prefix_path.ps1'
[0.760s] INFO:colcon.colcon_core.shell:Creating environment descriptor '/home/grp4_muem/info_indus/ros2_ws/install/scara_bringup/share/scara_bringup/hook/cmake_prefix_path.dsv'
[0.760s] INFO:colcon.colcon_core.shell:Creating environment hook '/home/grp4_muem/info_indus/ros2_ws/install/scara_bringup/share/scara_bringup/hook/cmake_prefix_path.sh'
[0.761s] Level 1:colcon.colcon_core.environment:checking '/home/grp4_muem/info_indus/ros2_ws/install/scara_bringup/bin'
[0.761s] Level 1:colcon.colcon_core.environment:checking '/home/grp4_muem/info_indus/ros2_ws/install/scara_bringup/lib/pkgconfig/scara_bringup.pc'
[0.761s] Level 1:colcon.colcon_core.environment:checking '/home/grp4_muem/info_indus/ros2_ws/install/scara_bringup/lib/python3.12/site-packages'
[0.762s] Level 1:colcon.colcon_core.environment:checking '/home/grp4_muem/info_indus/ros2_ws/install/scara_bringup/bin'
[0.762s] INFO:colcon.colcon_core.shell:Creating package script '/home/grp4_muem/info_indus/ros2_ws/install/scara_bringup/share/scara_bringup/package.ps1'
[0.763s] INFO:colcon.colcon_core.shell:Creating package descriptor '/home/grp4_muem/info_indus/ros2_ws/install/scara_bringup/share/scara_bringup/package.dsv'
[0.763s] INFO:colcon.colcon_core.shell:Creating package script '/home/grp4_muem/info_indus/ros2_ws/install/scara_bringup/share/scara_bringup/package.sh'
[0.764s] INFO:colcon.colcon_core.shell:Creating package script '/home/grp4_muem/info_indus/ros2_ws/install/scara_bringup/share/scara_bringup/package.bash'
[0.764s] INFO:colcon.colcon_core.shell:Creating package script '/home/grp4_muem/info_indus/ros2_ws/install/scara_bringup/share/scara_bringup/package.zsh'
[0.764s] Level 1:colcon.colcon_core.environment:create_file_with_runtime_dependencies(/home/grp4_muem/info_indus/ros2_ws/install/scara_bringup/share/colcon-core/packages/scara_bringup)
[0.765s] INFO:colcon.colcon_ros.task.ament_cmake.build:Building ROS package in '/home/grp4_muem/info_indus/ros2_ws/src/scara_velocity_supervision_msgs' with build type 'ament_cmake'
[0.766s] INFO:colcon.colcon_cmake.task.cmake.build:Building CMake package in '/home/grp4_muem/info_indus/ros2_ws/src/scara_velocity_supervision_msgs'
[0.766s] INFO:colcon.colcon_core.shell:Skip shell extension 'powershell' for command environment: Not usable outside of PowerShell
[0.766s] DEBUG:colcon.colcon_core.shell:Skip shell extension 'dsv' for command environment
[0.771s] DEBUG:colcon.colcon_core.event_handler.log_command:Invoked command in '/home/grp4_muem/info_indus/ros2_ws/build/scara_joint_velocity_controller' returned '0': CMAKE_PREFIX_PATH=${CMAKE_PREFIX_PATH}:/opt/ros/jazzy DEBUGINFOD_URLS=https://debuginfod.ubuntu.com /usr/bin/cmake --build /home/grp4_muem/info_indus/ros2_ws/build/scara_joint_velocity_controller -- -j4 -l4
[0.775s] DEBUG:colcon.colcon_core.event_handler.log_command:Invoking command in '/home/grp4_muem/info_indus/ros2_ws/build/scara_joint_velocity_controller': CMAKE_PREFIX_PATH=${CMAKE_PREFIX_PATH}:/opt/ros/jazzy DEBUGINFOD_URLS=https://debuginfod.ubuntu.com /usr/bin/cmake --install /home/grp4_muem/info_indus/ros2_ws/build/scara_joint_velocity_controller
[0.782s] Level 1:colcon.colcon_core.environment:create_environment_scripts_only(scara_description)
[0.782s] Level 1:colcon.colcon_core.environment:checking '/home/grp4_muem/info_indus/ros2_ws/install/scara_description' for CMake module files
[0.783s] DEBUG:colcon.colcon_core.event_handler.log_command:Invoked command in '/home/grp4_muem/info_indus/ros2_ws/build/scara_description' returned '0': CMAKE_PREFIX_PATH=${CMAKE_PREFIX_PATH}:/opt/ros/jazzy DEBUGINFOD_URLS=https://debuginfod.ubuntu.com /usr/bin/cmake --install /home/grp4_muem/info_indus/ros2_ws/build/scara_description
[0.784s] Level 1:colcon.colcon_core.environment:checking '/home/grp4_muem/info_indus/ros2_ws/install/scara_description' for CMake config files
[0.786s] Level 1:colcon.colcon_core.shell:create_environment_hook('scara_description', 'cmake_prefix_path')
[0.787s] INFO:colcon.colcon_core.shell:Creating environment hook '/home/grp4_muem/info_indus/ros2_ws/install/scara_description/share/scara_description/hook/cmake_prefix_path.ps1'
[0.789s] INFO:colcon.colcon_core.shell:Creating environment descriptor '/home/grp4_muem/info_indus/ros2_ws/install/scara_description/share/scara_description/hook/cmake_prefix_path.dsv'
[0.790s] INFO:colcon.colcon_core.shell:Creating environment hook '/home/grp4_muem/info_indus/ros2_ws/install/scara_description/share/scara_description/hook/cmake_prefix_path.sh'
[0.791s] Level 1:colcon.colcon_core.environment:checking '/home/grp4_muem/info_indus/ros2_ws/install/scara_description/bin'
[0.792s] Level 1:colcon.colcon_core.environment:checking '/home/grp4_muem/info_indus/ros2_ws/install/scara_description/lib/pkgconfig/scara_description.pc'
[0.792s] Level 1:colcon.colcon_core.environment:checking '/home/grp4_muem/info_indus/ros2_ws/install/scara_description/lib/python3.12/site-packages'
[0.793s] Level 1:colcon.colcon_core.environment:checking '/home/grp4_muem/info_indus/ros2_ws/install/scara_description/bin'
[0.795s] INFO:colcon.colcon_core.shell:Creating package script '/home/grp4_muem/info_indus/ros2_ws/install/scara_description/share/scara_description/package.ps1'
[0.800s] INFO:colcon.colcon_core.shell:Creating package descriptor '/home/grp4_muem/info_indus/ros2_ws/install/scara_description/share/scara_description/package.dsv'
[0.801s] INFO:colcon.colcon_core.shell:Creating package script '/home/grp4_muem/info_indus/ros2_ws/install/scara_description/share/scara_description/package.sh'
[0.802s] INFO:colcon.colcon_core.shell:Creating package script '/home/grp4_muem/info_indus/ros2_ws/install/scara_description/share/scara_description/package.bash'
[0.803s] INFO:colcon.colcon_core.shell:Creating package script '/home/grp4_muem/info_indus/ros2_ws/install/scara_description/share/scara_description/package.zsh'
[0.804s] Level 1:colcon.colcon_core.environment:create_file_with_runtime_dependencies(/home/grp4_muem/info_indus/ros2_ws/install/scara_description/share/colcon-core/packages/scara_description)
[0.808s] Level 1:colcon.colcon_core.environment:create_environment_scripts_only(scara_description)
[0.808s] Level 1:colcon.colcon_core.environment:checking '/home/grp4_muem/info_indus/ros2_ws/install/scara_description' for CMake module files
[0.809s] Level 1:colcon.colcon_core.environment:checking '/home/grp4_muem/info_indus/ros2_ws/install/scara_description' for CMake config files
[0.810s] Level 1:colcon.colcon_core.shell:create_environment_hook('scara_description', 'cmake_prefix_path')
[0.810s] INFO:colcon.colcon_core.shell:Creating environment hook '/home/grp4_muem/info_indus/ros2_ws/install/scara_description/share/scara_description/hook/cmake_prefix_path.ps1'
[0.811s] INFO:colcon.colcon_core.shell:Creating environment descriptor '/home/grp4_muem/info_indus/ros2_ws/install/scara_description/share/scara_description/hook/cmake_prefix_path.dsv'
[0.812s] INFO:colcon.colcon_core.shell:Creating environment hook '/home/grp4_muem/info_indus/ros2_ws/install/scara_description/share/scara_description/hook/cmake_prefix_path.sh'
[0.813s] Level 1:colcon.colcon_core.environment:checking '/home/grp4_muem/info_indus/ros2_ws/install/scara_description/bin'
[0.813s] Level 1:colcon.colcon_core.environment:checking '/home/grp4_muem/info_indus/ros2_ws/install/scara_description/lib/pkgconfig/scara_description.pc'
[0.813s] Level 1:colcon.colcon_core.environment:checking '/home/grp4_muem/info_indus/ros2_ws/install/scara_description/lib/python3.12/site-packages'
[0.814s] Level 1:colcon.colcon_core.environment:checking '/home/grp4_muem/info_indus/ros2_ws/install/scara_description/bin'
[0.814s] INFO:colcon.colcon_core.shell:Creating package script '/home/grp4_muem/info_indus/ros2_ws/install/scara_description/share/scara_description/package.ps1'
[0.816s] INFO:colcon.colcon_core.shell:Creating package descriptor '/home/grp4_muem/info_indus/ros2_ws/install/scara_description/share/scara_description/package.dsv'
[0.817s] INFO:colcon.colcon_core.shell:Creating package script '/home/grp4_muem/info_indus/ros2_ws/install/scara_description/share/scara_description/package.sh'
[0.818s] INFO:colcon.colcon_core.shell:Creating package script '/home/grp4_muem/info_indus/ros2_ws/install/scara_description/share/scara_description/package.bash'
[0.819s] INFO:colcon.colcon_core.shell:Creating package script '/home/grp4_muem/info_indus/ros2_ws/install/scara_description/share/scara_description/package.zsh'
[0.819s] Level 1:colcon.colcon_core.environment:create_file_with_runtime_dependencies(/home/grp4_muem/info_indus/ros2_ws/install/scara_description/share/colcon-core/packages/scara_description)
[0.820s] INFO:colcon.colcon_ros.task.ament_cmake.build:Building ROS package in '/home/grp4_muem/info_indus/ros2_ws/src/ecat_ros2_workshop/scara_hardware' with build type 'ament_cmake'
[0.820s] INFO:colcon.colcon_cmake.task.cmake.build:Building CMake package in '/home/grp4_muem/info_indus/ros2_ws/src/ecat_ros2_workshop/scara_hardware'
[0.820s] INFO:colcon.colcon_core.shell:Skip shell extension 'powershell' for command environment: Not usable outside of PowerShell
[0.820s] DEBUG:colcon.colcon_core.shell:Skip shell extension 'dsv' for command environment
[0.836s] DEBUG:colcon.colcon_core.event_handler.log_command:Invoking command in '/home/grp4_muem/info_indus/ros2_ws/build/scara_velocity_supervision_msgs': CMAKE_PREFIX_PATH=${CMAKE_PREFIX_PATH}:/opt/ros/jazzy DEBUGINFOD_URLS=https://debuginfod.ubuntu.com /usr/bin/cmake /home/grp4_muem/info_indus/ros2_ws/src/scara_velocity_supervision_msgs -DCMAKE_BUILD_TYPE=Release -DAMENT_CMAKE_SYMLINK_INSTALL=1 -DCMAKE_INSTALL_PREFIX=/home/grp4_muem/info_indus/ros2_ws/install/scara_velocity_supervision_msgs
[0.851s] DEBUG:colcon.colcon_core.event_handler.log_command:Invoking command in '/home/grp4_muem/info_indus/ros2_ws/build/scara_hardware': CMAKE_PREFIX_PATH=/home/grp4_muem/info_indus/ros2_ws/install/scara_description:/home/grp4_muem/info_indus/ros2_ws/install/scara_nodes:/home/grp4_muem/info_indus/ros2_ws/install/scara_joint_velocity_controller:/home/grp4_muem/info_indus/ros2_ws/install/scara_hardware:/home/grp4_muem/info_indus/ros2_ws/install/scara_bringup:/opt/ros/jazzy/opt/gz_sim_vendor:/opt/ros/jazzy/opt/gz_sensors_vendor:/opt/ros/jazzy/opt/gz_physics_vendor:/opt/ros/jazzy/opt/sdformat_vendor:/opt/ros/jazzy/opt/gz_gui_vendor:/opt/ros/jazzy/opt/gz_transport_vendor:/opt/ros/jazzy/opt/gz_rendering_vendor:/opt/ros/jazzy/opt/gz_plugin_vendor:/opt/ros/jazzy/opt/gz_fuel_tools_vendor:/opt/ros/jazzy/opt/gz_msgs_vendor:/opt/ros/jazzy/opt/gz_common_vendor:/opt/ros/jazzy/opt/gz_math_vendor:/opt/ros/jazzy/opt/gz_utils_vendor:/opt/ros/jazzy/opt/gz_tools_vendor:/opt/ros/jazzy/opt/gz_ogre_next_vendor:/opt/ros/jazzy/opt/gz_dartsim_vendor:/opt/ros/jazzy/opt/gz_cmake_vendor:/opt/ros/jazzy DEBUGINFOD_URLS=https://debuginfod.ubuntu.com /usr/bin/cmake --build /home/grp4_muem/info_indus/ros2_ws/build/scara_hardware -- -j4 -l4
[0.855s] Level 1:colcon.colcon_core.environment:create_environment_scripts_only(scara_joint_velocity_controller)
[0.856s] Level 1:colcon.colcon_core.environment:checking '/home/grp4_muem/info_indus/ros2_ws/install/scara_joint_velocity_controller' for CMake module files
[0.857s] DEBUG:colcon.colcon_core.event_handler.log_command:Invoked command in '/home/grp4_muem/info_indus/ros2_ws/build/scara_joint_velocity_controller' returned '0': CMAKE_PREFIX_PATH=${CMAKE_PREFIX_PATH}:/opt/ros/jazzy DEBUGINFOD_URLS=https://debuginfod.ubuntu.com /usr/bin/cmake --install /home/grp4_muem/info_indus/ros2_ws/build/scara_joint_velocity_controller
[0.857s] Level 1:colcon.colcon_core.environment:checking '/home/grp4_muem/info_indus/ros2_ws/install/scara_joint_velocity_controller' for CMake config files
[0.858s] Level 1:colcon.colcon_core.shell:create_environment_hook('scara_joint_velocity_controller', 'cmake_prefix_path')
[0.858s] INFO:colcon.colcon_core.shell:Creating environment hook '/home/grp4_muem/info_indus/ros2_ws/install/scara_joint_velocity_controller/share/scara_joint_velocity_controller/hook/cmake_prefix_path.ps1'
[0.859s] INFO:colcon.colcon_core.shell:Creating environment descriptor '/home/grp4_muem/info_indus/ros2_ws/install/scara_joint_velocity_controller/share/scara_joint_velocity_controller/hook/cmake_prefix_path.dsv'
[0.860s] INFO:colcon.colcon_core.shell:Creating environment hook '/home/grp4_muem/info_indus/ros2_ws/install/scara_joint_velocity_controller/share/scara_joint_velocity_controller/hook/cmake_prefix_path.sh'
[0.861s] Level 1:colcon.colcon_core.environment:checking '/home/grp4_muem/info_indus/ros2_ws/install/scara_joint_velocity_controller/lib'
[0.861s] Level 1:colcon.colcon_core.shell:create_environment_hook('scara_joint_velocity_controller', 'ld_library_path_lib')
[0.862s] INFO:colcon.colcon_core.shell:Creating environment hook '/home/grp4_muem/info_indus/ros2_ws/install/scara_joint_velocity_controller/share/scara_joint_velocity_controller/hook/ld_library_path_lib.ps1'
[0.862s] INFO:colcon.colcon_core.shell:Creating environment descriptor '/home/grp4_muem/info_indus/ros2_ws/install/scara_joint_velocity_controller/share/scara_joint_velocity_controller/hook/ld_library_path_lib.dsv'
[0.863s] INFO:colcon.colcon_core.shell:Creating environment hook '/home/grp4_muem/info_indus/ros2_ws/install/scara_joint_velocity_controller/share/scara_joint_velocity_controller/hook/ld_library_path_lib.sh'
[0.864s] Level 1:colcon.colcon_core.environment:checking '/home/grp4_muem/info_indus/ros2_ws/install/scara_joint_velocity_controller/bin'
[0.864s] Level 1:colcon.colcon_core.environment:checking '/home/grp4_muem/info_indus/ros2_ws/install/scara_joint_velocity_controller/lib/pkgconfig/scara_joint_velocity_controller.pc'
[0.864s] Level 1:colcon.colcon_core.environment:checking '/home/grp4_muem/info_indus/ros2_ws/install/scara_joint_velocity_controller/lib/python3.12/site-packages'
[0.865s] Level 1:colcon.colcon_core.environment:checking '/home/grp4_muem/info_indus/ros2_ws/install/scara_joint_velocity_controller/bin'
[0.865s] INFO:colcon.colcon_core.shell:Creating package script '/home/grp4_muem/info_indus/ros2_ws/install/scara_joint_velocity_controller/share/scara_joint_velocity_controller/package.ps1'
[0.866s] INFO:colcon.colcon_core.shell:Creating package descriptor '/home/grp4_muem/info_indus/ros2_ws/install/scara_joint_velocity_controller/share/scara_joint_velocity_controller/package.dsv'
[0.867s] INFO:colcon.colcon_core.shell:Creating package script '/home/grp4_muem/info_indus/ros2_ws/install/scara_joint_velocity_controller/share/scara_joint_velocity_controller/package.sh'
[0.867s] INFO:colcon.colcon_core.shell:Creating package script '/home/grp4_muem/info_indus/ros2_ws/install/scara_joint_velocity_controller/share/scara_joint_velocity_controller/package.bash'
[0.868s] INFO:colcon.colcon_core.shell:Creating package script '/home/grp4_muem/info_indus/ros2_ws/install/scara_joint_velocity_controller/share/scara_joint_velocity_controller/package.zsh'
[0.869s] Level 1:colcon.colcon_core.environment:create_file_with_runtime_dependencies(/home/grp4_muem/info_indus/ros2_ws/install/scara_joint_velocity_controller/share/colcon-core/packages/scara_joint_velocity_controller)
[0.870s] Level 1:colcon.colcon_core.environment:create_environment_scripts_only(scara_joint_velocity_controller)
[0.870s] Level 1:colcon.colcon_core.environment:checking '/home/grp4_muem/info_indus/ros2_ws/install/scara_joint_velocity_controller' for CMake module files
[0.871s] Level 1:colcon.colcon_core.environment:checking '/home/grp4_muem/info_indus/ros2_ws/install/scara_joint_velocity_controller' for CMake config files
[0.872s] Level 1:colcon.colcon_core.shell:create_environment_hook('scara_joint_velocity_controller', 'cmake_prefix_path')
[0.872s] INFO:colcon.colcon_core.shell:Creating environment hook '/home/grp4_muem/info_indus/ros2_ws/install/scara_joint_velocity_controller/share/scara_joint_velocity_controller/hook/cmake_prefix_path.ps1'
[0.873s] INFO:colcon.colcon_core.shell:Creating environment descriptor '/home/grp4_muem/info_indus/ros2_ws/install/scara_joint_velocity_controller/share/scara_joint_velocity_controller/hook/cmake_prefix_path.dsv'
[0.873s] INFO:colcon.colcon_core.shell:Creating environment hook '/home/grp4_muem/info_indus/ros2_ws/install/scara_joint_velocity_controller/share/scara_joint_velocity_controller/hook/cmake_prefix_path.sh'
[0.874s] Level 1:colcon.colcon_core.environment:checking '/home/grp4_muem/info_indus/ros2_ws/install/scara_joint_velocity_controller/lib'
[0.874s] Level 1:colcon.colcon_core.shell:create_environment_hook('scara_joint_velocity_controller', 'ld_library_path_lib')
[0.874s] INFO:colcon.colcon_core.shell:Creating environment hook '/home/grp4_muem/info_indus/ros2_ws/install/scara_joint_velocity_controller/share/scara_joint_velocity_controller/hook/ld_library_path_lib.ps1'
[0.875s] INFO:colcon.colcon_core.shell:Creating environment descriptor '/home/grp4_muem/info_indus/ros2_ws/install/scara_joint_velocity_controller/share/scara_joint_velocity_controller/hook/ld_library_path_lib.dsv'
[0.875s] INFO:colcon.colcon_core.shell:Creating environment hook '/home/grp4_muem/info_indus/ros2_ws/install/scara_joint_velocity_controller/share/scara_joint_velocity_controller/hook/ld_library_path_lib.sh'
[0.876s] Level 1:colcon.colcon_core.environment:checking '/home/grp4_muem/info_indus/ros2_ws/install/scara_joint_velocity_controller/bin'
[0.876s] Level 1:colcon.colcon_core.environment:checking '/home/grp4_muem/info_indus/ros2_ws/install/scara_joint_velocity_controller/lib/pkgconfig/scara_joint_velocity_controller.pc'
[0.876s] Level 1:colcon.colcon_core.environment:checking '/home/grp4_muem/info_indus/ros2_ws/install/scara_joint_velocity_controller/lib/python3.12/site-packages'
[0.877s] Level 1:colcon.colcon_core.environment:checking '/home/grp4_muem/info_indus/ros2_ws/install/scara_joint_velocity_controller/bin'
[0.877s] INFO:colcon.colcon_core.shell:Creating package script '/home/grp4_muem/info_indus/ros2_ws/install/scara_joint_velocity_controller/share/scara_joint_velocity_controller/package.ps1'
[0.878s] INFO:colcon.colcon_core.shell:Creating package descriptor '/home/grp4_muem/info_indus/ros2_ws/install/scara_joint_velocity_controller/share/scara_joint_velocity_controller/package.dsv'
[0.879s] INFO:colcon.colcon_core.shell:Creating package script '/home/grp4_muem/info_indus/ros2_ws/install/scara_joint_velocity_controller/share/scara_joint_velocity_controller/package.sh'
[0.880s] INFO:colcon.colcon_core.shell:Creating package script '/home/grp4_muem/info_indus/ros2_ws/install/scara_joint_velocity_controller/share/scara_joint_velocity_controller/package.bash'
[0.881s] INFO:colcon.colcon_core.shell:Creating package script '/home/grp4_muem/info_indus/ros2_ws/install/scara_joint_velocity_controller/share/scara_joint_velocity_controller/package.zsh'
[0.881s] Level 1:colcon.colcon_core.environment:create_file_with_runtime_dependencies(/home/grp4_muem/info_indus/ros2_ws/install/scara_joint_velocity_controller/share/colcon-core/packages/scara_joint_velocity_controller)
[1.033s] DEBUG:colcon.colcon_core.event_handler.log_command:Invoked command in '/home/grp4_muem/info_indus/ros2_ws/build/scara_hardware' returned '0': CMAKE_PREFIX_PATH=/home/grp4_muem/info_indus/ros2_ws/install/scara_description:/home/grp4_muem/info_indus/ros2_ws/install/scara_nodes:/home/grp4_muem/info_indus/ros2_ws/install/scara_joint_velocity_controller:/home/grp4_muem/info_indus/ros2_ws/install/scara_hardware:/home/grp4_muem/info_indus/ros2_ws/install/scara_bringup:/opt/ros/jazzy/opt/gz_sim_vendor:/opt/ros/jazzy/opt/gz_sensors_vendor:/opt/ros/jazzy/opt/gz_physics_vendor:/opt/ros/jazzy/opt/sdformat_vendor:/opt/ros/jazzy/opt/gz_gui_vendor:/opt/ros/jazzy/opt/gz_transport_vendor:/opt/ros/jazzy/opt/gz_rendering_vendor:/opt/ros/jazzy/opt/gz_plugin_vendor:/opt/ros/jazzy/opt/gz_fuel_tools_vendor:/opt/ros/jazzy/opt/gz_msgs_vendor:/opt/ros/jazzy/opt/gz_common_vendor:/opt/ros/jazzy/opt/gz_math_vendor:/opt/ros/jazzy/opt/gz_utils_vendor:/opt/ros/jazzy/opt/gz_tools_vendor:/opt/ros/jazzy/opt/gz_ogre_next_vendor:/opt/ros/jazzy/opt/gz_dartsim_vendor:/opt/ros/jazzy/opt/gz_cmake_vendor:/opt/ros/jazzy DEBUGINFOD_URLS=https://debuginfod.ubuntu.com /usr/bin/cmake --build /home/grp4_muem/info_indus/ros2_ws/build/scara_hardware -- -j4 -l4
[1.035s] DEBUG:colcon.colcon_core.event_handler.log_command:Invoking command in '/home/grp4_muem/info_indus/ros2_ws/build/scara_hardware': CMAKE_PREFIX_PATH=/home/grp4_muem/info_indus/ros2_ws/install/scara_description:/home/grp4_muem/info_indus/ros2_ws/install/scara_nodes:/home/grp4_muem/info_indus/ros2_ws/install/scara_joint_velocity_controller:/home/grp4_muem/info_indus/ros2_ws/install/scara_hardware:/home/grp4_muem/info_indus/ros2_ws/install/scara_bringup:/opt/ros/jazzy/opt/gz_sim_vendor:/opt/ros/jazzy/opt/gz_sensors_vendor:/opt/ros/jazzy/opt/gz_physics_vendor:/opt/ros/jazzy/opt/sdformat_vendor:/opt/ros/jazzy/opt/gz_gui_vendor:/opt/ros/jazzy/opt/gz_transport_vendor:/opt/ros/jazzy/opt/gz_rendering_vendor:/opt/ros/jazzy/opt/gz_plugin_vendor:/opt/ros/jazzy/opt/gz_fuel_tools_vendor:/opt/ros/jazzy/opt/gz_msgs_vendor:/opt/ros/jazzy/opt/gz_common_vendor:/opt/ros/jazzy/opt/gz_math_vendor:/opt/ros/jazzy/opt/gz_utils_vendor:/opt/ros/jazzy/opt/gz_tools_vendor:/opt/ros/jazzy/opt/gz_ogre_next_vendor:/opt/ros/jazzy/opt/gz_dartsim_vendor:/opt/ros/jazzy/opt/gz_cmake_vendor:/opt/ros/jazzy DEBUGINFOD_URLS=https://debuginfod.ubuntu.com /usr/bin/cmake --install /home/grp4_muem/info_indus/ros2_ws/build/scara_hardware
[1.098s] Level 1:colcon.colcon_core.environment:create_environment_scripts_only(scara_hardware)
[1.099s] Level 1:colcon.colcon_core.environment:checking '/home/grp4_muem/info_indus/ros2_ws/install/scara_hardware' for CMake module files
[1.100s] DEBUG:colcon.colcon_core.event_handler.log_command:Invoked command in '/home/grp4_muem/info_indus/ros2_ws/build/scara_hardware' returned '0': CMAKE_PREFIX_PATH=/home/grp4_muem/info_indus/ros2_ws/install/scara_description:/home/grp4_muem/info_indus/ros2_ws/install/scara_nodes:/home/grp4_muem/info_indus/ros2_ws/install/scara_joint_velocity_controller:/home/grp4_muem/info_indus/ros2_ws/install/scara_hardware:/home/grp4_muem/info_indus/ros2_ws/install/scara_bringup:/opt/ros/jazzy/opt/gz_sim_vendor:/opt/ros/jazzy/opt/gz_sensors_vendor:/opt/ros/jazzy/opt/gz_physics_vendor:/opt/ros/jazzy/opt/sdformat_vendor:/opt/ros/jazzy/opt/gz_gui_vendor:/opt/ros/jazzy/opt/gz_transport_vendor:/opt/ros/jazzy/opt/gz_rendering_vendor:/opt/ros/jazzy/opt/gz_plugin_vendor:/opt/ros/jazzy/opt/gz_fuel_tools_vendor:/opt/ros/jazzy/opt/gz_msgs_vendor:/opt/ros/jazzy/opt/gz_common_vendor:/opt/ros/jazzy/opt/gz_math_vendor:/opt/ros/jazzy/opt/gz_utils_vendor:/opt/ros/jazzy/opt/gz_tools_vendor:/opt/ros/jazzy/opt/gz_ogre_next_vendor:/opt/ros/jazzy/opt/gz_dartsim_vendor:/opt/ros/jazzy/opt/gz_cmake_vendor:/opt/ros/jazzy DEBUGINFOD_URLS=https://debuginfod.ubuntu.com /usr/bin/cmake --install /home/grp4_muem/info_indus/ros2_ws/build/scara_hardware
[1.101s] Level 1:colcon.colcon_core.environment:checking '/home/grp4_muem/info_indus/ros2_ws/install/scara_hardware' for CMake config files
[1.102s] Level 1:colcon.colcon_core.shell:create_environment_hook('scara_hardware', 'cmake_prefix_path')
[1.103s] INFO:colcon.colcon_core.shell:Creating environment hook '/home/grp4_muem/info_indus/ros2_ws/install/scara_hardware/share/scara_hardware/hook/cmake_prefix_path.ps1'
[1.103s] INFO:colcon.colcon_core.shell:Creating environment descriptor '/home/grp4_muem/info_indus/ros2_ws/install/scara_hardware/share/scara_hardware/hook/cmake_prefix_path.dsv'
[1.104s] INFO:colcon.colcon_core.shell:Creating environment hook '/home/grp4_muem/info_indus/ros2_ws/install/scara_hardware/share/scara_hardware/hook/cmake_prefix_path.sh'
[1.105s] Level 1:colcon.colcon_core.environment:checking '/home/grp4_muem/info_indus/ros2_ws/install/scara_hardware/lib'
[1.105s] Level 1:colcon.colcon_core.shell:create_environment_hook('scara_hardware', 'ld_library_path_lib')
[1.106s] INFO:colcon.colcon_core.shell:Creating environment hook '/home/grp4_muem/info_indus/ros2_ws/install/scara_hardware/share/scara_hardware/hook/ld_library_path_lib.ps1'
[1.106s] INFO:colcon.colcon_core.shell:Creating environment descriptor '/home/grp4_muem/info_indus/ros2_ws/install/scara_hardware/share/scara_hardware/hook/ld_library_path_lib.dsv'
[1.107s] INFO:colcon.colcon_core.shell:Creating environment hook '/home/grp4_muem/info_indus/ros2_ws/install/scara_hardware/share/scara_hardware/hook/ld_library_path_lib.sh'
[1.107s] Level 1:colcon.colcon_core.environment:checking '/home/grp4_muem/info_indus/ros2_ws/install/scara_hardware/bin'
[1.107s] Level 1:colcon.colcon_core.environment:checking '/home/grp4_muem/info_indus/ros2_ws/install/scara_hardware/lib/pkgconfig/scara_hardware.pc'
[1.108s] Level 1:colcon.colcon_core.environment:checking '/home/grp4_muem/info_indus/ros2_ws/install/scara_hardware/lib/python3.12/site-packages'
[1.108s] Level 1:colcon.colcon_core.environment:checking '/home/grp4_muem/info_indus/ros2_ws/install/scara_hardware/bin'
[1.109s] INFO:colcon.colcon_core.shell:Creating package script '/home/grp4_muem/info_indus/ros2_ws/install/scara_hardware/share/scara_hardware/package.ps1'
[1.109s] INFO:colcon.colcon_core.shell:Creating package descriptor '/home/grp4_muem/info_indus/ros2_ws/install/scara_hardware/share/scara_hardware/package.dsv'
[1.110s] INFO:colcon.colcon_core.shell:Creating package script '/home/grp4_muem/info_indus/ros2_ws/install/scara_hardware/share/scara_hardware/package.sh'
[1.110s] INFO:colcon.colcon_core.shell:Creating package script '/home/grp4_muem/info_indus/ros2_ws/install/scara_hardware/share/scara_hardware/package.bash'
[1.111s] INFO:colcon.colcon_core.shell:Creating package script '/home/grp4_muem/info_indus/ros2_ws/install/scara_hardware/share/scara_hardware/package.zsh'
[1.111s] Level 1:colcon.colcon_core.environment:create_file_with_runtime_dependencies(/home/grp4_muem/info_indus/ros2_ws/install/scara_hardware/share/colcon-core/packages/scara_hardware)
[1.112s] Level 1:colcon.colcon_core.environment:create_environment_scripts_only(scara_hardware)
[1.112s] Level 1:colcon.colcon_core.environment:checking '/home/grp4_muem/info_indus/ros2_ws/install/scara_hardware' for CMake module files
[1.114s] Level 1:colcon.colcon_core.environment:checking '/home/grp4_muem/info_indus/ros2_ws/install/scara_hardware' for CMake config files
[1.114s] Level 1:colcon.colcon_core.shell:create_environment_hook('scara_hardware', 'cmake_prefix_path')
[1.114s] INFO:colcon.colcon_core.shell:Creating environment hook '/home/grp4_muem/info_indus/ros2_ws/install/scara_hardware/share/scara_hardware/hook/cmake_prefix_path.ps1'
[1.115s] INFO:colcon.colcon_core.shell:Creating environment descriptor '/home/grp4_muem/info_indus/ros2_ws/install/scara_hardware/share/scara_hardware/hook/cmake_prefix_path.dsv'
[1.115s] INFO:colcon.colcon_core.shell:Creating environment hook '/home/grp4_muem/info_indus/ros2_ws/install/scara_hardware/share/scara_hardware/hook/cmake_prefix_path.sh'
[1.116s] Level 1:colcon.colcon_core.environment:checking '/home/grp4_muem/info_indus/ros2_ws/install/scara_hardware/lib'
[1.116s] Level 1:colcon.colcon_core.shell:create_environment_hook('scara_hardware', 'ld_library_path_lib')
[1.117s] INFO:colcon.colcon_core.shell:Creating environment hook '/home/grp4_muem/info_indus/ros2_ws/install/scara_hardware/share/scara_hardware/hook/ld_library_path_lib.ps1'
[1.117s] INFO:colcon.colcon_core.shell:Creating environment descriptor '/home/grp4_muem/info_indus/ros2_ws/install/scara_hardware/share/scara_hardware/hook/ld_library_path_lib.dsv'
[1.118s] INFO:colcon.colcon_core.shell:Creating environment hook '/home/grp4_muem/info_indus/ros2_ws/install/scara_hardware/share/scara_hardware/hook/ld_library_path_lib.sh'
[1.118s] Level 1:colcon.colcon_core.environment:checking '/home/grp4_muem/info_indus/ros2_ws/install/scara_hardware/bin'
[1.118s] Level 1:colcon.colcon_core.environment:checking '/home/grp4_muem/info_indus/ros2_ws/install/scara_hardware/lib/pkgconfig/scara_hardware.pc'
[1.118s] Level 1:colcon.colcon_core.environment:checking '/home/grp4_muem/info_indus/ros2_ws/install/scara_hardware/lib/python3.12/site-packages'
[1.119s] Level 1:colcon.colcon_core.environment:checking '/home/grp4_muem/info_indus/ros2_ws/install/scara_hardware/bin'
[1.119s] INFO:colcon.colcon_core.shell:Creating package script '/home/grp4_muem/info_indus/ros2_ws/install/scara_hardware/share/scara_hardware/package.ps1'
[1.120s] INFO:colcon.colcon_core.shell:Creating package descriptor '/home/grp4_muem/info_indus/ros2_ws/install/scara_hardware/share/scara_hardware/package.dsv'
[1.121s] INFO:colcon.colcon_core.shell:Creating package script '/home/grp4_muem/info_indus/ros2_ws/install/scara_hardware/share/scara_hardware/package.sh'
[1.121s] INFO:colcon.colcon_core.shell:Creating package script '/home/grp4_muem/info_indus/ros2_ws/install/scara_hardware/share/scara_hardware/package.bash'
[1.122s] INFO:colcon.colcon_core.shell:Creating package script '/home/grp4_muem/info_indus/ros2_ws/install/scara_hardware/share/scara_hardware/package.zsh'
[1.122s] Level 1:colcon.colcon_core.environment:create_file_with_runtime_dependencies(/home/grp4_muem/info_indus/ros2_ws/install/scara_hardware/share/colcon-core/packages/scara_hardware)
[2.378s] DEBUG:colcon.colcon_core.event_handler.log_command:Invoked command in '/home/grp4_muem/info_indus/ros2_ws/build/scara_velocity_supervision_msgs' returned '0': CMAKE_PREFIX_PATH=${CMAKE_PREFIX_PATH}:/opt/ros/jazzy DEBUGINFOD_URLS=https://debuginfod.ubuntu.com /usr/bin/cmake /home/grp4_muem/info_indus/ros2_ws/src/scara_velocity_supervision_msgs -DCMAKE_BUILD_TYPE=Release -DAMENT_CMAKE_SYMLINK_INSTALL=1 -DCMAKE_INSTALL_PREFIX=/home/grp4_muem/info_indus/ros2_ws/install/scara_velocity_supervision_msgs
[2.379s] DEBUG:colcon.colcon_core.event_handler.log_command:Invoking command in '/home/grp4_muem/info_indus/ros2_ws/build/scara_velocity_supervision_msgs': CMAKE_PREFIX_PATH=${CMAKE_PREFIX_PATH}:/opt/ros/jazzy DEBUGINFOD_URLS=https://debuginfod.ubuntu.com /usr/bin/cmake --build /home/grp4_muem/info_indus/ros2_ws/build/scara_velocity_supervision_msgs -- -j4 -l4
[2.468s] DEBUG:colcon.colcon_core.event_handler.log_command:Invoked command in '/home/grp4_muem/info_indus/ros2_ws/build/scara_velocity_supervision_msgs' returned '0': CMAKE_PREFIX_PATH=${CMAKE_PREFIX_PATH}:/opt/ros/jazzy DEBUGINFOD_URLS=https://debuginfod.ubuntu.com /usr/bin/cmake --build /home/grp4_muem/info_indus/ros2_ws/build/scara_velocity_supervision_msgs -- -j4 -l4
[2.470s] DEBUG:colcon.colcon_core.event_handler.log_command:Invoking command in '/home/grp4_muem/info_indus/ros2_ws/build/scara_velocity_supervision_msgs': CMAKE_PREFIX_PATH=${CMAKE_PREFIX_PATH}:/opt/ros/jazzy DEBUGINFOD_URLS=https://debuginfod.ubuntu.com /usr/bin/cmake --install /home/grp4_muem/info_indus/ros2_ws/build/scara_velocity_supervision_msgs
[2.826s] Level 1:colcon.colcon_core.environment:create_environment_scripts_only(scara_velocity_supervision_msgs)
[2.826s] Level 1:colcon.colcon_core.environment:checking '/home/grp4_muem/info_indus/ros2_ws/install/scara_velocity_supervision_msgs' for CMake module files
[2.827s] DEBUG:colcon.colcon_core.event_handler.log_command:Invoked command in '/home/grp4_muem/info_indus/ros2_ws/build/scara_velocity_supervision_msgs' returned '0': CMAKE_PREFIX_PATH=${CMAKE_PREFIX_PATH}:/opt/ros/jazzy DEBUGINFOD_URLS=https://debuginfod.ubuntu.com /usr/bin/cmake --install /home/grp4_muem/info_indus/ros2_ws/build/scara_velocity_supervision_msgs
[2.828s] Level 1:colcon.colcon_core.environment:checking '/home/grp4_muem/info_indus/ros2_ws/install/scara_velocity_supervision_msgs' for CMake config files
[2.828s] Level 1:colcon.colcon_core.shell:create_environment_hook('scara_velocity_supervision_msgs', 'cmake_prefix_path')
[2.828s] INFO:colcon.colcon_core.shell:Creating environment hook '/home/grp4_muem/info_indus/ros2_ws/install/scara_velocity_supervision_msgs/share/scara_velocity_supervision_msgs/hook/cmake_prefix_path.ps1'
[2.829s] INFO:colcon.colcon_core.shell:Creating environment descriptor '/home/grp4_muem/info_indus/ros2_ws/install/scara_velocity_supervision_msgs/share/scara_velocity_supervision_msgs/hook/cmake_prefix_path.dsv'
[2.829s] INFO:colcon.colcon_core.shell:Creating environment hook '/home/grp4_muem/info_indus/ros2_ws/install/scara_velocity_supervision_msgs/share/scara_velocity_supervision_msgs/hook/cmake_prefix_path.sh'
[2.830s] Level 1:colcon.colcon_core.environment:checking '/home/grp4_muem/info_indus/ros2_ws/install/scara_velocity_supervision_msgs/bin'
[2.830s] Level 1:colcon.colcon_core.environment:checking '/home/grp4_muem/info_indus/ros2_ws/install/scara_velocity_supervision_msgs/lib/pkgconfig/scara_velocity_supervision_msgs.pc'
[2.830s] Level 1:colcon.colcon_core.environment:checking '/home/grp4_muem/info_indus/ros2_ws/install/scara_velocity_supervision_msgs/lib/python3.12/site-packages'
[2.831s] Level 1:colcon.colcon_core.environment:checking '/home/grp4_muem/info_indus/ros2_ws/install/scara_velocity_supervision_msgs/bin'
[2.831s] INFO:colcon.colcon_core.shell:Creating package script '/home/grp4_muem/info_indus/ros2_ws/install/scara_velocity_supervision_msgs/share/scara_velocity_supervision_msgs/package.ps1'
[2.831s] INFO:colcon.colcon_core.shell:Creating package descriptor '/home/grp4_muem/info_indus/ros2_ws/install/scara_velocity_supervision_msgs/share/scara_velocity_supervision_msgs/package.dsv'
[2.832s] INFO:colcon.colcon_core.shell:Creating package script '/home/grp4_muem/info_indus/ros2_ws/install/scara_velocity_supervision_msgs/share/scara_velocity_supervision_msgs/package.sh'
[2.832s] INFO:colcon.colcon_core.shell:Creating package script '/home/grp4_muem/info_indus/ros2_ws/install/scara_velocity_supervision_msgs/share/scara_velocity_supervision_msgs/package.bash'
[2.833s] INFO:colcon.colcon_core.shell:Creating package script '/home/grp4_muem/info_indus/ros2_ws/install/scara_velocity_supervision_msgs/share/scara_velocity_supervision_msgs/package.zsh'
[2.833s] Level 1:colcon.colcon_core.environment:create_file_with_runtime_dependencies(/home/grp4_muem/info_indus/ros2_ws/install/scara_velocity_supervision_msgs/share/colcon-core/packages/scara_velocity_supervision_msgs)
[2.834s] Level 1:colcon.colcon_core.environment:create_environment_scripts_only(scara_velocity_supervision_msgs)
[2.834s] Level 1:colcon.colcon_core.environment:checking '/home/grp4_muem/info_indus/ros2_ws/install/scara_velocity_supervision_msgs' for CMake module files
[2.835s] Level 1:colcon.colcon_core.environment:checking '/home/grp4_muem/info_indus/ros2_ws/install/scara_velocity_supervision_msgs' for CMake config files
[2.835s] Level 1:colcon.colcon_core.shell:create_environment_hook('scara_velocity_supervision_msgs', 'cmake_prefix_path')
[2.835s] INFO:colcon.colcon_core.shell:Creating environment hook '/home/grp4_muem/info_indus/ros2_ws/install/scara_velocity_supervision_msgs/share/scara_velocity_supervision_msgs/hook/cmake_prefix_path.ps1'
[2.835s] INFO:colcon.colcon_core.shell:Creating environment descriptor '/home/grp4_muem/info_indus/ros2_ws/install/scara_velocity_supervision_msgs/share/scara_velocity_supervision_msgs/hook/cmake_prefix_path.dsv'
[2.836s] INFO:colcon.colcon_core.shell:Creating environment hook '/home/grp4_muem/info_indus/ros2_ws/install/scara_velocity_supervision_msgs/share/scara_velocity_supervision_msgs/hook/cmake_prefix_path.sh'
[2.837s] Level 1:colcon.colcon_core.environment:checking '/home/grp4_muem/info_indus/ros2_ws/install/scara_velocity_supervision_msgs/bin'
[2.837s] Level 1:colcon.colcon_core.environment:checking '/home/grp4_muem/info_indus/ros2_ws/install/scara_velocity_supervision_msgs/lib/pkgconfig/scara_velocity_supervision_msgs.pc'
[2.837s] Level 1:colcon.colcon_core.environment:checking '/home/grp4_muem/info_indus/ros2_ws/install/scara_velocity_supervision_msgs/lib/python3.12/site-packages'
[2.837s] Level 1:colcon.colcon_core.environment:checking '/home/grp4_muem/info_indus/ros2_ws/install/scara_velocity_supervision_msgs/bin'
[2.838s] INFO:colcon.colcon_core.shell:Creating package script '/home/grp4_muem/info_indus/ros2_ws/install/scara_velocity_supervision_msgs/share/scara_velocity_supervision_msgs/package.ps1'
[2.838s] INFO:colcon.colcon_core.shell:Creating package descriptor '/home/grp4_muem/info_indus/ros2_ws/install/scara_velocity_supervision_msgs/share/scara_velocity_supervision_msgs/package.dsv'
[2.839s] INFO:colcon.colcon_core.shell:Creating package script '/home/grp4_muem/info_indus/ros2_ws/install/scara_velocity_supervision_msgs/share/scara_velocity_supervision_msgs/package.sh'
[2.839s] INFO:colcon.colcon_core.shell:Creating package script '/home/grp4_muem/info_indus/ros2_ws/install/scara_velocity_supervision_msgs/share/scara_velocity_supervision_msgs/package.bash'
[2.840s] INFO:colcon.colcon_core.shell:Creating package script '/home/grp4_muem/info_indus/ros2_ws/install/scara_velocity_supervision_msgs/share/scara_velocity_supervision_msgs/package.zsh'
[2.840s] Level 1:colcon.colcon_core.environment:create_file_with_runtime_dependencies(/home/grp4_muem/info_indus/ros2_ws/install/scara_velocity_supervision_msgs/share/colcon-core/packages/scara_velocity_supervision_msgs)
[2.840s] DEBUG:colcon.colcon_parallel_executor.executor.parallel:closing loop
[2.841s] DEBUG:colcon.colcon_parallel_executor.executor.parallel:loop closed
[2.841s] DEBUG:colcon.colcon_parallel_executor.executor.parallel:run_until_complete finished with '0'
[2.841s] DEBUG:colcon.colcon_core.event_reactor:joining thread
[2.844s] DEBUG:colcon.colcon_core.event_reactor:joined thread
[2.846s] INFO:colcon.colcon_core.shell:Creating prefix script '/home/grp4_muem/info_indus/ros2_ws/install/local_setup.ps1'
[2.850s] INFO:colcon.colcon_core.shell:Creating prefix util module '/home/grp4_muem/info_indus/ros2_ws/install/_local_setup_util_ps1.py'
[2.853s] INFO:colcon.colcon_core.shell:Creating prefix chain script '/home/grp4_muem/info_indus/ros2_ws/install/setup.ps1'
[2.856s] INFO:colcon.colcon_core.shell:Creating prefix script '/home/grp4_muem/info_indus/ros2_ws/install/local_setup.sh'
[2.857s] INFO:colcon.colcon_core.shell:Creating prefix util module '/home/grp4_muem/info_indus/ros2_ws/install/_local_setup_util_sh.py'
[2.858s] INFO:colcon.colcon_core.shell:Creating prefix chain script '/home/grp4_muem/info_indus/ros2_ws/install/setup.sh'
[2.864s] INFO:colcon.colcon_core.shell:Creating prefix script '/home/grp4_muem/info_indus/ros2_ws/install/local_setup.bash'
[2.866s] INFO:colcon.colcon_core.shell:Creating prefix chain script '/home/grp4_muem/info_indus/ros2_ws/install/setup.bash'
[2.868s] INFO:colcon.colcon_core.shell:Creating prefix script '/home/grp4_muem/info_indus/ros2_ws/install/local_setup.zsh'
[2.871s] INFO:colcon.colcon_core.shell:Creating prefix chain script '/home/grp4_muem/info_indus/ros2_ws/install/setup.zsh'
