[0.333s] DEBUG:colcon:Command line arguments: ['/usr/bin/colcon', 'build', '--cmake-args', '-DCMAKE_BUILD_TYPE=Release', '--symlink-install']
[0.334s] DEBUG:colcon:Parsed command line arguments: Namespace(log_base=None, log_level=None, verb_name='build', build_base='build', install_base='install', merge_install=False, symlink_install=True, test_result_base=None, continue_on_error=False, executor='parallel', parallel_workers=4, event_handlers=None, ignore_user_meta=False, metas=['./colcon.meta'], base_paths=['.'], packages_ignore=None, packages_ignore_regex=None, paths=None, packages_up_to=None, packages_up_to_regex=None, packages_above=None, packages_above_and_dependencies=None, packages_above_depth=None, packages_select_by_dep=None, packages_skip_by_dep=None, packages_skip_up_to=None, packages_select_build_failed=False, packages_skip_build_finished=False, packages_select_test_failures=False, packages_skip_test_passed=False, packages_select=None, packages_skip=None, packages_select_regex=None, packages_skip_regex=None, packages_start=None, packages_end=None, allow_overriding=[], cmake_args=['-DCMAKE_BUILD_TYPE=Release'], cmake_target=None, cmake_target_skip_unavailable=False, cmake_clean_cache=False, cmake_clean_first=False, cmake_force_configure=False, ament_cmake_args=None, catkin_cmake_args=None, catkin_skip_building_tests=False, mixin_files=None, mixin=None, verb_parser=<colcon_mixin.mixin.mixin_argument.MixinArgumentDecorator object at 0xffffbd1f4d70>, verb_extension=<colcon_core.verb.build.BuildVerb object at 0xffffbd3b13d0>, main=<bound method BuildVerb.main of <colcon_core.verb.build.BuildVerb object at 0xffffbd3b13d0>>, mixin_verb=('build',))
[0.395s] Level 1:colcon.colcon_core.package_discovery:discover_packages(colcon_meta) check parameters
[0.395s] Level 1:colcon.colcon_core.package_discovery:discover_packages(recursive) check parameters
[0.395s] Level 1:colcon.colcon_core.package_discovery:discover_packages(ignore) check parameters
[0.395s] Level 1:colcon.colcon_core.package_discovery:discover_packages(path) check parameters
[0.395s] Level 1:colcon.colcon_core.package_discovery:discover_packages(colcon_meta) discover
[0.395s] Level 1:colcon.colcon_core.package_discovery:discover_packages(recursive) discover
[0.395s] INFO:colcon.colcon_core.package_discovery:Crawling recursively for packages in '/home/grp4_muem/info_indus/ros2_ws'
[0.395s] Level 1:colcon.colcon_core.package_identification:_identify(.) by extensions ['ignore', 'ignore_ament_install']
[0.396s] Level 1:colcon.colcon_core.package_identification:_identify(.) by extension 'ignore'
[0.396s] Level 1:colcon.colcon_core.package_identification:_identify(.) by extension 'ignore_ament_install'
[0.396s] Level 1:colcon.colcon_core.package_identification:_identify(.) by extensions ['colcon_pkg']
[0.396s] Level 1:colcon.colcon_core.package_identification:_identify(.) by extension 'colcon_pkg'
[0.396s] Level 1:colcon.colcon_core.package_identification:_identify(.) by extensions ['colcon_meta']
[0.396s] Level 1:colcon.colcon_core.package_identification:_identify(.) by extension 'colcon_meta'
[0.396s] Level 1:colcon.colcon_core.package_identification:_identify(.) by extensions ['ros']
[0.396s] Level 1:colcon.colcon_core.package_identification:_identify(.) by extension 'ros'
[0.434s] Level 1:colcon.colcon_core.package_identification:_identify(.) by extensions ['cmake', 'python']
[0.434s] Level 1:colcon.colcon_core.package_identification:_identify(.) by extension 'cmake'
[0.434s] Level 1:colcon.colcon_core.package_identification:_identify(.) by extension 'python'
[0.435s] Level 1:colcon.colcon_core.package_identification:_identify(.) by extensions ['python_setup_py']
[0.435s] Level 1:colcon.colcon_core.package_identification:_identify(.) by extension 'python_setup_py'
[0.435s] Level 1:colcon.colcon_core.package_identification:_identify(build) by extensions ['ignore', 'ignore_ament_install']
[0.435s] Level 1:colcon.colcon_core.package_identification:_identify(build) by extension 'ignore'
[0.435s] Level 1:colcon.colcon_core.package_identification:_identify(build) ignored
[0.435s] Level 1:colcon.colcon_core.package_identification:_identify(install) by extensions ['ignore', 'ignore_ament_install']
[0.435s] Level 1:colcon.colcon_core.package_identification:_identify(install) by extension 'ignore'
[0.435s] Level 1:colcon.colcon_core.package_identification:_identify(install) ignored
[0.435s] Level 1:colcon.colcon_core.package_identification:_identify(log) by extensions ['ignore', 'ignore_ament_install']
[0.435s] Level 1:colcon.colcon_core.package_identification:_identify(log) by extension 'ignore'
[0.435s] Level 1:colcon.colcon_core.package_identification:_identify(log) ignored
[0.436s] Level 1:colcon.colcon_core.package_identification:_identify(src) by extensions ['ignore', 'ignore_ament_install']
[0.436s] Level 1:colcon.colcon_core.package_identification:_identify(src) by extension 'ignore'
[0.436s] Level 1:colcon.colcon_core.package_identification:_identify(src) by extension 'ignore_ament_install'
[0.436s] Level 1:colcon.colcon_core.package_identification:_identify(src) by extensions ['colcon_pkg']
[0.436s] Level 1:colcon.colcon_core.package_identification:_identify(src) by extension 'colcon_pkg'
[0.436s] Level 1:colcon.colcon_core.package_identification:_identify(src) by extensions ['colcon_meta']
[0.436s] Level 1:colcon.colcon_core.package_identification:_identify(src) by extension 'colcon_meta'
[0.436s] Level 1:colcon.colcon_core.package_identification:_identify(src) by extensions ['ros']
[0.436s] Level 1:colcon.colcon_core.package_identification:_identify(src) by extension 'ros'
[0.436s] Level 1:colcon.colcon_core.package_identification:_identify(src) by extensions ['cmake', 'python']
[0.436s] Level 1:colcon.colcon_core.package_identification:_identify(src) by extension 'cmake'
[0.436s] Level 1:colcon.colcon_core.package_identification:_identify(src) by extension 'python'
[0.436s] Level 1:colcon.colcon_core.package_identification:_identify(src) by extensions ['python_setup_py']
[0.436s] Level 1:colcon.colcon_core.package_identification:_identify(src) by extension 'python_setup_py'
[0.436s] Level 1:colcon.colcon_core.package_identification:_identify(src/ecat_ros2_workshop) by extensions ['ignore', 'ignore_ament_install']
[0.436s] Level 1:colcon.colcon_core.package_identification:_identify(src/ecat_ros2_workshop) by extension 'ignore'
[0.436s] Level 1:colcon.colcon_core.package_identification:_identify(src/ecat_ros2_workshop) by extension 'ignore_ament_install'
[0.437s] Level 1:colcon.colcon_core.package_identification:_identify(src/ecat_ros2_workshop) by extensions ['colcon_pkg']
[0.437s] Level 1:colcon.colcon_core.package_identification:_identify(src/ecat_ros2_workshop) by extension 'colcon_pkg'
[0.437s] Level 1:colcon.colcon_core.package_identification:_identify(src/ecat_ros2_workshop) by extensions ['colcon_meta']
[0.437s] Level 1:colcon.colcon_core.package_identification:_identify(src/ecat_ros2_workshop) by extension 'colcon_meta'
[0.437s] Level 1:colcon.colcon_core.package_identification:_identify(src/ecat_ros2_workshop) by extensions ['ros']
[0.437s] Level 1:colcon.colcon_core.package_identification:_identify(src/ecat_ros2_workshop) by extension 'ros'
[0.437s] Level 1:colcon.colcon_core.package_identification:_identify(src/ecat_ros2_workshop) by extensions ['cmake', 'python']
[0.437s] Level 1:colcon.colcon_core.package_identification:_identify(src/ecat_ros2_workshop) by extension 'cmake'
[0.437s] Level 1:colcon.colcon_core.package_identification:_identify(src/ecat_ros2_workshop) by extension 'python'
[0.437s] Level 1:colcon.colcon_core.package_identification:_identify(src/ecat_ros2_workshop) by extensions ['python_setup_py']
[0.437s] Level 1:colcon.colcon_core.package_identification:_identify(src/ecat_ros2_workshop) by extension 'python_setup_py'
[0.437s] Level 1:colcon.colcon_core.package_identification:_identify(src/ecat_ros2_workshop/docs) by extensions ['ignore', 'ignore_ament_install']
[0.437s] Level 1:colcon.colcon_core.package_identification:_identify(src/ecat_ros2_workshop/docs) by extension 'ignore'
[0.437s] Level 1:colcon.colcon_core.package_identification:_identify(src/ecat_ros2_workshop/docs) by extension 'ignore_ament_install'
[0.437s] Level 1:colcon.colcon_core.package_identification:_identify(src/ecat_ros2_workshop/docs) by extensions ['colcon_pkg']
[0.437s] Level 1:colcon.colcon_core.package_identification:_identify(src/ecat_ros2_workshop/docs) by extension 'colcon_pkg'
[0.437s] Level 1:colcon.colcon_core.package_identification:_identify(src/ecat_ros2_workshop/docs) by extensions ['colcon_meta']
[0.437s] Level 1:colcon.colcon_core.package_identification:_identify(src/ecat_ros2_workshop/docs) by extension 'colcon_meta'
[0.437s] Level 1:colcon.colcon_core.package_identification:_identify(src/ecat_ros2_workshop/docs) by extensions ['ros']
[0.437s] Level 1:colcon.colcon_core.package_identification:_identify(src/ecat_ros2_workshop/docs) by extension 'ros'
[0.438s] Level 1:colcon.colcon_core.package_identification:_identify(src/ecat_ros2_workshop/docs) by extensions ['cmake', 'python']
[0.438s] Level 1:colcon.colcon_core.package_identification:_identify(src/ecat_ros2_workshop/docs) by extension 'cmake'
[0.438s] Level 1:colcon.colcon_core.package_identification:_identify(src/ecat_ros2_workshop/docs) by extension 'python'
[0.438s] Level 1:colcon.colcon_core.package_identification:_identify(src/ecat_ros2_workshop/docs) by extensions ['python_setup_py']
[0.438s] Level 1:colcon.colcon_core.package_identification:_identify(src/ecat_ros2_workshop/docs) by extension 'python_setup_py'
[0.438s] Level 1:colcon.colcon_core.package_identification:_identify(src/ecat_ros2_workshop/docs/about) by extensions ['ignore', 'ignore_ament_install']
[0.438s] Level 1:colcon.colcon_core.package_identification:_identify(src/ecat_ros2_workshop/docs/about) by extension 'ignore'
[0.438s] Level 1:colcon.colcon_core.package_identification:_identify(src/ecat_ros2_workshop/docs/about) by extension 'ignore_ament_install'
[0.438s] Level 1:colcon.colcon_core.package_identification:_identify(src/ecat_ros2_workshop/docs/about) by extensions ['colcon_pkg']
[0.438s] Level 1:colcon.colcon_core.package_identification:_identify(src/ecat_ros2_workshop/docs/about) by extension 'colcon_pkg'
[0.438s] Level 1:colcon.colcon_core.package_identification:_identify(src/ecat_ros2_workshop/docs/about) by extensions ['colcon_meta']
[0.438s] Level 1:colcon.colcon_core.package_identification:_identify(src/ecat_ros2_workshop/docs/about) by extension 'colcon_meta'
[0.438s] Level 1:colcon.colcon_core.package_identification:_identify(src/ecat_ros2_workshop/docs/about) by extensions ['ros']
[0.438s] Level 1:colcon.colcon_core.package_identification:_identify(src/ecat_ros2_workshop/docs/about) by extension 'ros'
[0.438s] Level 1:colcon.colcon_core.package_identification:_identify(src/ecat_ros2_workshop/docs/about) by extensions ['cmake', 'python']
[0.438s] Level 1:colcon.colcon_core.package_identification:_identify(src/ecat_ros2_workshop/docs/about) by extension 'cmake'
[0.438s] Level 1:colcon.colcon_core.package_identification:_identify(src/ecat_ros2_workshop/docs/about) by extension 'python'
[0.438s] Level 1:colcon.colcon_core.package_identification:_identify(src/ecat_ros2_workshop/docs/about) by extensions ['python_setup_py']
[0.438s] Level 1:colcon.colcon_core.package_identification:_identify(src/ecat_ros2_workshop/docs/about) by extension 'python_setup_py'
[0.439s] Level 1:colcon.colcon_core.package_identification:_identify(src/ecat_ros2_workshop/docs/getting-started) by extensions ['ignore', 'ignore_ament_install']
[0.439s] Level 1:colcon.colcon_core.package_identification:_identify(src/ecat_ros2_workshop/docs/getting-started) by extension 'ignore'
[0.439s] Level 1:colcon.colcon_core.package_identification:_identify(src/ecat_ros2_workshop/docs/getting-started) by extension 'ignore_ament_install'
[0.439s] Level 1:colcon.colcon_core.package_identification:_identify(src/ecat_ros2_workshop/docs/getting-started) by extensions ['colcon_pkg']
[0.439s] Level 1:colcon.colcon_core.package_identification:_identify(src/ecat_ros2_workshop/docs/getting-started) by extension 'colcon_pkg'
[0.439s] Level 1:colcon.colcon_core.package_identification:_identify(src/ecat_ros2_workshop/docs/getting-started) by extensions ['colcon_meta']
[0.439s] Level 1:colcon.colcon_core.package_identification:_identify(src/ecat_ros2_workshop/docs/getting-started) by extension 'colcon_meta'
[0.439s] Level 1:colcon.colcon_core.package_identification:_identify(src/ecat_ros2_workshop/docs/getting-started) by extensions ['ros']
[0.439s] Level 1:colcon.colcon_core.package_identification:_identify(src/ecat_ros2_workshop/docs/getting-started) by extension 'ros'
[0.439s] Level 1:colcon.colcon_core.package_identification:_identify(src/ecat_ros2_workshop/docs/getting-started) by extensions ['cmake', 'python']
[0.439s] Level 1:colcon.colcon_core.package_identification:_identify(src/ecat_ros2_workshop/docs/getting-started) by extension 'cmake'
[0.439s] Level 1:colcon.colcon_core.package_identification:_identify(src/ecat_ros2_workshop/docs/getting-started) by extension 'python'
[0.439s] Level 1:colcon.colcon_core.package_identification:_identify(src/ecat_ros2_workshop/docs/getting-started) by extensions ['python_setup_py']
[0.439s] Level 1:colcon.colcon_core.package_identification:_identify(src/ecat_ros2_workshop/docs/getting-started) by extension 'python_setup_py'
[0.439s] Level 1:colcon.colcon_core.package_identification:_identify(src/ecat_ros2_workshop/docs/images) by extensions ['ignore', 'ignore_ament_install']
[0.439s] Level 1:colcon.colcon_core.package_identification:_identify(src/ecat_ros2_workshop/docs/images) by extension 'ignore'
[0.439s] Level 1:colcon.colcon_core.package_identification:_identify(src/ecat_ros2_workshop/docs/images) by extension 'ignore_ament_install'
[0.440s] Level 1:colcon.colcon_core.package_identification:_identify(src/ecat_ros2_workshop/docs/images) by extensions ['colcon_pkg']
[0.440s] Level 1:colcon.colcon_core.package_identification:_identify(src/ecat_ros2_workshop/docs/images) by extension 'colcon_pkg'
[0.440s] Level 1:colcon.colcon_core.package_identification:_identify(src/ecat_ros2_workshop/docs/images) by extensions ['colcon_meta']
[0.440s] Level 1:colcon.colcon_core.package_identification:_identify(src/ecat_ros2_workshop/docs/images) by extension 'colcon_meta'
[0.440s] Level 1:colcon.colcon_core.package_identification:_identify(src/ecat_ros2_workshop/docs/images) by extensions ['ros']
[0.440s] Level 1:colcon.colcon_core.package_identification:_identify(src/ecat_ros2_workshop/docs/images) by extension 'ros'
[0.440s] Level 1:colcon.colcon_core.package_identification:_identify(src/ecat_ros2_workshop/docs/images) by extensions ['cmake', 'python']
[0.440s] Level 1:colcon.colcon_core.package_identification:_identify(src/ecat_ros2_workshop/docs/images) by extension 'cmake'
[0.440s] Level 1:colcon.colcon_core.package_identification:_identify(src/ecat_ros2_workshop/docs/images) by extension 'python'
[0.440s] Level 1:colcon.colcon_core.package_identification:_identify(src/ecat_ros2_workshop/docs/images) by extensions ['python_setup_py']
[0.440s] Level 1:colcon.colcon_core.package_identification:_identify(src/ecat_ros2_workshop/docs/images) by extension 'python_setup_py'
[0.440s] Level 1:colcon.colcon_core.package_identification:_identify(src/ecat_ros2_workshop/docs/tutorials) by extensions ['ignore', 'ignore_ament_install']
[0.440s] Level 1:colcon.colcon_core.package_identification:_identify(src/ecat_ros2_workshop/docs/tutorials) by extension 'ignore'
[0.440s] Level 1:colcon.colcon_core.package_identification:_identify(src/ecat_ros2_workshop/docs/tutorials) by extension 'ignore_ament_install'
[0.440s] Level 1:colcon.colcon_core.package_identification:_identify(src/ecat_ros2_workshop/docs/tutorials) by extensions ['colcon_pkg']
[0.440s] Level 1:colcon.colcon_core.package_identification:_identify(src/ecat_ros2_workshop/docs/tutorials) by extension 'colcon_pkg'
[0.440s] Level 1:colcon.colcon_core.package_identification:_identify(src/ecat_ros2_workshop/docs/tutorials) by extensions ['colcon_meta']
[0.440s] Level 1:colcon.colcon_core.package_identification:_identify(src/ecat_ros2_workshop/docs/tutorials) by extension 'colcon_meta'
[0.440s] Level 1:colcon.colcon_core.package_identification:_identify(src/ecat_ros2_workshop/docs/tutorials) by extensions ['ros']
[0.441s] Level 1:colcon.colcon_core.package_identification:_identify(src/ecat_ros2_workshop/docs/tutorials) by extension 'ros'
[0.441s] Level 1:colcon.colcon_core.package_identification:_identify(src/ecat_ros2_workshop/docs/tutorials) by extensions ['cmake', 'python']
[0.441s] Level 1:colcon.colcon_core.package_identification:_identify(src/ecat_ros2_workshop/docs/tutorials) by extension 'cmake'
[0.441s] Level 1:colcon.colcon_core.package_identification:_identify(src/ecat_ros2_workshop/docs/tutorials) by extension 'python'
[0.441s] Level 1:colcon.colcon_core.package_identification:_identify(src/ecat_ros2_workshop/docs/tutorials) by extensions ['python_setup_py']
[0.441s] Level 1:colcon.colcon_core.package_identification:_identify(src/ecat_ros2_workshop/docs/tutorials) by extension 'python_setup_py'
[0.441s] Level 1:colcon.colcon_core.package_identification:_identify(src/ecat_ros2_workshop/resources) by extensions ['ignore', 'ignore_ament_install']
[0.441s] Level 1:colcon.colcon_core.package_identification:_identify(src/ecat_ros2_workshop/resources) by extension 'ignore'
[0.441s] Level 1:colcon.colcon_core.package_identification:_identify(src/ecat_ros2_workshop/resources) by extension 'ignore_ament_install'
[0.441s] Level 1:colcon.colcon_core.package_identification:_identify(src/ecat_ros2_workshop/resources) by extensions ['colcon_pkg']
[0.441s] Level 1:colcon.colcon_core.package_identification:_identify(src/ecat_ros2_workshop/resources) by extension 'colcon_pkg'
[0.441s] Level 1:colcon.colcon_core.package_identification:_identify(src/ecat_ros2_workshop/resources) by extensions ['colcon_meta']
[0.441s] Level 1:colcon.colcon_core.package_identification:_identify(src/ecat_ros2_workshop/resources) by extension 'colcon_meta'
[0.441s] Level 1:colcon.colcon_core.package_identification:_identify(src/ecat_ros2_workshop/resources) by extensions ['ros']
[0.441s] Level 1:colcon.colcon_core.package_identification:_identify(src/ecat_ros2_workshop/resources) by extension 'ros'
[0.441s] Level 1:colcon.colcon_core.package_identification:_identify(src/ecat_ros2_workshop/resources) by extensions ['cmake', 'python']
[0.441s] Level 1:colcon.colcon_core.package_identification:_identify(src/ecat_ros2_workshop/resources) by extension 'cmake'
[0.441s] Level 1:colcon.colcon_core.package_identification:_identify(src/ecat_ros2_workshop/resources) by extension 'python'
[0.441s] Level 1:colcon.colcon_core.package_identification:_identify(src/ecat_ros2_workshop/resources) by extensions ['python_setup_py']
[0.441s] Level 1:colcon.colcon_core.package_identification:_identify(src/ecat_ros2_workshop/resources) by extension 'python_setup_py'
[0.442s] Level 1:colcon.colcon_core.package_identification:_identify(src/ecat_ros2_workshop/scara_bringup) by extensions ['ignore', 'ignore_ament_install']
[0.442s] Level 1:colcon.colcon_core.package_identification:_identify(src/ecat_ros2_workshop/scara_bringup) by extension 'ignore'
[0.442s] Level 1:colcon.colcon_core.package_identification:_identify(src/ecat_ros2_workshop/scara_bringup) by extension 'ignore_ament_install'
[0.442s] Level 1:colcon.colcon_core.package_identification:_identify(src/ecat_ros2_workshop/scara_bringup) by extensions ['colcon_pkg']
[0.442s] Level 1:colcon.colcon_core.package_identification:_identify(src/ecat_ros2_workshop/scara_bringup) by extension 'colcon_pkg'
[0.442s] Level 1:colcon.colcon_core.package_identification:_identify(src/ecat_ros2_workshop/scara_bringup) by extensions ['colcon_meta']
[0.442s] Level 1:colcon.colcon_core.package_identification:_identify(src/ecat_ros2_workshop/scara_bringup) by extension 'colcon_meta'
[0.442s] Level 1:colcon.colcon_core.package_identification:_identify(src/ecat_ros2_workshop/scara_bringup) by extensions ['ros']
[0.442s] Level 1:colcon.colcon_core.package_identification:_identify(src/ecat_ros2_workshop/scara_bringup) by extension 'ros'
[0.445s] DEBUG:colcon.colcon_core.package_identification:Package 'src/ecat_ros2_workshop/scara_bringup' with type 'ros.ament_cmake' and name 'scara_bringup'
[0.446s] Level 1:colcon.colcon_core.package_identification:_identify(src/ecat_ros2_workshop/scara_controllers) by extensions ['ignore', 'ignore_ament_install']
[0.446s] Level 1:colcon.colcon_core.package_identification:_identify(src/ecat_ros2_workshop/scara_controllers) by extension 'ignore'
[0.446s] Level 1:colcon.colcon_core.package_identification:_identify(src/ecat_ros2_workshop/scara_controllers) by extension 'ignore_ament_install'
[0.446s] Level 1:colcon.colcon_core.package_identification:_identify(src/ecat_ros2_workshop/scara_controllers) by extensions ['colcon_pkg']
[0.446s] Level 1:colcon.colcon_core.package_identification:_identify(src/ecat_ros2_workshop/scara_controllers) by extension 'colcon_pkg'
[0.446s] Level 1:colcon.colcon_core.package_identification:_identify(src/ecat_ros2_workshop/scara_controllers) by extensions ['colcon_meta']
[0.446s] Level 1:colcon.colcon_core.package_identification:_identify(src/ecat_ros2_workshop/scara_controllers) by extension 'colcon_meta'
[0.446s] Level 1:colcon.colcon_core.package_identification:_identify(src/ecat_ros2_workshop/scara_controllers) by extensions ['ros']
[0.446s] Level 1:colcon.colcon_core.package_identification:_identify(src/ecat_ros2_workshop/scara_controllers) by extension 'ros'
[0.446s] Level 1:colcon.colcon_core.package_identification:_identify(src/ecat_ros2_workshop/scara_controllers) by extensions ['cmake', 'python']
[0.446s] Level 1:colcon.colcon_core.package_identification:_identify(src/ecat_ros2_workshop/scara_controllers) by extension 'cmake'
[0.446s] Level 1:colcon.colcon_core.package_identification:_identify(src/ecat_ros2_workshop/scara_controllers) by extension 'python'
[0.446s] Level 1:colcon.colcon_core.package_identification:_identify(src/ecat_ros2_workshop/scara_controllers) by extensions ['python_setup_py']
[0.446s] Level 1:colcon.colcon_core.package_identification:_identify(src/ecat_ros2_workshop/scara_controllers) by extension 'python_setup_py'
[0.446s] Level 1:colcon.colcon_core.package_identification:_identify(src/ecat_ros2_workshop/scara_controllers/scara_joint_velocity_controller) by extensions ['ignore', 'ignore_ament_install']
[0.446s] Level 1:colcon.colcon_core.package_identification:_identify(src/ecat_ros2_workshop/scara_controllers/scara_joint_velocity_controller) by extension 'ignore'
[0.447s] Level 1:colcon.colcon_core.package_identification:_identify(src/ecat_ros2_workshop/scara_controllers/scara_joint_velocity_controller) by extension 'ignore_ament_install'
[0.447s] Level 1:colcon.colcon_core.package_identification:_identify(src/ecat_ros2_workshop/scara_controllers/scara_joint_velocity_controller) by extensions ['colcon_pkg']
[0.447s] Level 1:colcon.colcon_core.package_identification:_identify(src/ecat_ros2_workshop/scara_controllers/scara_joint_velocity_controller) by extension 'colcon_pkg'
[0.447s] Level 1:colcon.colcon_core.package_identification:_identify(src/ecat_ros2_workshop/scara_controllers/scara_joint_velocity_controller) by extensions ['colcon_meta']
[0.447s] Level 1:colcon.colcon_core.package_identification:_identify(src/ecat_ros2_workshop/scara_controllers/scara_joint_velocity_controller) by extension 'colcon_meta'
[0.447s] Level 1:colcon.colcon_core.package_identification:_identify(src/ecat_ros2_workshop/scara_controllers/scara_joint_velocity_controller) by extensions ['ros']
[0.447s] Level 1:colcon.colcon_core.package_identification:_identify(src/ecat_ros2_workshop/scara_controllers/scara_joint_velocity_controller) by extension 'ros'
[0.448s] DEBUG:colcon.colcon_core.package_identification:Package 'src/ecat_ros2_workshop/scara_controllers/scara_joint_velocity_controller' with type 'ros.ament_cmake' and name 'scara_joint_velocity_controller'
[0.448s] Level 1:colcon.colcon_core.package_identification:_identify(src/ecat_ros2_workshop/scara_description) by extensions ['ignore', 'ignore_ament_install']
[0.448s] Level 1:colcon.colcon_core.package_identification:_identify(src/ecat_ros2_workshop/scara_description) by extension 'ignore'
[0.448s] Level 1:colcon.colcon_core.package_identification:_identify(src/ecat_ros2_workshop/scara_description) by extension 'ignore_ament_install'
[0.448s] Level 1:colcon.colcon_core.package_identification:_identify(src/ecat_ros2_workshop/scara_description) by extensions ['colcon_pkg']
[0.448s] Level 1:colcon.colcon_core.package_identification:_identify(src/ecat_ros2_workshop/scara_description) by extension 'colcon_pkg'
[0.448s] Level 1:colcon.colcon_core.package_identification:_identify(src/ecat_ros2_workshop/scara_description) by extensions ['colcon_meta']
[0.448s] Level 1:colcon.colcon_core.package_identification:_identify(src/ecat_ros2_workshop/scara_description) by extension 'colcon_meta'
[0.448s] Level 1:colcon.colcon_core.package_identification:_identify(src/ecat_ros2_workshop/scara_description) by extensions ['ros']
[0.448s] Level 1:colcon.colcon_core.package_identification:_identify(src/ecat_ros2_workshop/scara_description) by extension 'ros'
[0.449s] DEBUG:colcon.colcon_core.package_identification:Package 'src/ecat_ros2_workshop/scara_description' with type 'ros.ament_cmake' and name 'scara_description'
[0.449s] Level 1:colcon.colcon_core.package_identification:_identify(src/ecat_ros2_workshop/scara_hardware) by extensions ['ignore', 'ignore_ament_install']
[0.449s] Level 1:colcon.colcon_core.package_identification:_identify(src/ecat_ros2_workshop/scara_hardware) by extension 'ignore'
[0.449s] Level 1:colcon.colcon_core.package_identification:_identify(src/ecat_ros2_workshop/scara_hardware) by extension 'ignore_ament_install'
[0.449s] Level 1:colcon.colcon_core.package_identification:_identify(src/ecat_ros2_workshop/scara_hardware) by extensions ['colcon_pkg']
[0.449s] Level 1:colcon.colcon_core.package_identification:_identify(src/ecat_ros2_workshop/scara_hardware) by extension 'colcon_pkg'
[0.449s] Level 1:colcon.colcon_core.package_identification:_identify(src/ecat_ros2_workshop/scara_hardware) by extensions ['colcon_meta']
[0.449s] Level 1:colcon.colcon_core.package_identification:_identify(src/ecat_ros2_workshop/scara_hardware) by extension 'colcon_meta'
[0.449s] Level 1:colcon.colcon_core.package_identification:_identify(src/ecat_ros2_workshop/scara_hardware) by extensions ['ros']
[0.449s] Level 1:colcon.colcon_core.package_identification:_identify(src/ecat_ros2_workshop/scara_hardware) by extension 'ros'
[0.450s] DEBUG:colcon.colcon_core.package_identification:Package 'src/ecat_ros2_workshop/scara_hardware' with type 'ros.ament_cmake' and name 'scara_hardware'
[0.450s] Level 1:colcon.colcon_core.package_identification:_identify(src/ecat_ros2_workshop/scara_nodes) by extensions ['ignore', 'ignore_ament_install']
[0.451s] Level 1:colcon.colcon_core.package_identification:_identify(src/ecat_ros2_workshop/scara_nodes) by extension 'ignore'
[0.451s] Level 1:colcon.colcon_core.package_identification:_identify(src/ecat_ros2_workshop/scara_nodes) by extension 'ignore_ament_install'
[0.451s] Level 1:colcon.colcon_core.package_identification:_identify(src/ecat_ros2_workshop/scara_nodes) by extensions ['colcon_pkg']
[0.451s] Level 1:colcon.colcon_core.package_identification:_identify(src/ecat_ros2_workshop/scara_nodes) by extension 'colcon_pkg'
[0.451s] Level 1:colcon.colcon_core.package_identification:_identify(src/ecat_ros2_workshop/scara_nodes) by extensions ['colcon_meta']
[0.451s] Level 1:colcon.colcon_core.package_identification:_identify(src/ecat_ros2_workshop/scara_nodes) by extension 'colcon_meta'
[0.451s] Level 1:colcon.colcon_core.package_identification:_identify(src/ecat_ros2_workshop/scara_nodes) by extensions ['ros']
[0.451s] Level 1:colcon.colcon_core.package_identification:_identify(src/ecat_ros2_workshop/scara_nodes) by extension 'ros'
[0.451s] DEBUG:colcon.colcon_core.package_identification:Package 'src/ecat_ros2_workshop/scara_nodes' with type 'ros.ament_cmake' and name 'scara_nodes'
[0.452s] Level 1:colcon.colcon_core.package_discovery:discover_packages(recursive) using defaults
[0.452s] Level 1:colcon.colcon_core.package_discovery:discover_packages(ignore) discover
[0.452s] Level 1:colcon.colcon_core.package_discovery:discover_packages(ignore) using defaults
[0.452s] Level 1:colcon.colcon_core.package_discovery:discover_packages(path) discover
[0.452s] Level 1:colcon.colcon_core.package_discovery:discover_packages(path) using defaults
[0.489s] Level 1:colcon.colcon_core.package_discovery:discover_packages(prefix_path) check parameters
[0.489s] Level 1:colcon.colcon_core.package_discovery:discover_packages(prefix_path) discover
[0.494s] DEBUG:colcon.colcon_installed_package_information.package_discovery:Found 370 installed packages in /opt/ros/jazzy
[0.497s] Level 1:colcon.colcon_core.package_discovery:discover_packages(prefix_path) using defaults
[0.575s] Level 5:colcon.colcon_core.verb:set package 'scara_bringup' build argument 'cmake_args' from command line to '['-DCMAKE_BUILD_TYPE=Release']'
[0.575s] Level 5:colcon.colcon_core.verb:set package 'scara_bringup' build argument 'cmake_target' from command line to 'None'
[0.575s] Level 5:colcon.colcon_core.verb:set package 'scara_bringup' build argument 'cmake_target_skip_unavailable' from command line to 'False'
[0.575s] Level 5:colcon.colcon_core.verb:set package 'scara_bringup' build argument 'cmake_clean_cache' from command line to 'False'
[0.575s] Level 5:colcon.colcon_core.verb:set package 'scara_bringup' build argument 'cmake_clean_first' from command line to 'False'
[0.575s] Level 5:colcon.colcon_core.verb:set package 'scara_bringup' build argument 'cmake_force_configure' from command line to 'False'
[0.575s] Level 5:colcon.colcon_core.verb:set package 'scara_bringup' build argument 'ament_cmake_args' from command line to 'None'
[0.575s] Level 5:colcon.colcon_core.verb:set package 'scara_bringup' build argument 'catkin_cmake_args' from command line to 'None'
[0.575s] Level 5:colcon.colcon_core.verb:set package 'scara_bringup' build argument 'catkin_skip_building_tests' from command line to 'False'
[0.575s] DEBUG:colcon.colcon_core.verb:Building package 'scara_bringup' with the following arguments: {'ament_cmake_args': None, 'build_base': '/home/grp4_muem/info_indus/ros2_ws/build/scara_bringup', 'catkin_cmake_args': None, 'catkin_skip_building_tests': False, 'cmake_args': ['-DCMAKE_BUILD_TYPE=Release'], 'cmake_clean_cache': False, 'cmake_clean_first': False, 'cmake_force_configure': False, 'cmake_target': None, 'cmake_target_skip_unavailable': False, 'install_base': '/home/grp4_muem/info_indus/ros2_ws/install/scara_bringup', 'merge_install': False, 'path': '/home/grp4_muem/info_indus/ros2_ws/src/ecat_ros2_workshop/scara_bringup', 'symlink_install': True, 'test_result_base': None}
[0.576s] Level 5:colcon.colcon_core.verb:set package 'scara_description' build argument 'cmake_args' from command line to '['-DCMAKE_BUILD_TYPE=Release']'
[0.576s] Level 5:colcon.colcon_core.verb:set package 'scara_description' build argument 'cmake_target' from command line to 'None'
[0.576s] Level 5:colcon.colcon_core.verb:set package 'scara_description' build argument 'cmake_target_skip_unavailable' from command line to 'False'
[0.576s] Level 5:colcon.colcon_core.verb:set package 'scara_description' build argument 'cmake_clean_cache' from command line to 'False'
[0.576s] Level 5:colcon.colcon_core.verb:set package 'scara_description' build argument 'cmake_clean_first' from command line to 'False'
[0.576s] Level 5:colcon.colcon_core.verb:set package 'scara_description' build argument 'cmake_force_configure' from command line to 'False'
[0.576s] Level 5:colcon.colcon_core.verb:set package 'scara_description' build argument 'ament_cmake_args' from command line to 'None'
[0.576s] Level 5:colcon.colcon_core.verb:set package 'scara_description' build argument 'catkin_cmake_args' from command line to 'None'
[0.576s] Level 5:colcon.colcon_core.verb:set package 'scara_description' build argument 'catkin_skip_building_tests' from command line to 'False'
[0.576s] DEBUG:colcon.colcon_core.verb:Building package 'scara_description' with the following arguments: {'ament_cmake_args': None, 'build_base': '/home/grp4_muem/info_indus/ros2_ws/build/scara_description', 'catkin_cmake_args': None, 'catkin_skip_building_tests': False, 'cmake_args': ['-DCMAKE_BUILD_TYPE=Release'], 'cmake_clean_cache': False, 'cmake_clean_first': False, 'cmake_force_configure': False, 'cmake_target': None, 'cmake_target_skip_unavailable': False, 'install_base': '/home/grp4_muem/info_indus/ros2_ws/install/scara_description', 'merge_install': False, 'path': '/home/grp4_muem/info_indus/ros2_ws/src/ecat_ros2_workshop/scara_description', 'symlink_install': True, 'test_result_base': None}
[0.576s] Level 5:colcon.colcon_core.verb:set package 'scara_joint_velocity_controller' build argument 'cmake_args' from command line to '['-DCMAKE_BUILD_TYPE=Release']'
[0.577s] Level 5:colcon.colcon_core.verb:set package 'scara_joint_velocity_controller' build argument 'cmake_target' from command line to 'None'
[0.577s] Level 5:colcon.colcon_core.verb:set package 'scara_joint_velocity_controller' build argument 'cmake_target_skip_unavailable' from command line to 'False'
[0.577s] Level 5:colcon.colcon_core.verb:set package 'scara_joint_velocity_controller' build argument 'cmake_clean_cache' from command line to 'False'
[0.577s] Level 5:colcon.colcon_core.verb:set package 'scara_joint_velocity_controller' build argument 'cmake_clean_first' from command line to 'False'
[0.577s] Level 5:colcon.colcon_core.verb:set package 'scara_joint_velocity_controller' build argument 'cmake_force_configure' from command line to 'False'
[0.577s] Level 5:colcon.colcon_core.verb:set package 'scara_joint_velocity_controller' build argument 'ament_cmake_args' from command line to 'None'
[0.577s] Level 5:colcon.colcon_core.verb:set package 'scara_joint_velocity_controller' build argument 'catkin_cmake_args' from command line to 'None'
[0.577s] Level 5:colcon.colcon_core.verb:set package 'scara_joint_velocity_controller' build argument 'catkin_skip_building_tests' from command line to 'False'
[0.577s] DEBUG:colcon.colcon_core.verb:Building package 'scara_joint_velocity_controller' with the following arguments: {'ament_cmake_args': None, 'build_base': '/home/grp4_muem/info_indus/ros2_ws/build/scara_joint_velocity_controller', 'catkin_cmake_args': None, 'catkin_skip_building_tests': False, 'cmake_args': ['-DCMAKE_BUILD_TYPE=Release'], 'cmake_clean_cache': False, 'cmake_clean_first': False, 'cmake_force_configure': False, 'cmake_target': None, 'cmake_target_skip_unavailable': False, 'install_base': '/home/grp4_muem/info_indus/ros2_ws/install/scara_joint_velocity_controller', 'merge_install': False, 'path': '/home/grp4_muem/info_indus/ros2_ws/src/ecat_ros2_workshop/scara_controllers/scara_joint_velocity_controller', 'symlink_install': True, 'test_result_base': None}
[0.577s] Level 5:colcon.colcon_core.verb:set package 'scara_nodes' build argument 'cmake_args' from command line to '['-DCMAKE_BUILD_TYPE=Release']'
[0.577s] Level 5:colcon.colcon_core.verb:set package 'scara_nodes' build argument 'cmake_target' from command line to 'None'
[0.577s] Level 5:colcon.colcon_core.verb:set package 'scara_nodes' build argument 'cmake_target_skip_unavailable' from command line to 'False'
[0.577s] Level 5:colcon.colcon_core.verb:set package 'scara_nodes' build argument 'cmake_clean_cache' from command line to 'False'
[0.577s] Level 5:colcon.colcon_core.verb:set package 'scara_nodes' build argument 'cmake_clean_first' from command line to 'False'
[0.577s] Level 5:colcon.colcon_core.verb:set package 'scara_nodes' build argument 'cmake_force_configure' from command line to 'False'
[0.577s] Level 5:colcon.colcon_core.verb:set package 'scara_nodes' build argument 'ament_cmake_args' from command line to 'None'
[0.577s] Level 5:colcon.colcon_core.verb:set package 'scara_nodes' build argument 'catkin_cmake_args' from command line to 'None'
[0.577s] Level 5:colcon.colcon_core.verb:set package 'scara_nodes' build argument 'catkin_skip_building_tests' from command line to 'False'
[0.577s] DEBUG:colcon.colcon_core.verb:Building package 'scara_nodes' with the following arguments: {'ament_cmake_args': None, 'build_base': '/home/grp4_muem/info_indus/ros2_ws/build/scara_nodes', 'catkin_cmake_args': None, 'catkin_skip_building_tests': False, 'cmake_args': ['-DCMAKE_BUILD_TYPE=Release'], 'cmake_clean_cache': False, 'cmake_clean_first': False, 'cmake_force_configure': False, 'cmake_target': None, 'cmake_target_skip_unavailable': False, 'install_base': '/home/grp4_muem/info_indus/ros2_ws/install/scara_nodes', 'merge_install': False, 'path': '/home/grp4_muem/info_indus/ros2_ws/src/ecat_ros2_workshop/scara_nodes', 'symlink_install': True, 'test_result_base': None}
[0.578s] Level 5:colcon.colcon_core.verb:set package 'scara_hardware' build argument 'cmake_args' from command line to '['-DCMAKE_BUILD_TYPE=Release']'
[0.578s] Level 5:colcon.colcon_core.verb:set package 'scara_hardware' build argument 'cmake_target' from command line to 'None'
[0.578s] Level 5:colcon.colcon_core.verb:set package 'scara_hardware' build argument 'cmake_target_skip_unavailable' from command line to 'False'
[0.578s] Level 5:colcon.colcon_core.verb:set package 'scara_hardware' build argument 'cmake_clean_cache' from command line to 'False'
[0.578s] Level 5:colcon.colcon_core.verb:set package 'scara_hardware' build argument 'cmake_clean_first' from command line to 'False'
[0.578s] Level 5:colcon.colcon_core.verb:set package 'scara_hardware' build argument 'cmake_force_configure' from command line to 'False'
[0.578s] Level 5:colcon.colcon_core.verb:set package 'scara_hardware' build argument 'ament_cmake_args' from command line to 'None'
[0.578s] Level 5:colcon.colcon_core.verb:set package 'scara_hardware' build argument 'catkin_cmake_args' from command line to 'None'
[0.578s] Level 5:colcon.colcon_core.verb:set package 'scara_hardware' build argument 'catkin_skip_building_tests' from command line to 'False'
[0.578s] DEBUG:colcon.colcon_core.verb:Building package 'scara_hardware' with the following arguments: {'ament_cmake_args': None, 'build_base': '/home/grp4_muem/info_indus/ros2_ws/build/scara_hardware', 'catkin_cmake_args': None, 'catkin_skip_building_tests': False, 'cmake_args': ['-DCMAKE_BUILD_TYPE=Release'], 'cmake_clean_cache': False, 'cmake_clean_first': False, 'cmake_force_configure': False, 'cmake_target': None, 'cmake_target_skip_unavailable': False, 'install_base': '/home/grp4_muem/info_indus/ros2_ws/install/scara_hardware', 'merge_install': False, 'path': '/home/grp4_muem/info_indus/ros2_ws/src/ecat_ros2_workshop/scara_hardware', 'symlink_install': True, 'test_result_base': None}
[0.578s] INFO:colcon.colcon_core.executor:Executing jobs using 'parallel' executor
[0.579s] DEBUG:colcon.colcon_parallel_executor.executor.parallel:run_until_complete
[0.580s] INFO:colcon.colcon_ros.task.ament_cmake.build:Building ROS package in '/home/grp4_muem/info_indus/ros2_ws/src/ecat_ros2_workshop/scara_description' with build type 'ament_cmake'
[0.580s] INFO:colcon.colcon_cmake.task.cmake.build:Building CMake package in '/home/grp4_muem/info_indus/ros2_ws/src/ecat_ros2_workshop/scara_description'
[0.594s] INFO:colcon.colcon_core.plugin_system:Skipping extension 'colcon_core.shell.bat': Not used on non-Windows systems
[0.595s] INFO:colcon.colcon_core.shell:Skip shell extension 'powershell' for command environment: Not usable outside of PowerShell
[0.595s] DEBUG:colcon.colcon_core.shell:Skip shell extension 'dsv' for command environment
[0.605s] INFO:colcon.colcon_ros.task.ament_cmake.build:Building ROS package in '/home/grp4_muem/info_indus/ros2_ws/src/ecat_ros2_workshop/scara_bringup' with build type 'ament_cmake'
[0.606s] INFO:colcon.colcon_cmake.task.cmake.build:Building CMake package in '/home/grp4_muem/info_indus/ros2_ws/src/ecat_ros2_workshop/scara_bringup'
[0.607s] INFO:colcon.colcon_core.shell:Skip shell extension 'powershell' for command environment: Not usable outside of PowerShell
[0.607s] DEBUG:colcon.colcon_core.shell:Skip shell extension 'dsv' for command environment
[0.619s] INFO:colcon.colcon_ros.task.ament_cmake.build:Building ROS package in '/home/grp4_muem/info_indus/ros2_ws/src/ecat_ros2_workshop/scara_controllers/scara_joint_velocity_controller' with build type 'ament_cmake'
[0.620s] INFO:colcon.colcon_cmake.task.cmake.build:Building CMake package in '/home/grp4_muem/info_indus/ros2_ws/src/ecat_ros2_workshop/scara_controllers/scara_joint_velocity_controller'
[0.622s] INFO:colcon.colcon_core.shell:Skip shell extension 'powershell' for command environment: Not usable outside of PowerShell
[0.622s] DEBUG:colcon.colcon_core.shell:Skip shell extension 'dsv' for command environment
[0.628s] INFO:colcon.colcon_ros.task.ament_cmake.build:Building ROS package in '/home/grp4_muem/info_indus/ros2_ws/src/ecat_ros2_workshop/scara_nodes' with build type 'ament_cmake'
[0.629s] INFO:colcon.colcon_cmake.task.cmake.build:Building CMake package in '/home/grp4_muem/info_indus/ros2_ws/src/ecat_ros2_workshop/scara_nodes'
[0.631s] INFO:colcon.colcon_core.shell:Skip shell extension 'powershell' for command environment: Not usable outside of PowerShell
[0.631s] DEBUG:colcon.colcon_core.shell:Skip shell extension 'dsv' for command environment
[0.642s] DEBUG:colcon.colcon_core.event_handler.log_command:Invoking command in '/home/grp4_muem/info_indus/ros2_ws/build/scara_description': CMAKE_PREFIX_PATH=${CMAKE_PREFIX_PATH}:/opt/ros/jazzy DEBUGINFOD_URLS=https://debuginfod.ubuntu.com /usr/bin/cmake /home/grp4_muem/info_indus/ros2_ws/src/ecat_ros2_workshop/scara_description -DCMAKE_BUILD_TYPE=Release -DAMENT_CMAKE_SYMLINK_INSTALL=1 -DCMAKE_INSTALL_PREFIX=/home/grp4_muem/info_indus/ros2_ws/install/scara_description
[0.645s] DEBUG:colcon.colcon_core.event_handler.log_command:Invoking command in '/home/grp4_muem/info_indus/ros2_ws/build/scara_bringup': CMAKE_PREFIX_PATH=${CMAKE_PREFIX_PATH}:/opt/ros/jazzy DEBUGINFOD_URLS=https://debuginfod.ubuntu.com /usr/bin/cmake /home/grp4_muem/info_indus/ros2_ws/src/ecat_ros2_workshop/scara_bringup -DCMAKE_BUILD_TYPE=Release -DAMENT_CMAKE_SYMLINK_INSTALL=1 -DCMAKE_INSTALL_PREFIX=/home/grp4_muem/info_indus/ros2_ws/install/scara_bringup
[0.655s] DEBUG:colcon.colcon_core.event_handler.log_command:Invoking command in '/home/grp4_muem/info_indus/ros2_ws/build/scara_joint_velocity_controller': CMAKE_PREFIX_PATH=${CMAKE_PREFIX_PATH}:/opt/ros/jazzy DEBUGINFOD_URLS=https://debuginfod.ubuntu.com /usr/bin/cmake /home/grp4_muem/info_indus/ros2_ws/src/ecat_ros2_workshop/scara_controllers/scara_joint_velocity_controller -DCMAKE_BUILD_TYPE=Release -DAMENT_CMAKE_SYMLINK_INSTALL=1 -DCMAKE_INSTALL_PREFIX=/home/grp4_muem/info_indus/ros2_ws/install/scara_joint_velocity_controller
[0.666s] DEBUG:colcon.colcon_core.event_handler.log_command:Invoking command in '/home/grp4_muem/info_indus/ros2_ws/build/scara_nodes': CMAKE_PREFIX_PATH=${CMAKE_PREFIX_PATH}:/opt/ros/jazzy DEBUGINFOD_URLS=https://debuginfod.ubuntu.com /usr/bin/cmake /home/grp4_muem/info_indus/ros2_ws/src/ecat_ros2_workshop/scara_nodes -DCMAKE_BUILD_TYPE=Release -DAMENT_CMAKE_SYMLINK_INSTALL=1 -DCMAKE_INSTALL_PREFIX=/home/grp4_muem/info_indus/ros2_ws/install/scara_nodes
[3.185s] DEBUG:colcon.colcon_core.event_handler.log_command:Invoked command in '/home/grp4_muem/info_indus/ros2_ws/build/scara_description' returned '0': CMAKE_PREFIX_PATH=${CMAKE_PREFIX_PATH}:/opt/ros/jazzy DEBUGINFOD_URLS=https://debuginfod.ubuntu.com /usr/bin/cmake /home/grp4_muem/info_indus/ros2_ws/src/ecat_ros2_workshop/scara_description -DCMAKE_BUILD_TYPE=Release -DAMENT_CMAKE_SYMLINK_INSTALL=1 -DCMAKE_INSTALL_PREFIX=/home/grp4_muem/info_indus/ros2_ws/install/scara_description
[3.188s] DEBUG:colcon.colcon_core.event_handler.log_command:Invoking command in '/home/grp4_muem/info_indus/ros2_ws/build/scara_description': CMAKE_PREFIX_PATH=${CMAKE_PREFIX_PATH}:/opt/ros/jazzy DEBUGINFOD_URLS=https://debuginfod.ubuntu.com /usr/bin/cmake --build /home/grp4_muem/info_indus/ros2_ws/build/scara_description -- -j4 -l4
[3.296s] DEBUG:colcon.colcon_core.event_handler.log_command:Invoked command in '/home/grp4_muem/info_indus/ros2_ws/build/scara_description' returned '0': CMAKE_PREFIX_PATH=${CMAKE_PREFIX_PATH}:/opt/ros/jazzy DEBUGINFOD_URLS=https://debuginfod.ubuntu.com /usr/bin/cmake --build /home/grp4_muem/info_indus/ros2_ws/build/scara_description -- -j4 -l4
[3.330s] DEBUG:colcon.colcon_core.event_handler.log_command:Invoking command in '/home/grp4_muem/info_indus/ros2_ws/build/scara_description': CMAKE_PREFIX_PATH=${CMAKE_PREFIX_PATH}:/opt/ros/jazzy DEBUGINFOD_URLS=https://debuginfod.ubuntu.com /usr/bin/cmake --install /home/grp4_muem/info_indus/ros2_ws/build/scara_description
[3.624s] DEBUG:colcon.colcon_core.event_handler.log_command:Invoked command in '/home/grp4_muem/info_indus/ros2_ws/build/scara_nodes' returned '0': CMAKE_PREFIX_PATH=${CMAKE_PREFIX_PATH}:/opt/ros/jazzy DEBUGINFOD_URLS=https://debuginfod.ubuntu.com /usr/bin/cmake /home/grp4_muem/info_indus/ros2_ws/src/ecat_ros2_workshop/scara_nodes -DCMAKE_BUILD_TYPE=Release -DAMENT_CMAKE_SYMLINK_INSTALL=1 -DCMAKE_INSTALL_PREFIX=/home/grp4_muem/info_indus/ros2_ws/install/scara_nodes
[3.628s] DEBUG:colcon.colcon_core.event_handler.log_command:Invoking command in '/home/grp4_muem/info_indus/ros2_ws/build/scara_nodes': CMAKE_PREFIX_PATH=${CMAKE_PREFIX_PATH}:/opt/ros/jazzy DEBUGINFOD_URLS=https://debuginfod.ubuntu.com /usr/bin/cmake --build /home/grp4_muem/info_indus/ros2_ws/build/scara_nodes -- -j4 -l4
[3.733s] DEBUG:colcon.colcon_core.event_handler.log_command:Invoked command in '/home/grp4_muem/info_indus/ros2_ws/build/scara_nodes' returned '0': CMAKE_PREFIX_PATH=${CMAKE_PREFIX_PATH}:/opt/ros/jazzy DEBUGINFOD_URLS=https://debuginfod.ubuntu.com /usr/bin/cmake --build /home/grp4_muem/info_indus/ros2_ws/build/scara_nodes -- -j4 -l4
[3.734s] DEBUG:colcon.colcon_core.event_handler.log_command:Invoking command in '/home/grp4_muem/info_indus/ros2_ws/build/scara_nodes': CMAKE_PREFIX_PATH=${CMAKE_PREFIX_PATH}:/opt/ros/jazzy DEBUGINFOD_URLS=https://debuginfod.ubuntu.com /usr/bin/cmake --install /home/grp4_muem/info_indus/ros2_ws/build/scara_nodes
[3.967s] Level 1:colcon.colcon_core.environment:create_environment_scripts_only(scara_description)
[3.968s] DEBUG:colcon.colcon_core.event_handler.log_command:Invoked command in '/home/grp4_muem/info_indus/ros2_ws/build/scara_description' returned '0': CMAKE_PREFIX_PATH=${CMAKE_PREFIX_PATH}:/opt/ros/jazzy DEBUGINFOD_URLS=https://debuginfod.ubuntu.com /usr/bin/cmake --install /home/grp4_muem/info_indus/ros2_ws/build/scara_description
[3.981s] Level 1:colcon.colcon_core.environment:checking '/home/grp4_muem/info_indus/ros2_ws/install/scara_description' for CMake module files
[3.982s] Level 1:colcon.colcon_core.environment:checking '/home/grp4_muem/info_indus/ros2_ws/install/scara_description' for CMake config files
[3.982s] Level 1:colcon.colcon_core.shell:create_environment_hook('scara_description', 'cmake_prefix_path')
[3.982s] INFO:colcon.colcon_core.shell:Creating environment hook '/home/grp4_muem/info_indus/ros2_ws/install/scara_description/share/scara_description/hook/cmake_prefix_path.ps1'
[3.984s] INFO:colcon.colcon_core.shell:Creating environment descriptor '/home/grp4_muem/info_indus/ros2_ws/install/scara_description/share/scara_description/hook/cmake_prefix_path.dsv'
[3.985s] INFO:colcon.colcon_core.shell:Creating environment hook '/home/grp4_muem/info_indus/ros2_ws/install/scara_description/share/scara_description/hook/cmake_prefix_path.sh'
[3.987s] Level 1:colcon.colcon_core.environment:checking '/home/grp4_muem/info_indus/ros2_ws/install/scara_description/bin'
[3.988s] Level 1:colcon.colcon_core.environment:checking '/home/grp4_muem/info_indus/ros2_ws/install/scara_description/lib/pkgconfig/scara_description.pc'
[3.988s] Level 1:colcon.colcon_core.environment:checking '/home/grp4_muem/info_indus/ros2_ws/install/scara_description/lib/python3.12/site-packages'
[3.989s] Level 1:colcon.colcon_core.environment:checking '/home/grp4_muem/info_indus/ros2_ws/install/scara_description/bin'
[3.990s] INFO:colcon.colcon_core.shell:Creating package script '/home/grp4_muem/info_indus/ros2_ws/install/scara_description/share/scara_description/package.ps1'
[3.991s] INFO:colcon.colcon_core.shell:Creating package descriptor '/home/grp4_muem/info_indus/ros2_ws/install/scara_description/share/scara_description/package.dsv'
[3.992s] INFO:colcon.colcon_core.shell:Creating package script '/home/grp4_muem/info_indus/ros2_ws/install/scara_description/share/scara_description/package.sh'
[3.994s] INFO:colcon.colcon_core.shell:Creating package script '/home/grp4_muem/info_indus/ros2_ws/install/scara_description/share/scara_description/package.bash'
[3.997s] INFO:colcon.colcon_core.shell:Creating package script '/home/grp4_muem/info_indus/ros2_ws/install/scara_description/share/scara_description/package.zsh'
[3.998s] Level 1:colcon.colcon_core.environment:create_file_with_runtime_dependencies(/home/grp4_muem/info_indus/ros2_ws/install/scara_description/share/colcon-core/packages/scara_description)
[4.000s] Level 1:colcon.colcon_core.environment:create_environment_scripts_only(scara_description)
[4.000s] Level 1:colcon.colcon_core.environment:checking '/home/grp4_muem/info_indus/ros2_ws/install/scara_description' for CMake module files
[4.001s] Level 1:colcon.colcon_core.environment:checking '/home/grp4_muem/info_indus/ros2_ws/install/scara_description' for CMake config files
[4.002s] Level 1:colcon.colcon_core.shell:create_environment_hook('scara_description', 'cmake_prefix_path')
[4.002s] INFO:colcon.colcon_core.shell:Creating environment hook '/home/grp4_muem/info_indus/ros2_ws/install/scara_description/share/scara_description/hook/cmake_prefix_path.ps1'
[4.003s] INFO:colcon.colcon_core.shell:Creating environment descriptor '/home/grp4_muem/info_indus/ros2_ws/install/scara_description/share/scara_description/hook/cmake_prefix_path.dsv'
[4.004s] INFO:colcon.colcon_core.shell:Creating environment hook '/home/grp4_muem/info_indus/ros2_ws/install/scara_description/share/scara_description/hook/cmake_prefix_path.sh'
[4.005s] Level 1:colcon.colcon_core.environment:checking '/home/grp4_muem/info_indus/ros2_ws/install/scara_description/bin'
[4.006s] Level 1:colcon.colcon_core.environment:checking '/home/grp4_muem/info_indus/ros2_ws/install/scara_description/lib/pkgconfig/scara_description.pc'
[4.006s] Level 1:colcon.colcon_core.environment:checking '/home/grp4_muem/info_indus/ros2_ws/install/scara_description/lib/python3.12/site-packages'
[4.007s] Level 1:colcon.colcon_core.environment:checking '/home/grp4_muem/info_indus/ros2_ws/install/scara_description/bin'
[4.008s] INFO:colcon.colcon_core.shell:Creating package script '/home/grp4_muem/info_indus/ros2_ws/install/scara_description/share/scara_description/package.ps1'
[4.009s] INFO:colcon.colcon_core.shell:Creating package descriptor '/home/grp4_muem/info_indus/ros2_ws/install/scara_description/share/scara_description/package.dsv'
[4.011s] INFO:colcon.colcon_core.shell:Creating package script '/home/grp4_muem/info_indus/ros2_ws/install/scara_description/share/scara_description/package.sh'
[4.012s] INFO:colcon.colcon_core.shell:Creating package script '/home/grp4_muem/info_indus/ros2_ws/install/scara_description/share/scara_description/package.bash'
[4.013s] INFO:colcon.colcon_core.shell:Creating package script '/home/grp4_muem/info_indus/ros2_ws/install/scara_description/share/scara_description/package.zsh'
[4.014s] Level 1:colcon.colcon_core.environment:create_file_with_runtime_dependencies(/home/grp4_muem/info_indus/ros2_ws/install/scara_description/share/colcon-core/packages/scara_description)
[4.014s] INFO:colcon.colcon_ros.task.ament_cmake.build:Building ROS package in '/home/grp4_muem/info_indus/ros2_ws/src/ecat_ros2_workshop/scara_hardware' with build type 'ament_cmake'
[4.014s] INFO:colcon.colcon_cmake.task.cmake.build:Building CMake package in '/home/grp4_muem/info_indus/ros2_ws/src/ecat_ros2_workshop/scara_hardware'
[4.015s] INFO:colcon.colcon_core.shell:Skip shell extension 'powershell' for command environment: Not usable outside of PowerShell
[4.015s] DEBUG:colcon.colcon_core.shell:Skip shell extension 'dsv' for command environment
[4.051s] DEBUG:colcon.colcon_core.event_handler.log_command:Invoking command in '/home/grp4_muem/info_indus/ros2_ws/build/scara_hardware': AMENT_PREFIX_PATH=/home/grp4_muem/info_indus/ros2_ws/install/scara_description:${AMENT_PREFIX_PATH} CMAKE_PREFIX_PATH=/home/grp4_muem/info_indus/ros2_ws/install/scara_description:/opt/ros/jazzy/opt/gz_sim_vendor:/opt/ros/jazzy/opt/gz_sensors_vendor:/opt/ros/jazzy/opt/gz_physics_vendor:/opt/ros/jazzy/opt/sdformat_vendor:/opt/ros/jazzy/opt/gz_gui_vendor:/opt/ros/jazzy/opt/gz_transport_vendor:/opt/ros/jazzy/opt/gz_rendering_vendor:/opt/ros/jazzy/opt/gz_plugin_vendor:/opt/ros/jazzy/opt/gz_fuel_tools_vendor:/opt/ros/jazzy/opt/gz_msgs_vendor:/opt/ros/jazzy/opt/gz_common_vendor:/opt/ros/jazzy/opt/gz_math_vendor:/opt/ros/jazzy/opt/gz_utils_vendor:/opt/ros/jazzy/opt/gz_tools_vendor:/opt/ros/jazzy/opt/gz_ogre_next_vendor:/opt/ros/jazzy/opt/gz_dartsim_vendor:/opt/ros/jazzy/opt/gz_cmake_vendor:/opt/ros/jazzy DEBUGINFOD_URLS=https://debuginfod.ubuntu.com /usr/bin/cmake /home/grp4_muem/info_indus/ros2_ws/src/ecat_ros2_workshop/scara_hardware -DCMAKE_BUILD_TYPE=Release -DAMENT_CMAKE_SYMLINK_INSTALL=1 -DCMAKE_INSTALL_PREFIX=/home/grp4_muem/info_indus/ros2_ws/install/scara_hardware
[4.204s] Level 1:colcon.colcon_core.environment:create_environment_scripts_only(scara_nodes)
[4.204s] DEBUG:colcon.colcon_core.event_handler.log_command:Invoked command in '/home/grp4_muem/info_indus/ros2_ws/build/scara_nodes' returned '0': CMAKE_PREFIX_PATH=${CMAKE_PREFIX_PATH}:/opt/ros/jazzy DEBUGINFOD_URLS=https://debuginfod.ubuntu.com /usr/bin/cmake --install /home/grp4_muem/info_indus/ros2_ws/build/scara_nodes
[4.205s] Level 1:colcon.colcon_core.environment:checking '/home/grp4_muem/info_indus/ros2_ws/install/scara_nodes' for CMake module files
[4.206s] Level 1:colcon.colcon_core.environment:checking '/home/grp4_muem/info_indus/ros2_ws/install/scara_nodes' for CMake config files
[4.206s] Level 1:colcon.colcon_core.shell:create_environment_hook('scara_nodes', 'cmake_prefix_path')
[4.206s] INFO:colcon.colcon_core.shell:Creating environment hook '/home/grp4_muem/info_indus/ros2_ws/install/scara_nodes/share/scara_nodes/hook/cmake_prefix_path.ps1'
[4.207s] INFO:colcon.colcon_core.shell:Creating environment descriptor '/home/grp4_muem/info_indus/ros2_ws/install/scara_nodes/share/scara_nodes/hook/cmake_prefix_path.dsv'
[4.208s] INFO:colcon.colcon_core.shell:Creating environment hook '/home/grp4_muem/info_indus/ros2_ws/install/scara_nodes/share/scara_nodes/hook/cmake_prefix_path.sh'
[4.208s] Level 1:colcon.colcon_core.environment:checking '/home/grp4_muem/info_indus/ros2_ws/install/scara_nodes/lib'
[4.209s] Level 1:colcon.colcon_core.environment:checking '/home/grp4_muem/info_indus/ros2_ws/install/scara_nodes/bin'
[4.209s] Level 1:colcon.colcon_core.environment:checking '/home/grp4_muem/info_indus/ros2_ws/install/scara_nodes/lib/pkgconfig/scara_nodes.pc'
[4.209s] Level 1:colcon.colcon_core.environment:checking '/home/grp4_muem/info_indus/ros2_ws/install/scara_nodes/lib/python3.12/site-packages'
[4.210s] Level 1:colcon.colcon_core.environment:checking '/home/grp4_muem/info_indus/ros2_ws/install/scara_nodes/bin'
[4.210s] INFO:colcon.colcon_core.shell:Creating package script '/home/grp4_muem/info_indus/ros2_ws/install/scara_nodes/share/scara_nodes/package.ps1'
[4.211s] INFO:colcon.colcon_core.shell:Creating package descriptor '/home/grp4_muem/info_indus/ros2_ws/install/scara_nodes/share/scara_nodes/package.dsv'
[4.212s] INFO:colcon.colcon_core.shell:Creating package script '/home/grp4_muem/info_indus/ros2_ws/install/scara_nodes/share/scara_nodes/package.sh'
[4.212s] INFO:colcon.colcon_core.shell:Creating package script '/home/grp4_muem/info_indus/ros2_ws/install/scara_nodes/share/scara_nodes/package.bash'
[4.213s] INFO:colcon.colcon_core.shell:Creating package script '/home/grp4_muem/info_indus/ros2_ws/install/scara_nodes/share/scara_nodes/package.zsh'
[4.213s] Level 1:colcon.colcon_core.environment:create_file_with_runtime_dependencies(/home/grp4_muem/info_indus/ros2_ws/install/scara_nodes/share/colcon-core/packages/scara_nodes)
[4.214s] Level 1:colcon.colcon_core.environment:create_environment_scripts_only(scara_nodes)
[4.215s] Level 1:colcon.colcon_core.environment:checking '/home/grp4_muem/info_indus/ros2_ws/install/scara_nodes' for CMake module files
[4.215s] Level 1:colcon.colcon_core.environment:checking '/home/grp4_muem/info_indus/ros2_ws/install/scara_nodes' for CMake config files
[4.216s] Level 1:colcon.colcon_core.shell:create_environment_hook('scara_nodes', 'cmake_prefix_path')
[4.216s] INFO:colcon.colcon_core.shell:Creating environment hook '/home/grp4_muem/info_indus/ros2_ws/install/scara_nodes/share/scara_nodes/hook/cmake_prefix_path.ps1'
[4.217s] INFO:colcon.colcon_core.shell:Creating environment descriptor '/home/grp4_muem/info_indus/ros2_ws/install/scara_nodes/share/scara_nodes/hook/cmake_prefix_path.dsv'
[4.217s] INFO:colcon.colcon_core.shell:Creating environment hook '/home/grp4_muem/info_indus/ros2_ws/install/scara_nodes/share/scara_nodes/hook/cmake_prefix_path.sh'
[4.218s] Level 1:colcon.colcon_core.environment:checking '/home/grp4_muem/info_indus/ros2_ws/install/scara_nodes/lib'
[4.218s] Level 1:colcon.colcon_core.environment:checking '/home/grp4_muem/info_indus/ros2_ws/install/scara_nodes/bin'
[4.218s] Level 1:colcon.colcon_core.environment:checking '/home/grp4_muem/info_indus/ros2_ws/install/scara_nodes/lib/pkgconfig/scara_nodes.pc'
[4.219s] Level 1:colcon.colcon_core.environment:checking '/home/grp4_muem/info_indus/ros2_ws/install/scara_nodes/lib/python3.12/site-packages'
[4.219s] Level 1:colcon.colcon_core.environment:checking '/home/grp4_muem/info_indus/ros2_ws/install/scara_nodes/bin'
[4.220s] INFO:colcon.colcon_core.shell:Creating package script '/home/grp4_muem/info_indus/ros2_ws/install/scara_nodes/share/scara_nodes/package.ps1'
[4.224s] INFO:colcon.colcon_core.shell:Creating package descriptor '/home/grp4_muem/info_indus/ros2_ws/install/scara_nodes/share/scara_nodes/package.dsv'
[4.225s] INFO:colcon.colcon_core.shell:Creating package script '/home/grp4_muem/info_indus/ros2_ws/install/scara_nodes/share/scara_nodes/package.sh'
[4.229s] INFO:colcon.colcon_core.shell:Creating package script '/home/grp4_muem/info_indus/ros2_ws/install/scara_nodes/share/scara_nodes/package.bash'
[4.230s] INFO:colcon.colcon_core.shell:Creating package script '/home/grp4_muem/info_indus/ros2_ws/install/scara_nodes/share/scara_nodes/package.zsh'
[4.231s] Level 1:colcon.colcon_core.environment:create_file_with_runtime_dependencies(/home/grp4_muem/info_indus/ros2_ws/install/scara_nodes/share/colcon-core/packages/scara_nodes)
[4.314s] DEBUG:colcon.colcon_core.event_handler.log_command:Invoked command in '/home/grp4_muem/info_indus/ros2_ws/build/scara_bringup' returned '0': CMAKE_PREFIX_PATH=${CMAKE_PREFIX_PATH}:/opt/ros/jazzy DEBUGINFOD_URLS=https://debuginfod.ubuntu.com /usr/bin/cmake /home/grp4_muem/info_indus/ros2_ws/src/ecat_ros2_workshop/scara_bringup -DCMAKE_BUILD_TYPE=Release -DAMENT_CMAKE_SYMLINK_INSTALL=1 -DCMAKE_INSTALL_PREFIX=/home/grp4_muem/info_indus/ros2_ws/install/scara_bringup
[4.318s] DEBUG:colcon.colcon_core.event_handler.log_command:Invoking command in '/home/grp4_muem/info_indus/ros2_ws/build/scara_bringup': CMAKE_PREFIX_PATH=${CMAKE_PREFIX_PATH}:/opt/ros/jazzy DEBUGINFOD_URLS=https://debuginfod.ubuntu.com /usr/bin/cmake --build /home/grp4_muem/info_indus/ros2_ws/build/scara_bringup -- -j4 -l4
[4.434s] DEBUG:colcon.colcon_core.event_handler.log_command:Invoked command in '/home/grp4_muem/info_indus/ros2_ws/build/scara_bringup' returned '0': CMAKE_PREFIX_PATH=${CMAKE_PREFIX_PATH}:/opt/ros/jazzy DEBUGINFOD_URLS=https://debuginfod.ubuntu.com /usr/bin/cmake --build /home/grp4_muem/info_indus/ros2_ws/build/scara_bringup -- -j4 -l4
[4.438s] DEBUG:colcon.colcon_core.event_handler.log_command:Invoking command in '/home/grp4_muem/info_indus/ros2_ws/build/scara_bringup': CMAKE_PREFIX_PATH=${CMAKE_PREFIX_PATH}:/opt/ros/jazzy DEBUGINFOD_URLS=https://debuginfod.ubuntu.com /usr/bin/cmake --install /home/grp4_muem/info_indus/ros2_ws/build/scara_bringup
[4.890s] Level 1:colcon.colcon_core.environment:create_environment_scripts_only(scara_bringup)
[4.890s] Level 1:colcon.colcon_core.environment:checking '/home/grp4_muem/info_indus/ros2_ws/install/scara_bringup' for CMake module files
[4.891s] DEBUG:colcon.colcon_core.event_handler.log_command:Invoked command in '/home/grp4_muem/info_indus/ros2_ws/build/scara_bringup' returned '0': CMAKE_PREFIX_PATH=${CMAKE_PREFIX_PATH}:/opt/ros/jazzy DEBUGINFOD_URLS=https://debuginfod.ubuntu.com /usr/bin/cmake --install /home/grp4_muem/info_indus/ros2_ws/build/scara_bringup
[4.892s] Level 1:colcon.colcon_core.environment:checking '/home/grp4_muem/info_indus/ros2_ws/install/scara_bringup' for CMake config files
[4.892s] Level 1:colcon.colcon_core.shell:create_environment_hook('scara_bringup', 'cmake_prefix_path')
[4.892s] INFO:colcon.colcon_core.shell:Creating environment hook '/home/grp4_muem/info_indus/ros2_ws/install/scara_bringup/share/scara_bringup/hook/cmake_prefix_path.ps1'
[4.893s] INFO:colcon.colcon_core.shell:Creating environment descriptor '/home/grp4_muem/info_indus/ros2_ws/install/scara_bringup/share/scara_bringup/hook/cmake_prefix_path.dsv'
[4.894s] INFO:colcon.colcon_core.shell:Creating environment hook '/home/grp4_muem/info_indus/ros2_ws/install/scara_bringup/share/scara_bringup/hook/cmake_prefix_path.sh'
[4.895s] Level 1:colcon.colcon_core.environment:checking '/home/grp4_muem/info_indus/ros2_ws/install/scara_bringup/bin'
[4.895s] Level 1:colcon.colcon_core.environment:checking '/home/grp4_muem/info_indus/ros2_ws/install/scara_bringup/lib/pkgconfig/scara_bringup.pc'
[4.896s] Level 1:colcon.colcon_core.environment:checking '/home/grp4_muem/info_indus/ros2_ws/install/scara_bringup/lib/python3.12/site-packages'
[4.896s] Level 1:colcon.colcon_core.environment:checking '/home/grp4_muem/info_indus/ros2_ws/install/scara_bringup/bin'
[4.897s] INFO:colcon.colcon_core.shell:Creating package script '/home/grp4_muem/info_indus/ros2_ws/install/scara_bringup/share/scara_bringup/package.ps1'
[4.897s] INFO:colcon.colcon_core.shell:Creating package descriptor '/home/grp4_muem/info_indus/ros2_ws/install/scara_bringup/share/scara_bringup/package.dsv'
[4.898s] INFO:colcon.colcon_core.shell:Creating package script '/home/grp4_muem/info_indus/ros2_ws/install/scara_bringup/share/scara_bringup/package.sh'
[4.899s] INFO:colcon.colcon_core.shell:Creating package script '/home/grp4_muem/info_indus/ros2_ws/install/scara_bringup/share/scara_bringup/package.bash'
[4.899s] INFO:colcon.colcon_core.shell:Creating package script '/home/grp4_muem/info_indus/ros2_ws/install/scara_bringup/share/scara_bringup/package.zsh'
[4.899s] Level 1:colcon.colcon_core.environment:create_file_with_runtime_dependencies(/home/grp4_muem/info_indus/ros2_ws/install/scara_bringup/share/colcon-core/packages/scara_bringup)
[4.900s] Level 1:colcon.colcon_core.environment:create_environment_scripts_only(scara_bringup)
[4.901s] Level 1:colcon.colcon_core.environment:checking '/home/grp4_muem/info_indus/ros2_ws/install/scara_bringup' for CMake module files
[4.902s] Level 1:colcon.colcon_core.environment:checking '/home/grp4_muem/info_indus/ros2_ws/install/scara_bringup' for CMake config files
[4.902s] Level 1:colcon.colcon_core.shell:create_environment_hook('scara_bringup', 'cmake_prefix_path')
[4.902s] INFO:colcon.colcon_core.shell:Creating environment hook '/home/grp4_muem/info_indus/ros2_ws/install/scara_bringup/share/scara_bringup/hook/cmake_prefix_path.ps1'
[4.903s] INFO:colcon.colcon_core.shell:Creating environment descriptor '/home/grp4_muem/info_indus/ros2_ws/install/scara_bringup/share/scara_bringup/hook/cmake_prefix_path.dsv'
[4.903s] INFO:colcon.colcon_core.shell:Creating environment hook '/home/grp4_muem/info_indus/ros2_ws/install/scara_bringup/share/scara_bringup/hook/cmake_prefix_path.sh'
[4.904s] Level 1:colcon.colcon_core.environment:checking '/home/grp4_muem/info_indus/ros2_ws/install/scara_bringup/bin'
[4.904s] Level 1:colcon.colcon_core.environment:checking '/home/grp4_muem/info_indus/ros2_ws/install/scara_bringup/lib/pkgconfig/scara_bringup.pc'
[4.904s] Level 1:colcon.colcon_core.environment:checking '/home/grp4_muem/info_indus/ros2_ws/install/scara_bringup/lib/python3.12/site-packages'
[4.905s] Level 1:colcon.colcon_core.environment:checking '/home/grp4_muem/info_indus/ros2_ws/install/scara_bringup/bin'
[4.905s] INFO:colcon.colcon_core.shell:Creating package script '/home/grp4_muem/info_indus/ros2_ws/install/scara_bringup/share/scara_bringup/package.ps1'
[4.906s] INFO:colcon.colcon_core.shell:Creating package descriptor '/home/grp4_muem/info_indus/ros2_ws/install/scara_bringup/share/scara_bringup/package.dsv'
[4.907s] INFO:colcon.colcon_core.shell:Creating package script '/home/grp4_muem/info_indus/ros2_ws/install/scara_bringup/share/scara_bringup/package.sh'
[4.907s] INFO:colcon.colcon_core.shell:Creating package script '/home/grp4_muem/info_indus/ros2_ws/install/scara_bringup/share/scara_bringup/package.bash'
[4.908s] INFO:colcon.colcon_core.shell:Creating package script '/home/grp4_muem/info_indus/ros2_ws/install/scara_bringup/share/scara_bringup/package.zsh'
[4.908s] Level 1:colcon.colcon_core.environment:create_file_with_runtime_dependencies(/home/grp4_muem/info_indus/ros2_ws/install/scara_bringup/share/colcon-core/packages/scara_bringup)
[5.178s] DEBUG:colcon.colcon_core.event_handler.log_command:Invoked command in '/home/grp4_muem/info_indus/ros2_ws/build/scara_joint_velocity_controller' returned '0': CMAKE_PREFIX_PATH=${CMAKE_PREFIX_PATH}:/opt/ros/jazzy DEBUGINFOD_URLS=https://debuginfod.ubuntu.com /usr/bin/cmake /home/grp4_muem/info_indus/ros2_ws/src/ecat_ros2_workshop/scara_controllers/scara_joint_velocity_controller -DCMAKE_BUILD_TYPE=Release -DAMENT_CMAKE_SYMLINK_INSTALL=1 -DCMAKE_INSTALL_PREFIX=/home/grp4_muem/info_indus/ros2_ws/install/scara_joint_velocity_controller
[5.181s] DEBUG:colcon.colcon_core.event_handler.log_command:Invoking command in '/home/grp4_muem/info_indus/ros2_ws/build/scara_joint_velocity_controller': CMAKE_PREFIX_PATH=${CMAKE_PREFIX_PATH}:/opt/ros/jazzy DEBUGINFOD_URLS=https://debuginfod.ubuntu.com /usr/bin/cmake --build /home/grp4_muem/info_indus/ros2_ws/build/scara_joint_velocity_controller -- -j4 -l4
[7.191s] DEBUG:colcon.colcon_core.event_handler.log_command:Invoked command in '/home/grp4_muem/info_indus/ros2_ws/build/scara_hardware' returned '0': AMENT_PREFIX_PATH=/home/grp4_muem/info_indus/ros2_ws/install/scara_description:${AMENT_PREFIX_PATH} CMAKE_PREFIX_PATH=/home/grp4_muem/info_indus/ros2_ws/install/scara_description:/opt/ros/jazzy/opt/gz_sim_vendor:/opt/ros/jazzy/opt/gz_sensors_vendor:/opt/ros/jazzy/opt/gz_physics_vendor:/opt/ros/jazzy/opt/sdformat_vendor:/opt/ros/jazzy/opt/gz_gui_vendor:/opt/ros/jazzy/opt/gz_transport_vendor:/opt/ros/jazzy/opt/gz_rendering_vendor:/opt/ros/jazzy/opt/gz_plugin_vendor:/opt/ros/jazzy/opt/gz_fuel_tools_vendor:/opt/ros/jazzy/opt/gz_msgs_vendor:/opt/ros/jazzy/opt/gz_common_vendor:/opt/ros/jazzy/opt/gz_math_vendor:/opt/ros/jazzy/opt/gz_utils_vendor:/opt/ros/jazzy/opt/gz_tools_vendor:/opt/ros/jazzy/opt/gz_ogre_next_vendor:/opt/ros/jazzy/opt/gz_dartsim_vendor:/opt/ros/jazzy/opt/gz_cmake_vendor:/opt/ros/jazzy DEBUGINFOD_URLS=https://debuginfod.ubuntu.com /usr/bin/cmake /home/grp4_muem/info_indus/ros2_ws/src/ecat_ros2_workshop/scara_hardware -DCMAKE_BUILD_TYPE=Release -DAMENT_CMAKE_SYMLINK_INSTALL=1 -DCMAKE_INSTALL_PREFIX=/home/grp4_muem/info_indus/ros2_ws/install/scara_hardware
[7.194s] DEBUG:colcon.colcon_core.event_handler.log_command:Invoking command in '/home/grp4_muem/info_indus/ros2_ws/build/scara_hardware': AMENT_PREFIX_PATH=/home/grp4_muem/info_indus/ros2_ws/install/scara_description:${AMENT_PREFIX_PATH} CMAKE_PREFIX_PATH=/home/grp4_muem/info_indus/ros2_ws/install/scara_description:/opt/ros/jazzy/opt/gz_sim_vendor:/opt/ros/jazzy/opt/gz_sensors_vendor:/opt/ros/jazzy/opt/gz_physics_vendor:/opt/ros/jazzy/opt/sdformat_vendor:/opt/ros/jazzy/opt/gz_gui_vendor:/opt/ros/jazzy/opt/gz_transport_vendor:/opt/ros/jazzy/opt/gz_rendering_vendor:/opt/ros/jazzy/opt/gz_plugin_vendor:/opt/ros/jazzy/opt/gz_fuel_tools_vendor:/opt/ros/jazzy/opt/gz_msgs_vendor:/opt/ros/jazzy/opt/gz_common_vendor:/opt/ros/jazzy/opt/gz_math_vendor:/opt/ros/jazzy/opt/gz_utils_vendor:/opt/ros/jazzy/opt/gz_tools_vendor:/opt/ros/jazzy/opt/gz_ogre_next_vendor:/opt/ros/jazzy/opt/gz_dartsim_vendor:/opt/ros/jazzy/opt/gz_cmake_vendor:/opt/ros/jazzy DEBUGINFOD_URLS=https://debuginfod.ubuntu.com /usr/bin/cmake --build /home/grp4_muem/info_indus/ros2_ws/build/scara_hardware -- -j4 -l4
[20.346s] DEBUG:colcon.colcon_core.event_handler.log_command:Invoked command in '/home/grp4_muem/info_indus/ros2_ws/build/scara_hardware' returned '0': AMENT_PREFIX_PATH=/home/grp4_muem/info_indus/ros2_ws/install/scara_description:${AMENT_PREFIX_PATH} CMAKE_PREFIX_PATH=/home/grp4_muem/info_indus/ros2_ws/install/scara_description:/opt/ros/jazzy/opt/gz_sim_vendor:/opt/ros/jazzy/opt/gz_sensors_vendor:/opt/ros/jazzy/opt/gz_physics_vendor:/opt/ros/jazzy/opt/sdformat_vendor:/opt/ros/jazzy/opt/gz_gui_vendor:/opt/ros/jazzy/opt/gz_transport_vendor:/opt/ros/jazzy/opt/gz_rendering_vendor:/opt/ros/jazzy/opt/gz_plugin_vendor:/opt/ros/jazzy/opt/gz_fuel_tools_vendor:/opt/ros/jazzy/opt/gz_msgs_vendor:/opt/ros/jazzy/opt/gz_common_vendor:/opt/ros/jazzy/opt/gz_math_vendor:/opt/ros/jazzy/opt/gz_utils_vendor:/opt/ros/jazzy/opt/gz_tools_vendor:/opt/ros/jazzy/opt/gz_ogre_next_vendor:/opt/ros/jazzy/opt/gz_dartsim_vendor:/opt/ros/jazzy/opt/gz_cmake_vendor:/opt/ros/jazzy DEBUGINFOD_URLS=https://debuginfod.ubuntu.com /usr/bin/cmake --build /home/grp4_muem/info_indus/ros2_ws/build/scara_hardware -- -j4 -l4
[20.348s] DEBUG:colcon.colcon_core.event_handler.log_command:Invoking command in '/home/grp4_muem/info_indus/ros2_ws/build/scara_hardware': AMENT_PREFIX_PATH=/home/grp4_muem/info_indus/ros2_ws/install/scara_description:${AMENT_PREFIX_PATH} CMAKE_PREFIX_PATH=/home/grp4_muem/info_indus/ros2_ws/install/scara_description:/opt/ros/jazzy/opt/gz_sim_vendor:/opt/ros/jazzy/opt/gz_sensors_vendor:/opt/ros/jazzy/opt/gz_physics_vendor:/opt/ros/jazzy/opt/sdformat_vendor:/opt/ros/jazzy/opt/gz_gui_vendor:/opt/ros/jazzy/opt/gz_transport_vendor:/opt/ros/jazzy/opt/gz_rendering_vendor:/opt/ros/jazzy/opt/gz_plugin_vendor:/opt/ros/jazzy/opt/gz_fuel_tools_vendor:/opt/ros/jazzy/opt/gz_msgs_vendor:/opt/ros/jazzy/opt/gz_common_vendor:/opt/ros/jazzy/opt/gz_math_vendor:/opt/ros/jazzy/opt/gz_utils_vendor:/opt/ros/jazzy/opt/gz_tools_vendor:/opt/ros/jazzy/opt/gz_ogre_next_vendor:/opt/ros/jazzy/opt/gz_dartsim_vendor:/opt/ros/jazzy/opt/gz_cmake_vendor:/opt/ros/jazzy DEBUGINFOD_URLS=https://debuginfod.ubuntu.com /usr/bin/cmake --install /home/grp4_muem/info_indus/ros2_ws/build/scara_hardware
[20.923s] Level 1:colcon.colcon_core.environment:create_environment_scripts_only(scara_hardware)
[20.923s] Level 1:colcon.colcon_core.environment:checking '/home/grp4_muem/info_indus/ros2_ws/install/scara_hardware' for CMake module files
[20.924s] DEBUG:colcon.colcon_core.event_handler.log_command:Invoked command in '/home/grp4_muem/info_indus/ros2_ws/build/scara_hardware' returned '0': AMENT_PREFIX_PATH=/home/grp4_muem/info_indus/ros2_ws/install/scara_description:${AMENT_PREFIX_PATH} CMAKE_PREFIX_PATH=/home/grp4_muem/info_indus/ros2_ws/install/scara_description:/opt/ros/jazzy/opt/gz_sim_vendor:/opt/ros/jazzy/opt/gz_sensors_vendor:/opt/ros/jazzy/opt/gz_physics_vendor:/opt/ros/jazzy/opt/sdformat_vendor:/opt/ros/jazzy/opt/gz_gui_vendor:/opt/ros/jazzy/opt/gz_transport_vendor:/opt/ros/jazzy/opt/gz_rendering_vendor:/opt/ros/jazzy/opt/gz_plugin_vendor:/opt/ros/jazzy/opt/gz_fuel_tools_vendor:/opt/ros/jazzy/opt/gz_msgs_vendor:/opt/ros/jazzy/opt/gz_common_vendor:/opt/ros/jazzy/opt/gz_math_vendor:/opt/ros/jazzy/opt/gz_utils_vendor:/opt/ros/jazzy/opt/gz_tools_vendor:/opt/ros/jazzy/opt/gz_ogre_next_vendor:/opt/ros/jazzy/opt/gz_dartsim_vendor:/opt/ros/jazzy/opt/gz_cmake_vendor:/opt/ros/jazzy DEBUGINFOD_URLS=https://debuginfod.ubuntu.com /usr/bin/cmake --install /home/grp4_muem/info_indus/ros2_ws/build/scara_hardware
[20.925s] Level 1:colcon.colcon_core.environment:checking '/home/grp4_muem/info_indus/ros2_ws/install/scara_hardware' for CMake config files
[20.925s] Level 1:colcon.colcon_core.shell:create_environment_hook('scara_hardware', 'cmake_prefix_path')
[20.926s] INFO:colcon.colcon_core.shell:Creating environment hook '/home/grp4_muem/info_indus/ros2_ws/install/scara_hardware/share/scara_hardware/hook/cmake_prefix_path.ps1'
[20.926s] INFO:colcon.colcon_core.shell:Creating environment descriptor '/home/grp4_muem/info_indus/ros2_ws/install/scara_hardware/share/scara_hardware/hook/cmake_prefix_path.dsv'
[20.927s] INFO:colcon.colcon_core.shell:Creating environment hook '/home/grp4_muem/info_indus/ros2_ws/install/scara_hardware/share/scara_hardware/hook/cmake_prefix_path.sh'
[20.927s] Level 1:colcon.colcon_core.environment:checking '/home/grp4_muem/info_indus/ros2_ws/install/scara_hardware/lib'
[20.927s] Level 1:colcon.colcon_core.shell:create_environment_hook('scara_hardware', 'ld_library_path_lib')
[20.928s] INFO:colcon.colcon_core.shell:Creating environment hook '/home/grp4_muem/info_indus/ros2_ws/install/scara_hardware/share/scara_hardware/hook/ld_library_path_lib.ps1'
[20.928s] INFO:colcon.colcon_core.shell:Creating environment descriptor '/home/grp4_muem/info_indus/ros2_ws/install/scara_hardware/share/scara_hardware/hook/ld_library_path_lib.dsv'
[20.929s] INFO:colcon.colcon_core.shell:Creating environment hook '/home/grp4_muem/info_indus/ros2_ws/install/scara_hardware/share/scara_hardware/hook/ld_library_path_lib.sh'
[20.929s] Level 1:colcon.colcon_core.environment:checking '/home/grp4_muem/info_indus/ros2_ws/install/scara_hardware/bin'
[20.929s] Level 1:colcon.colcon_core.environment:checking '/home/grp4_muem/info_indus/ros2_ws/install/scara_hardware/lib/pkgconfig/scara_hardware.pc'
[20.930s] Level 1:colcon.colcon_core.environment:checking '/home/grp4_muem/info_indus/ros2_ws/install/scara_hardware/lib/python3.12/site-packages'
[20.930s] Level 1:colcon.colcon_core.environment:checking '/home/grp4_muem/info_indus/ros2_ws/install/scara_hardware/bin'
[20.930s] INFO:colcon.colcon_core.shell:Creating package script '/home/grp4_muem/info_indus/ros2_ws/install/scara_hardware/share/scara_hardware/package.ps1'
[20.931s] INFO:colcon.colcon_core.shell:Creating package descriptor '/home/grp4_muem/info_indus/ros2_ws/install/scara_hardware/share/scara_hardware/package.dsv'
[20.932s] INFO:colcon.colcon_core.shell:Creating package script '/home/grp4_muem/info_indus/ros2_ws/install/scara_hardware/share/scara_hardware/package.sh'
[20.932s] INFO:colcon.colcon_core.shell:Creating package script '/home/grp4_muem/info_indus/ros2_ws/install/scara_hardware/share/scara_hardware/package.bash'
[20.933s] INFO:colcon.colcon_core.shell:Creating package script '/home/grp4_muem/info_indus/ros2_ws/install/scara_hardware/share/scara_hardware/package.zsh'
[20.933s] Level 1:colcon.colcon_core.environment:create_file_with_runtime_dependencies(/home/grp4_muem/info_indus/ros2_ws/install/scara_hardware/share/colcon-core/packages/scara_hardware)
[20.934s] Level 1:colcon.colcon_core.environment:create_environment_scripts_only(scara_hardware)
[20.934s] Level 1:colcon.colcon_core.environment:checking '/home/grp4_muem/info_indus/ros2_ws/install/scara_hardware' for CMake module files
[20.935s] Level 1:colcon.colcon_core.environment:checking '/home/grp4_muem/info_indus/ros2_ws/install/scara_hardware' for CMake config files
[20.935s] Level 1:colcon.colcon_core.shell:create_environment_hook('scara_hardware', 'cmake_prefix_path')
[20.935s] INFO:colcon.colcon_core.shell:Creating environment hook '/home/grp4_muem/info_indus/ros2_ws/install/scara_hardware/share/scara_hardware/hook/cmake_prefix_path.ps1'
[20.936s] INFO:colcon.colcon_core.shell:Creating environment descriptor '/home/grp4_muem/info_indus/ros2_ws/install/scara_hardware/share/scara_hardware/hook/cmake_prefix_path.dsv'
[20.936s] INFO:colcon.colcon_core.shell:Creating environment hook '/home/grp4_muem/info_indus/ros2_ws/install/scara_hardware/share/scara_hardware/hook/cmake_prefix_path.sh'
[20.937s] Level 1:colcon.colcon_core.environment:checking '/home/grp4_muem/info_indus/ros2_ws/install/scara_hardware/lib'
[20.937s] Level 1:colcon.colcon_core.shell:create_environment_hook('scara_hardware', 'ld_library_path_lib')
[20.937s] INFO:colcon.colcon_core.shell:Creating environment hook '/home/grp4_muem/info_indus/ros2_ws/install/scara_hardware/share/scara_hardware/hook/ld_library_path_lib.ps1'
[20.938s] INFO:colcon.colcon_core.shell:Creating environment descriptor '/home/grp4_muem/info_indus/ros2_ws/install/scara_hardware/share/scara_hardware/hook/ld_library_path_lib.dsv'
[20.938s] INFO:colcon.colcon_core.shell:Creating environment hook '/home/grp4_muem/info_indus/ros2_ws/install/scara_hardware/share/scara_hardware/hook/ld_library_path_lib.sh'
[20.939s] Level 1:colcon.colcon_core.environment:checking '/home/grp4_muem/info_indus/ros2_ws/install/scara_hardware/bin'
[20.939s] Level 1:colcon.colcon_core.environment:checking '/home/grp4_muem/info_indus/ros2_ws/install/scara_hardware/lib/pkgconfig/scara_hardware.pc'
[20.939s] Level 1:colcon.colcon_core.environment:checking '/home/grp4_muem/info_indus/ros2_ws/install/scara_hardware/lib/python3.12/site-packages'
[20.940s] Level 1:colcon.colcon_core.environment:checking '/home/grp4_muem/info_indus/ros2_ws/install/scara_hardware/bin'
[20.940s] INFO:colcon.colcon_core.shell:Creating package script '/home/grp4_muem/info_indus/ros2_ws/install/scara_hardware/share/scara_hardware/package.ps1'
[20.941s] INFO:colcon.colcon_core.shell:Creating package descriptor '/home/grp4_muem/info_indus/ros2_ws/install/scara_hardware/share/scara_hardware/package.dsv'
[20.942s] INFO:colcon.colcon_core.shell:Creating package script '/home/grp4_muem/info_indus/ros2_ws/install/scara_hardware/share/scara_hardware/package.sh'
[20.942s] INFO:colcon.colcon_core.shell:Creating package script '/home/grp4_muem/info_indus/ros2_ws/install/scara_hardware/share/scara_hardware/package.bash'
[20.943s] INFO:colcon.colcon_core.shell:Creating package script '/home/grp4_muem/info_indus/ros2_ws/install/scara_hardware/share/scara_hardware/package.zsh'
[20.943s] Level 1:colcon.colcon_core.environment:create_file_with_runtime_dependencies(/home/grp4_muem/info_indus/ros2_ws/install/scara_hardware/share/colcon-core/packages/scara_hardware)
[26.472s] DEBUG:colcon.colcon_core.event_handler.log_command:Invoked command in '/home/grp4_muem/info_indus/ros2_ws/build/scara_joint_velocity_controller' returned '0': CMAKE_PREFIX_PATH=${CMAKE_PREFIX_PATH}:/opt/ros/jazzy DEBUGINFOD_URLS=https://debuginfod.ubuntu.com /usr/bin/cmake --build /home/grp4_muem/info_indus/ros2_ws/build/scara_joint_velocity_controller -- -j4 -l4
[26.474s] DEBUG:colcon.colcon_core.event_handler.log_command:Invoking command in '/home/grp4_muem/info_indus/ros2_ws/build/scara_joint_velocity_controller': CMAKE_PREFIX_PATH=${CMAKE_PREFIX_PATH}:/opt/ros/jazzy DEBUGINFOD_URLS=https://debuginfod.ubuntu.com /usr/bin/cmake --install /home/grp4_muem/info_indus/ros2_ws/build/scara_joint_velocity_controller
[27.046s] Level 1:colcon.colcon_core.environment:create_environment_scripts_only(scara_joint_velocity_controller)
[27.047s] Level 1:colcon.colcon_core.environment:checking '/home/grp4_muem/info_indus/ros2_ws/install/scara_joint_velocity_controller' for CMake module files
[27.047s] DEBUG:colcon.colcon_core.event_handler.log_command:Invoked command in '/home/grp4_muem/info_indus/ros2_ws/build/scara_joint_velocity_controller' returned '0': CMAKE_PREFIX_PATH=${CMAKE_PREFIX_PATH}:/opt/ros/jazzy DEBUGINFOD_URLS=https://debuginfod.ubuntu.com /usr/bin/cmake --install /home/grp4_muem/info_indus/ros2_ws/build/scara_joint_velocity_controller
[27.048s] Level 1:colcon.colcon_core.environment:checking '/home/grp4_muem/info_indus/ros2_ws/install/scara_joint_velocity_controller' for CMake config files
[27.048s] Level 1:colcon.colcon_core.shell:create_environment_hook('scara_joint_velocity_controller', 'cmake_prefix_path')
[27.048s] INFO:colcon.colcon_core.shell:Creating environment hook '/home/grp4_muem/info_indus/ros2_ws/install/scara_joint_velocity_controller/share/scara_joint_velocity_controller/hook/cmake_prefix_path.ps1'
[27.049s] INFO:colcon.colcon_core.shell:Creating environment descriptor '/home/grp4_muem/info_indus/ros2_ws/install/scara_joint_velocity_controller/share/scara_joint_velocity_controller/hook/cmake_prefix_path.dsv'
[27.049s] INFO:colcon.colcon_core.shell:Creating environment hook '/home/grp4_muem/info_indus/ros2_ws/install/scara_joint_velocity_controller/share/scara_joint_velocity_controller/hook/cmake_prefix_path.sh'
[27.050s] Level 1:colcon.colcon_core.environment:checking '/home/grp4_muem/info_indus/ros2_ws/install/scara_joint_velocity_controller/lib'
[27.050s] Level 1:colcon.colcon_core.shell:create_environment_hook('scara_joint_velocity_controller', 'ld_library_path_lib')
[27.050s] INFO:colcon.colcon_core.shell:Creating environment hook '/home/grp4_muem/info_indus/ros2_ws/install/scara_joint_velocity_controller/share/scara_joint_velocity_controller/hook/ld_library_path_lib.ps1'
[27.051s] INFO:colcon.colcon_core.shell:Creating environment descriptor '/home/grp4_muem/info_indus/ros2_ws/install/scara_joint_velocity_controller/share/scara_joint_velocity_controller/hook/ld_library_path_lib.dsv'
[27.051s] INFO:colcon.colcon_core.shell:Creating environment hook '/home/grp4_muem/info_indus/ros2_ws/install/scara_joint_velocity_controller/share/scara_joint_velocity_controller/hook/ld_library_path_lib.sh'
[27.052s] Level 1:colcon.colcon_core.environment:checking '/home/grp4_muem/info_indus/ros2_ws/install/scara_joint_velocity_controller/bin'
[27.052s] Level 1:colcon.colcon_core.environment:checking '/home/grp4_muem/info_indus/ros2_ws/install/scara_joint_velocity_controller/lib/pkgconfig/scara_joint_velocity_controller.pc'
[27.052s] Level 1:colcon.colcon_core.environment:checking '/home/grp4_muem/info_indus/ros2_ws/install/scara_joint_velocity_controller/lib/python3.12/site-packages'
[27.053s] Level 1:colcon.colcon_core.environment:checking '/home/grp4_muem/info_indus/ros2_ws/install/scara_joint_velocity_controller/bin'
[27.053s] INFO:colcon.colcon_core.shell:Creating package script '/home/grp4_muem/info_indus/ros2_ws/install/scara_joint_velocity_controller/share/scara_joint_velocity_controller/package.ps1'
[27.054s] INFO:colcon.colcon_core.shell:Creating package descriptor '/home/grp4_muem/info_indus/ros2_ws/install/scara_joint_velocity_controller/share/scara_joint_velocity_controller/package.dsv'
[27.055s] INFO:colcon.colcon_core.shell:Creating package script '/home/grp4_muem/info_indus/ros2_ws/install/scara_joint_velocity_controller/share/scara_joint_velocity_controller/package.sh'
[27.055s] INFO:colcon.colcon_core.shell:Creating package script '/home/grp4_muem/info_indus/ros2_ws/install/scara_joint_velocity_controller/share/scara_joint_velocity_controller/package.bash'
[27.056s] INFO:colcon.colcon_core.shell:Creating package script '/home/grp4_muem/info_indus/ros2_ws/install/scara_joint_velocity_controller/share/scara_joint_velocity_controller/package.zsh'
[27.056s] Level 1:colcon.colcon_core.environment:create_file_with_runtime_dependencies(/home/grp4_muem/info_indus/ros2_ws/install/scara_joint_velocity_controller/share/colcon-core/packages/scara_joint_velocity_controller)
[27.057s] Level 1:colcon.colcon_core.environment:create_environment_scripts_only(scara_joint_velocity_controller)
[27.057s] Level 1:colcon.colcon_core.environment:checking '/home/grp4_muem/info_indus/ros2_ws/install/scara_joint_velocity_controller' for CMake module files
[27.058s] Level 1:colcon.colcon_core.environment:checking '/home/grp4_muem/info_indus/ros2_ws/install/scara_joint_velocity_controller' for CMake config files
[27.058s] Level 1:colcon.colcon_core.shell:create_environment_hook('scara_joint_velocity_controller', 'cmake_prefix_path')
[27.059s] INFO:colcon.colcon_core.shell:Creating environment hook '/home/grp4_muem/info_indus/ros2_ws/install/scara_joint_velocity_controller/share/scara_joint_velocity_controller/hook/cmake_prefix_path.ps1'
[27.059s] INFO:colcon.colcon_core.shell:Creating environment descriptor '/home/grp4_muem/info_indus/ros2_ws/install/scara_joint_velocity_controller/share/scara_joint_velocity_controller/hook/cmake_prefix_path.dsv'
[27.060s] INFO:colcon.colcon_core.shell:Creating environment hook '/home/grp4_muem/info_indus/ros2_ws/install/scara_joint_velocity_controller/share/scara_joint_velocity_controller/hook/cmake_prefix_path.sh'
[27.060s] Level 1:colcon.colcon_core.environment:checking '/home/grp4_muem/info_indus/ros2_ws/install/scara_joint_velocity_controller/lib'
[27.060s] Level 1:colcon.colcon_core.shell:create_environment_hook('scara_joint_velocity_controller', 'ld_library_path_lib')
[27.061s] INFO:colcon.colcon_core.shell:Creating environment hook '/home/grp4_muem/info_indus/ros2_ws/install/scara_joint_velocity_controller/share/scara_joint_velocity_controller/hook/ld_library_path_lib.ps1'
[27.061s] INFO:colcon.colcon_core.shell:Creating environment descriptor '/home/grp4_muem/info_indus/ros2_ws/install/scara_joint_velocity_controller/share/scara_joint_velocity_controller/hook/ld_library_path_lib.dsv'
[27.061s] INFO:colcon.colcon_core.shell:Creating environment hook '/home/grp4_muem/info_indus/ros2_ws/install/scara_joint_velocity_controller/share/scara_joint_velocity_controller/hook/ld_library_path_lib.sh'
[27.062s] Level 1:colcon.colcon_core.environment:checking '/home/grp4_muem/info_indus/ros2_ws/install/scara_joint_velocity_controller/bin'
[27.062s] Level 1:colcon.colcon_core.environment:checking '/home/grp4_muem/info_indus/ros2_ws/install/scara_joint_velocity_controller/lib/pkgconfig/scara_joint_velocity_controller.pc'
[27.063s] Level 1:colcon.colcon_core.environment:checking '/home/grp4_muem/info_indus/ros2_ws/install/scara_joint_velocity_controller/lib/python3.12/site-packages'
[27.063s] Level 1:colcon.colcon_core.environment:checking '/home/grp4_muem/info_indus/ros2_ws/install/scara_joint_velocity_controller/bin'
[27.063s] INFO:colcon.colcon_core.shell:Creating package script '/home/grp4_muem/info_indus/ros2_ws/install/scara_joint_velocity_controller/share/scara_joint_velocity_controller/package.ps1'
[27.064s] INFO:colcon.colcon_core.shell:Creating package descriptor '/home/grp4_muem/info_indus/ros2_ws/install/scara_joint_velocity_controller/share/scara_joint_velocity_controller/package.dsv'
[27.065s] INFO:colcon.colcon_core.shell:Creating package script '/home/grp4_muem/info_indus/ros2_ws/install/scara_joint_velocity_controller/share/scara_joint_velocity_controller/package.sh'
[27.065s] INFO:colcon.colcon_core.shell:Creating package script '/home/grp4_muem/info_indus/ros2_ws/install/scara_joint_velocity_controller/share/scara_joint_velocity_controller/package.bash'
[27.066s] INFO:colcon.colcon_core.shell:Creating package script '/home/grp4_muem/info_indus/ros2_ws/install/scara_joint_velocity_controller/share/scara_joint_velocity_controller/package.zsh'
[27.066s] Level 1:colcon.colcon_core.environment:create_file_with_runtime_dependencies(/home/grp4_muem/info_indus/ros2_ws/install/scara_joint_velocity_controller/share/colcon-core/packages/scara_joint_velocity_controller)
[27.066s] DEBUG:colcon.colcon_parallel_executor.executor.parallel:closing loop
[27.067s] DEBUG:colcon.colcon_parallel_executor.executor.parallel:loop closed
[27.067s] DEBUG:colcon.colcon_parallel_executor.executor.parallel:run_until_complete finished with '0'
[27.067s] DEBUG:colcon.colcon_core.event_reactor:joining thread
[27.070s] DEBUG:colcon.colcon_core.event_reactor:joined thread
[27.072s] INFO:colcon.colcon_core.shell:Creating prefix script '/home/grp4_muem/info_indus/ros2_ws/install/local_setup.ps1'
[27.076s] INFO:colcon.colcon_core.shell:Creating prefix util module '/home/grp4_muem/info_indus/ros2_ws/install/_local_setup_util_ps1.py'
[27.079s] INFO:colcon.colcon_core.shell:Creating prefix chain script '/home/grp4_muem/info_indus/ros2_ws/install/setup.ps1'
[27.082s] INFO:colcon.colcon_core.shell:Creating prefix script '/home/grp4_muem/info_indus/ros2_ws/install/local_setup.sh'
[27.083s] INFO:colcon.colcon_core.shell:Creating prefix util module '/home/grp4_muem/info_indus/ros2_ws/install/_local_setup_util_sh.py'
[27.084s] INFO:colcon.colcon_core.shell:Creating prefix chain script '/home/grp4_muem/info_indus/ros2_ws/install/setup.sh'
[27.092s] INFO:colcon.colcon_core.shell:Creating prefix script '/home/grp4_muem/info_indus/ros2_ws/install/local_setup.bash'
[27.095s] INFO:colcon.colcon_core.shell:Creating prefix chain script '/home/grp4_muem/info_indus/ros2_ws/install/setup.bash'
[27.097s] INFO:colcon.colcon_core.shell:Creating prefix script '/home/grp4_muem/info_indus/ros2_ws/install/local_setup.zsh'
[27.100s] INFO:colcon.colcon_core.shell:Creating prefix chain script '/home/grp4_muem/info_indus/ros2_ws/install/setup.zsh'
