[0.059s] Invoking command in '/home/grp4_muem/info_indus/ros2_ws/build/scara_bringup': CMAKE_PREFIX_PATH=${CMAKE_PREFIX_PATH}:/opt/ros/jazzy DEBUGINFOD_URLS=https://debuginfod.ubuntu.com /usr/bin/cmake --build /home/grp4_muem/info_indus/ros2_ws/build/scara_bringup -- -j4 -l4
[0.256s] Invoked command in '/home/grp4_muem/info_indus/ros2_ws/build/scara_bringup' returned '0': CMAKE_PREFIX_PATH=${CMAKE_PREFIX_PATH}:/opt/ros/jazzy DEBUGINFOD_URLS=https://debuginfod.ubuntu.com /usr/bin/cmake --build /home/grp4_muem/info_indus/ros2_ws/build/scara_bringup -- -j4 -l4
[0.257s] Invoking command in '/home/grp4_muem/info_indus/ros2_ws/build/scara_bringup': CMAKE_PREFIX_PATH=${CMAKE_PREFIX_PATH}:/opt/ros/jazzy DEBUGINFOD_URLS=https://debuginfod.ubuntu.com /usr/bin/cmake --install /home/grp4_muem/info_indus/ros2_ws/build/scara_bringup
[0.278s] -- Install configuration: "Release"
[0.278s] -- Execute custom install script
[0.279s] -- Up-to-date symlink: /home/grp4_muem/info_indus/ros2_ws/install/scara_bringup/share/scara_bringup/launch/scara.launch.py
[0.279s] -- Up-to-date symlink: /home/grp4_muem/info_indus/ros2_ws/install/scara_bringup/share/scara_bringup/launch/scara_gazebo.launch.py
[0.280s] -- Up-to-date symlink: /home/grp4_muem/info_indus/ros2_ws/install/scara_bringup/share/scara_bringup/config/scara_vel_sp_config.yaml
[0.282s] -- Up-to-date symlink: /home/grp4_muem/info_indus/ros2_ws/install/scara_bringup/share/ament_index/resource_index/package_run_dependencies/scara_bringup
[0.283s] -- Up-to-date symlink: /home/grp4_muem/info_indus/ros2_ws/install/scara_bringup/share/ament_index/resource_index/parent_prefix_path/scara_bringup
[0.284s] -- Up-to-date symlink: /home/grp4_muem/info_indus/ros2_ws/install/scara_bringup/share/scara_bringup/environment/ament_prefix_path.sh
[0.285s] -- Up-to-date symlink: /home/grp4_muem/info_indus/ros2_ws/install/scara_bringup/share/scara_bringup/environment/ament_prefix_path.dsv
[0.285s] -- Up-to-date symlink: /home/grp4_muem/info_indus/ros2_ws/install/scara_bringup/share/scara_bringup/environment/path.sh
[0.285s] -- Up-to-date symlink: /home/grp4_muem/info_indus/ros2_ws/install/scara_bringup/share/scara_bringup/environment/path.dsv
[0.285s] -- Up-to-date symlink: /home/grp4_muem/info_indus/ros2_ws/install/scara_bringup/share/scara_bringup/local_setup.bash
[0.285s] -- Up-to-date symlink: /home/grp4_muem/info_indus/ros2_ws/install/scara_bringup/share/scara_bringup/local_setup.sh
[0.286s] -- Up-to-date symlink: /home/grp4_muem/info_indus/ros2_ws/install/scara_bringup/share/scara_bringup/local_setup.zsh
[0.286s] -- Up-to-date symlink: /home/grp4_muem/info_indus/ros2_ws/install/scara_bringup/share/scara_bringup/local_setup.dsv
[0.286s] -- Symlinking: /home/grp4_muem/info_indus/ros2_ws/install/scara_bringup/share/scara_bringup/package.dsv
[0.318s] -- Up-to-date symlink: /home/grp4_muem/info_indus/ros2_ws/install/scara_bringup/share/ament_index/resource_index/packages/scara_bringup
[0.322s] -- Up-to-date symlink: /home/grp4_muem/info_indus/ros2_ws/install/scara_bringup/share/scara_bringup/cmake/scara_bringupConfig.cmake
[0.322s] -- Up-to-date symlink: /home/grp4_muem/info_indus/ros2_ws/install/scara_bringup/share/scara_bringup/cmake/scara_bringupConfig-version.cmake
[0.324s] -- Up-to-date symlink: /home/grp4_muem/info_indus/ros2_ws/install/scara_bringup/share/scara_bringup/package.xml
[0.349s] Invoked command in '/home/grp4_muem/info_indus/ros2_ws/build/scara_bringup' returned '0': CMAKE_PREFIX_PATH=${CMAKE_PREFIX_PATH}:/opt/ros/jazzy DEBUGINFOD_URLS=https://debuginfod.ubuntu.com /usr/bin/cmake --install /home/grp4_muem/info_indus/ros2_ws/build/scara_bringup
