[0.029s] Invoking command in '/home/grp4_muem/info_indus/ros2_ws/build/scara_hardware': CMAKE_PREFIX_PATH=/home/grp4_muem/info_indus/ros2_ws/install/scara_description:/home/grp4_muem/info_indus/ros2_ws/install/scara_nodes:/home/grp4_muem/info_indus/ros2_ws/install/scara_joint_velocity_controller:/home/grp4_muem/info_indus/ros2_ws/install/scara_hardware:/home/grp4_muem/info_indus/ros2_ws/install/scara_bringup:/opt/ros/jazzy/opt/gz_sim_vendor:/opt/ros/jazzy/opt/gz_sensors_vendor:/opt/ros/jazzy/opt/gz_physics_vendor:/opt/ros/jazzy/opt/sdformat_vendor:/opt/ros/jazzy/opt/gz_gui_vendor:/opt/ros/jazzy/opt/gz_transport_vendor:/opt/ros/jazzy/opt/gz_rendering_vendor:/opt/ros/jazzy/opt/gz_plugin_vendor:/opt/ros/jazzy/opt/gz_fuel_tools_vendor:/opt/ros/jazzy/opt/gz_msgs_vendor:/opt/ros/jazzy/opt/gz_common_vendor:/opt/ros/jazzy/opt/gz_math_vendor:/opt/ros/jazzy/opt/gz_utils_vendor:/opt/ros/jazzy/opt/gz_tools_vendor:/opt/ros/jazzy/opt/gz_ogre_next_vendor:/opt/ros/jazzy/opt/gz_dartsim_vendor:/opt/ros/jazzy/opt/gz_cmake_vendor:/opt/ros/jazzy DEBUGINFOD_URLS=https://debuginfod.ubuntu.com /usr/bin/cmake --build /home/grp4_muem/info_indus/ros2_ws/build/scara_hardware -- -j4 -l4
[0.187s] [100%] Built target scara_hardware
[0.212s] Invoked command in '/home/grp4_muem/info_indus/ros2_ws/build/scara_hardware' returned '0': CMAKE_PREFIX_PATH=/home/grp4_muem/info_indus/ros2_ws/install/scara_description:/home/grp4_muem/info_indus/ros2_ws/install/scara_nodes:/home/grp4_muem/info_indus/ros2_ws/install/scara_joint_velocity_controller:/home/grp4_muem/info_indus/ros2_ws/install/scara_hardware:/home/grp4_muem/info_indus/ros2_ws/install/scara_bringup:/opt/ros/jazzy/opt/gz_sim_vendor:/opt/ros/jazzy/opt/gz_sensors_vendor:/opt/ros/jazzy/opt/gz_physics_vendor:/opt/ros/jazzy/opt/sdformat_vendor:/opt/ros/jazzy/opt/gz_gui_vendor:/opt/ros/jazzy/opt/gz_transport_vendor:/opt/ros/jazzy/opt/gz_rendering_vendor:/opt/ros/jazzy/opt/gz_plugin_vendor:/opt/ros/jazzy/opt/gz_fuel_tools_vendor:/opt/ros/jazzy/opt/gz_msgs_vendor:/opt/ros/jazzy/opt/gz_common_vendor:/opt/ros/jazzy/opt/gz_math_vendor:/opt/ros/jazzy/opt/gz_utils_vendor:/opt/ros/jazzy/opt/gz_tools_vendor:/opt/ros/jazzy/opt/gz_ogre_next_vendor:/opt/ros/jazzy/opt/gz_dartsim_vendor:/opt/ros/jazzy/opt/gz_cmake_vendor:/opt/ros/jazzy DEBUGINFOD_URLS=https://debuginfod.ubuntu.com /usr/bin/cmake --build /home/grp4_muem/info_indus/ros2_ws/build/scara_hardware -- -j4 -l4
[0.214s] Invoking command in '/home/grp4_muem/info_indus/ros2_ws/build/scara_hardware': CMAKE_PREFIX_PATH=/home/grp4_muem/info_indus/ros2_ws/install/scara_description:/home/grp4_muem/info_indus/ros2_ws/install/scara_nodes:/home/grp4_muem/info_indus/ros2_ws/install/scara_joint_velocity_controller:/home/grp4_muem/info_indus/ros2_ws/install/scara_hardware:/home/grp4_muem/info_indus/ros2_ws/install/scara_bringup:/opt/ros/jazzy/opt/gz_sim_vendor:/opt/ros/jazzy/opt/gz_sensors_vendor:/opt/ros/jazzy/opt/gz_physics_vendor:/opt/ros/jazzy/opt/sdformat_vendor:/opt/ros/jazzy/opt/gz_gui_vendor:/opt/ros/jazzy/opt/gz_transport_vendor:/opt/ros/jazzy/opt/gz_rendering_vendor:/opt/ros/jazzy/opt/gz_plugin_vendor:/opt/ros/jazzy/opt/gz_fuel_tools_vendor:/opt/ros/jazzy/opt/gz_msgs_vendor:/opt/ros/jazzy/opt/gz_common_vendor:/opt/ros/jazzy/opt/gz_math_vendor:/opt/ros/jazzy/opt/gz_utils_vendor:/opt/ros/jazzy/opt/gz_tools_vendor:/opt/ros/jazzy/opt/gz_ogre_next_vendor:/opt/ros/jazzy/opt/gz_dartsim_vendor:/opt/ros/jazzy/opt/gz_cmake_vendor:/opt/ros/jazzy DEBUGINFOD_URLS=https://debuginfod.ubuntu.com /usr/bin/cmake --install /home/grp4_muem/info_indus/ros2_ws/build/scara_hardware
[0.232s] -- Install configuration: "Release"
[0.233s] -- Execute custom install script
[0.233s] -- Up-to-date symlink: /home/grp4_muem/info_indus/ros2_ws/install/scara_hardware/share/scara_hardware//scara_hardware_plugin.xml
[0.234s] -- Up-to-date symlink: /home/grp4_muem/info_indus/ros2_ws/install/scara_hardware/lib/libscara_hardware.so
[0.234s] -- Up-to-date symlink: /home/grp4_muem/info_indus/ros2_ws/install/scara_hardware/include/scara_hardware/scara_robot.hpp
[0.234s] -- Up-to-date symlink: /home/grp4_muem/info_indus/ros2_ws/install/scara_hardware/include/scara_hardware/visibility_control.h
[0.235s] -- Up-to-date symlink: /home/grp4_muem/info_indus/ros2_ws/install/scara_hardware/share/scara_hardware/environment/library_path.sh
[0.235s] -- Up-to-date symlink: /home/grp4_muem/info_indus/ros2_ws/install/scara_hardware/share/scara_hardware/environment/library_path.dsv
[0.235s] -- Up-to-date symlink: /home/grp4_muem/info_indus/ros2_ws/install/scara_hardware/share/ament_index/resource_index/package_run_dependencies/scara_hardware
[0.236s] -- Up-to-date symlink: /home/grp4_muem/info_indus/ros2_ws/install/scara_hardware/share/ament_index/resource_index/parent_prefix_path/scara_hardware
[0.236s] -- Up-to-date symlink: /home/grp4_muem/info_indus/ros2_ws/install/scara_hardware/share/scara_hardware/environment/ament_prefix_path.sh
[0.236s] -- Up-to-date symlink: /home/grp4_muem/info_indus/ros2_ws/install/scara_hardware/share/scara_hardware/environment/ament_prefix_path.dsv
[0.236s] -- Up-to-date symlink: /home/grp4_muem/info_indus/ros2_ws/install/scara_hardware/share/scara_hardware/environment/path.sh
[0.237s] -- Up-to-date symlink: /home/grp4_muem/info_indus/ros2_ws/install/scara_hardware/share/scara_hardware/environment/path.dsv
[0.237s] -- Up-to-date symlink: /home/grp4_muem/info_indus/ros2_ws/install/scara_hardware/share/scara_hardware/local_setup.bash
[0.237s] -- Up-to-date symlink: /home/grp4_muem/info_indus/ros2_ws/install/scara_hardware/share/scara_hardware/local_setup.sh
[0.237s] -- Up-to-date symlink: /home/grp4_muem/info_indus/ros2_ws/install/scara_hardware/share/scara_hardware/local_setup.zsh
[0.238s] -- Up-to-date symlink: /home/grp4_muem/info_indus/ros2_ws/install/scara_hardware/share/scara_hardware/local_setup.dsv
[0.238s] -- Symlinking: /home/grp4_muem/info_indus/ros2_ws/install/scara_hardware/share/scara_hardware/package.dsv
[0.263s] -- Up-to-date symlink: /home/grp4_muem/info_indus/ros2_ws/install/scara_hardware/share/ament_index/resource_index/packages/scara_hardware
[0.263s] -- Up-to-date symlink: /home/grp4_muem/info_indus/ros2_ws/install/scara_hardware/share/ament_index/resource_index/hardware_interface__pluginlib__plugin/scara_hardware
[0.263s] -- Up-to-date symlink: /home/grp4_muem/info_indus/ros2_ws/install/scara_hardware/share/scara_hardware/cmake/ament_cmake_export_include_directories-extras.cmake
[0.264s] -- Up-to-date symlink: /home/grp4_muem/info_indus/ros2_ws/install/scara_hardware/share/scara_hardware/cmake/ament_cmake_export_libraries-extras.cmake
[0.265s] -- Up-to-date symlink: /home/grp4_muem/info_indus/ros2_ws/install/scara_hardware/share/scara_hardware/cmake/ament_cmake_export_dependencies-extras.cmake
[0.266s] -- Up-to-date symlink: /home/grp4_muem/info_indus/ros2_ws/install/scara_hardware/share/scara_hardware/cmake/scara_hardwareConfig.cmake
[0.268s] -- Up-to-date symlink: /home/grp4_muem/info_indus/ros2_ws/install/scara_hardware/share/scara_hardware/cmake/scara_hardwareConfig-version.cmake
[0.269s] -- Up-to-date symlink: /home/grp4_muem/info_indus/ros2_ws/install/scara_hardware/share/scara_hardware/package.xml
[0.278s] Invoked command in '/home/grp4_muem/info_indus/ros2_ws/build/scara_hardware' returned '0': CMAKE_PREFIX_PATH=/home/grp4_muem/info_indus/ros2_ws/install/scara_description:/home/grp4_muem/info_indus/ros2_ws/install/scara_nodes:/home/grp4_muem/info_indus/ros2_ws/install/scara_joint_velocity_controller:/home/grp4_muem/info_indus/ros2_ws/install/scara_hardware:/home/grp4_muem/info_indus/ros2_ws/install/scara_bringup:/opt/ros/jazzy/opt/gz_sim_vendor:/opt/ros/jazzy/opt/gz_sensors_vendor:/opt/ros/jazzy/opt/gz_physics_vendor:/opt/ros/jazzy/opt/sdformat_vendor:/opt/ros/jazzy/opt/gz_gui_vendor:/opt/ros/jazzy/opt/gz_transport_vendor:/opt/ros/jazzy/opt/gz_rendering_vendor:/opt/ros/jazzy/opt/gz_plugin_vendor:/opt/ros/jazzy/opt/gz_fuel_tools_vendor:/opt/ros/jazzy/opt/gz_msgs_vendor:/opt/ros/jazzy/opt/gz_common_vendor:/opt/ros/jazzy/opt/gz_math_vendor:/opt/ros/jazzy/opt/gz_utils_vendor:/opt/ros/jazzy/opt/gz_tools_vendor:/opt/ros/jazzy/opt/gz_ogre_next_vendor:/opt/ros/jazzy/opt/gz_dartsim_vendor:/opt/ros/jazzy/opt/gz_cmake_vendor:/opt/ros/jazzy DEBUGINFOD_URLS=https://debuginfod.ubuntu.com /usr/bin/cmake --install /home/grp4_muem/info_indus/ros2_ws/build/scara_hardware
