[0.026s] Invoking command in '/home/grp4_muem/info_indus/ros2_ws/src/build/scara_hardware': AMENT_PREFIX_PATH=/home/grp4_muem/info_indus/ros2_ws/src/install/scara_description:${AMENT_PREFIX_PATH} CMAKE_PREFIX_PATH=/home/grp4_muem/info_indus/ros2_ws/src/install/scara_description:/opt/ros/jazzy/opt/gz_sim_vendor:/opt/ros/jazzy/opt/gz_sensors_vendor:/opt/ros/jazzy/opt/gz_physics_vendor:/opt/ros/jazzy/opt/sdformat_vendor:/opt/ros/jazzy/opt/gz_gui_vendor:/opt/ros/jazzy/opt/gz_transport_vendor:/opt/ros/jazzy/opt/gz_rendering_vendor:/opt/ros/jazzy/opt/gz_plugin_vendor:/opt/ros/jazzy/opt/gz_fuel_tools_vendor:/opt/ros/jazzy/opt/gz_msgs_vendor:/opt/ros/jazzy/opt/gz_common_vendor:/opt/ros/jazzy/opt/gz_math_vendor:/opt/ros/jazzy/opt/gz_utils_vendor:/opt/ros/jazzy/opt/gz_tools_vendor:/opt/ros/jazzy/opt/gz_ogre_next_vendor:/opt/ros/jazzy/opt/gz_dartsim_vendor:/opt/ros/jazzy/opt/gz_cmake_vendor:/opt/ros/jazzy DEBUGINFOD_URLS=https://debuginfod.ubuntu.com /usr/bin/cmake /home/grp4_muem/info_indus/ros2_ws/src/ecat_ros2_workshop/scara_hardware -DCMAKE_BUILD_TYPE=Release -DAMENT_CMAKE_SYMLINK_INSTALL=1 -DCMAKE_INSTALL_PREFIX=/home/grp4_muem/info_indus/ros2_ws/src/install/scara_hardware
[0.284s] -- The C compiler identification is GNU 13.3.0
[0.490s] -- The CXX compiler identification is GNU 13.3.0
[0.536s] -- Detecting C compiler ABI info
[0.819s] -- Detecting C compiler ABI info - done
[0.848s] -- Check for working C compiler: /usr/bin/cc - skipped
[0.848s] -- Detecting C compile features
[0.850s] -- Detecting C compile features - done
[0.887s] -- Detecting CXX compiler ABI info
[1.252s] -- Detecting CXX compiler ABI info - done
[1.275s] -- Check for working CXX compiler: /usr/bin/c++ - skipped
[1.276s] -- Detecting CXX compile features
[1.279s] -- Detecting CXX compile features - done
[1.292s] -- Found ament_cmake: 2.5.4 (/opt/ros/jazzy/share/ament_cmake/cmake)
[1.707s] -- Found Python3: /usr/bin/python3 (found version "3.12.3") found components: Interpreter 
[1.880s] -- Override CMake install command with custom implementation using symlinks instead of copying resources
[1.981s] -- Found hardware_interface: 4.39.2 (/opt/ros/jazzy/share/hardware_interface/cmake)
[2.091s] -- Found rosidl_generator_c: 4.6.6 (/opt/ros/jazzy/share/rosidl_generator_c/cmake)
[2.124s] -- Found rosidl_generator_cpp: 4.6.6 (/opt/ros/jazzy/share/rosidl_generator_cpp/cmake)
[2.160s] -- Using all available rosidl_typesupport_c: rosidl_typesupport_fastrtps_c;rosidl_typesupport_introspection_c
[2.215s] -- Using all available rosidl_typesupport_cpp: rosidl_typesupport_fastrtps_cpp;rosidl_typesupport_introspection_cpp
[2.633s] -- Found TinyXML2 via Config file: /usr/lib/aarch64-linux-gnu/cmake/tinyxml2
[2.732s] -- Found rmw_implementation_cmake: 7.3.2 (/opt/ros/jazzy/share/rmw_implementation_cmake/cmake)
[2.740s] -- Found rmw_fastrtps_cpp: 8.4.3 (/opt/ros/jazzy/share/rmw_fastrtps_cpp/cmake)
[2.802s] -- Found TinyXML2 via Config file: /usr/lib/aarch64-linux-gnu/cmake/tinyxml2
[2.946s] -- Found OpenSSL: /usr/lib/aarch64-linux-gnu/libcrypto.so (found version "3.0.13")  
[2.954s] -- Found TinyXML2 via Config file: /usr/lib/aarch64-linux-gnu/cmake/tinyxml2
[2.988s] -- Found FastRTPS: /opt/ros/jazzy/include (Required is at least version "2.13") 
[2.993s] -- Found TinyXML2 via Config file: /usr/lib/aarch64-linux-gnu/cmake/tinyxml2
[3.008s] -- Found TinyXML2 via Config file: /usr/lib/aarch64-linux-gnu/cmake/tinyxml2
[3.029s] -- Using RMW implementation 'rmw_fastrtps_cpp' as default
[3.585s] -- Found ament_cmake_gtest: 2.5.4 (/opt/ros/jazzy/share/ament_cmake_gtest/cmake)
[3.591s] -- Found ament_lint_auto: 0.17.3 (/opt/ros/jazzy/share/ament_lint_auto/cmake)
[3.824s] -- Configuring done (3.8s)
[3.882s] -- Generating done (0.0s)
[3.892s] -- Build files have been written to: /home/grp4_muem/info_indus/ros2_ws/src/build/scara_hardware
[3.928s] Invoked command in '/home/grp4_muem/info_indus/ros2_ws/src/build/scara_hardware' returned '0': AMENT_PREFIX_PATH=/home/grp4_muem/info_indus/ros2_ws/src/install/scara_description:${AMENT_PREFIX_PATH} CMAKE_PREFIX_PATH=/home/grp4_muem/info_indus/ros2_ws/src/install/scara_description:/opt/ros/jazzy/opt/gz_sim_vendor:/opt/ros/jazzy/opt/gz_sensors_vendor:/opt/ros/jazzy/opt/gz_physics_vendor:/opt/ros/jazzy/opt/sdformat_vendor:/opt/ros/jazzy/opt/gz_gui_vendor:/opt/ros/jazzy/opt/gz_transport_vendor:/opt/ros/jazzy/opt/gz_rendering_vendor:/opt/ros/jazzy/opt/gz_plugin_vendor:/opt/ros/jazzy/opt/gz_fuel_tools_vendor:/opt/ros/jazzy/opt/gz_msgs_vendor:/opt/ros/jazzy/opt/gz_common_vendor:/opt/ros/jazzy/opt/gz_math_vendor:/opt/ros/jazzy/opt/gz_utils_vendor:/opt/ros/jazzy/opt/gz_tools_vendor:/opt/ros/jazzy/opt/gz_ogre_next_vendor:/opt/ros/jazzy/opt/gz_dartsim_vendor:/opt/ros/jazzy/opt/gz_cmake_vendor:/opt/ros/jazzy DEBUGINFOD_URLS=https://debuginfod.ubuntu.com /usr/bin/cmake /home/grp4_muem/info_indus/ros2_ws/src/ecat_ros2_workshop/scara_hardware -DCMAKE_BUILD_TYPE=Release -DAMENT_CMAKE_SYMLINK_INSTALL=1 -DCMAKE_INSTALL_PREFIX=/home/grp4_muem/info_indus/ros2_ws/src/install/scara_hardware
[3.929s] Invoking command in '/home/grp4_muem/info_indus/ros2_ws/src/build/scara_hardware': AMENT_PREFIX_PATH=/home/grp4_muem/info_indus/ros2_ws/src/install/scara_description:${AMENT_PREFIX_PATH} CMAKE_PREFIX_PATH=/home/grp4_muem/info_indus/ros2_ws/src/install/scara_description:/opt/ros/jazzy/opt/gz_sim_vendor:/opt/ros/jazzy/opt/gz_sensors_vendor:/opt/ros/jazzy/opt/gz_physics_vendor:/opt/ros/jazzy/opt/sdformat_vendor:/opt/ros/jazzy/opt/gz_gui_vendor:/opt/ros/jazzy/opt/gz_transport_vendor:/opt/ros/jazzy/opt/gz_rendering_vendor:/opt/ros/jazzy/opt/gz_plugin_vendor:/opt/ros/jazzy/opt/gz_fuel_tools_vendor:/opt/ros/jazzy/opt/gz_msgs_vendor:/opt/ros/jazzy/opt/gz_common_vendor:/opt/ros/jazzy/opt/gz_math_vendor:/opt/ros/jazzy/opt/gz_utils_vendor:/opt/ros/jazzy/opt/gz_tools_vendor:/opt/ros/jazzy/opt/gz_ogre_next_vendor:/opt/ros/jazzy/opt/gz_dartsim_vendor:/opt/ros/jazzy/opt/gz_cmake_vendor:/opt/ros/jazzy DEBUGINFOD_URLS=https://debuginfod.ubuntu.com /usr/bin/cmake --build /home/grp4_muem/info_indus/ros2_ws/src/build/scara_hardware -- -j4 -l4
[4.052s] [ 50%] [32mBuilding CXX object CMakeFiles/scara_hardware.dir/src/scara_robot.cpp.o[0m
[9.560s] [01m[K/home/grp4_muem/info_indus/ros2_ws/src/ecat_ros2_workshop/scara_hardware/src/scara_robot.cpp:[m[K In member function ‘[01m[Kvirtual CallbackReturn scara_hardware::ScaraRobot::[01;32m[Kon_init[m[K(const hardware_interface::HardwareInfo&)[m[K’:
[9.560s] [01m[K/home/grp4_muem/info_indus/ros2_ws/src/ecat_ros2_workshop/scara_hardware/src/scara_robot.cpp:24:51:[m[K [01;35m[Kwarning: [m[K‘[01m[Kvirtual rclcpp_lifecycle::node_interfaces::LifecycleNodeInterface::CallbackReturn hardware_interface::HardwareComponentInterface::[01;32m[Kon_init[m[K(const hardware_interface::HardwareInfo&)[m[K’ is deprecated: Use on_init(const HardwareComponentInterfaceParams & params) instead. [[01;35m[K]8;;https://gcc.gnu.org/onlinedocs/gcc/Warning-Options.html#index-Wdeprecated-declarations-Wdeprecated-declarations]8;;[m[K]
[9.560s]    24 |   if ([01;35m[Khardware_interface::SystemInterface::on_init(info)[m[K != CallbackReturn::SUCCESS) {
[9.560s]       |       [01;35m[K~~~~~~~~~~~~~~~~~~~~~~~~~~~~~~~~~~~~~~~~~~~~^~~~~~[m[K
[9.560s] In file included from [01m[K/opt/ros/jazzy/include/hardware_interface/hardware_interface/system_interface.hpp:18[m[K,
[9.561s]                  from [01m[K/home/grp4_muem/info_indus/ros2_ws/src/ecat_ros2_workshop/scara_hardware/include/scara_hardware/scara_robot.hpp:24[m[K,
[9.561s]                  from [01m[K/home/grp4_muem/info_indus/ros2_ws/src/ecat_ros2_workshop/scara_hardware/src/scara_robot.cpp:15[m[K:
[9.562s] [01m[K/opt/ros/jazzy/include/hardware_interface/hardware_interface/hardware_component_interface.hpp:235:26:[m[K [01;36m[Knote: [m[Kdeclared here
[9.562s]   235 |   virtual CallbackReturn [01;36m[Kon_init[m[K(const HardwareInfo & hardware_info)
[9.562s]       |                          [01;36m[K^~~~~~~[m[K
[17.311s] [100%] [32m[1mLinking CXX shared library libscara_hardware.so[0m
[18.066s] [100%] Built target scara_hardware
[18.090s] Invoked command in '/home/grp4_muem/info_indus/ros2_ws/src/build/scara_hardware' returned '0': AMENT_PREFIX_PATH=/home/grp4_muem/info_indus/ros2_ws/src/install/scara_description:${AMENT_PREFIX_PATH} CMAKE_PREFIX_PATH=/home/grp4_muem/info_indus/ros2_ws/src/install/scara_description:/opt/ros/jazzy/opt/gz_sim_vendor:/opt/ros/jazzy/opt/gz_sensors_vendor:/opt/ros/jazzy/opt/gz_physics_vendor:/opt/ros/jazzy/opt/sdformat_vendor:/opt/ros/jazzy/opt/gz_gui_vendor:/opt/ros/jazzy/opt/gz_transport_vendor:/opt/ros/jazzy/opt/gz_rendering_vendor:/opt/ros/jazzy/opt/gz_plugin_vendor:/opt/ros/jazzy/opt/gz_fuel_tools_vendor:/opt/ros/jazzy/opt/gz_msgs_vendor:/opt/ros/jazzy/opt/gz_common_vendor:/opt/ros/jazzy/opt/gz_math_vendor:/opt/ros/jazzy/opt/gz_utils_vendor:/opt/ros/jazzy/opt/gz_tools_vendor:/opt/ros/jazzy/opt/gz_ogre_next_vendor:/opt/ros/jazzy/opt/gz_dartsim_vendor:/opt/ros/jazzy/opt/gz_cmake_vendor:/opt/ros/jazzy DEBUGINFOD_URLS=https://debuginfod.ubuntu.com /usr/bin/cmake --build /home/grp4_muem/info_indus/ros2_ws/src/build/scara_hardware -- -j4 -l4
[18.092s] Invoking command in '/home/grp4_muem/info_indus/ros2_ws/src/build/scara_hardware': AMENT_PREFIX_PATH=/home/grp4_muem/info_indus/ros2_ws/src/install/scara_description:${AMENT_PREFIX_PATH} CMAKE_PREFIX_PATH=/home/grp4_muem/info_indus/ros2_ws/src/install/scara_description:/opt/ros/jazzy/opt/gz_sim_vendor:/opt/ros/jazzy/opt/gz_sensors_vendor:/opt/ros/jazzy/opt/gz_physics_vendor:/opt/ros/jazzy/opt/sdformat_vendor:/opt/ros/jazzy/opt/gz_gui_vendor:/opt/ros/jazzy/opt/gz_transport_vendor:/opt/ros/jazzy/opt/gz_rendering_vendor:/opt/ros/jazzy/opt/gz_plugin_vendor:/opt/ros/jazzy/opt/gz_fuel_tools_vendor:/opt/ros/jazzy/opt/gz_msgs_vendor:/opt/ros/jazzy/opt/gz_common_vendor:/opt/ros/jazzy/opt/gz_math_vendor:/opt/ros/jazzy/opt/gz_utils_vendor:/opt/ros/jazzy/opt/gz_tools_vendor:/opt/ros/jazzy/opt/gz_ogre_next_vendor:/opt/ros/jazzy/opt/gz_dartsim_vendor:/opt/ros/jazzy/opt/gz_cmake_vendor:/opt/ros/jazzy DEBUGINFOD_URLS=https://debuginfod.ubuntu.com /usr/bin/cmake --install /home/grp4_muem/info_indus/ros2_ws/src/build/scara_hardware
[18.109s] -- Install configuration: "Release"
[18.110s] -- Execute custom install script
[18.110s] -- Symlinking: /home/grp4_muem/info_indus/ros2_ws/src/install/scara_hardware/share/scara_hardware//scara_hardware_plugin.xml
[18.134s] -- Symlinking: /home/grp4_muem/info_indus/ros2_ws/src/install/scara_hardware/lib/libscara_hardware.so
[18.162s] -- Symlinking: /home/grp4_muem/info_indus/ros2_ws/src/install/scara_hardware/include/scara_hardware/scara_robot.hpp
[18.183s] -- Symlinking: /home/grp4_muem/info_indus/ros2_ws/src/install/scara_hardware/include/scara_hardware/visibility_control.h
[18.203s] -- Symlinking: /home/grp4_muem/info_indus/ros2_ws/src/install/scara_hardware/share/scara_hardware/environment/library_path.sh
[18.225s] -- Symlinking: /home/grp4_muem/info_indus/ros2_ws/src/install/scara_hardware/share/scara_hardware/environment/library_path.dsv
[18.252s] -- Symlinking: /home/grp4_muem/info_indus/ros2_ws/src/install/scara_hardware/share/ament_index/resource_index/package_run_dependencies/scara_hardware
[18.277s] -- Symlinking: /home/grp4_muem/info_indus/ros2_ws/src/install/scara_hardware/share/ament_index/resource_index/parent_prefix_path/scara_hardware
[18.298s] -- Symlinking: /home/grp4_muem/info_indus/ros2_ws/src/install/scara_hardware/share/scara_hardware/environment/ament_prefix_path.sh
[18.318s] -- Symlinking: /home/grp4_muem/info_indus/ros2_ws/src/install/scara_hardware/share/scara_hardware/environment/ament_prefix_path.dsv
[18.345s] -- Symlinking: /home/grp4_muem/info_indus/ros2_ws/src/install/scara_hardware/share/scara_hardware/environment/path.sh
[18.370s] -- Symlinking: /home/grp4_muem/info_indus/ros2_ws/src/install/scara_hardware/share/scara_hardware/environment/path.dsv
[18.391s] -- Symlinking: /home/grp4_muem/info_indus/ros2_ws/src/install/scara_hardware/share/scara_hardware/local_setup.bash
[18.410s] -- Symlinking: /home/grp4_muem/info_indus/ros2_ws/src/install/scara_hardware/share/scara_hardware/local_setup.sh
[18.432s] -- Symlinking: /home/grp4_muem/info_indus/ros2_ws/src/install/scara_hardware/share/scara_hardware/local_setup.zsh
[18.461s] -- Symlinking: /home/grp4_muem/info_indus/ros2_ws/src/install/scara_hardware/share/scara_hardware/local_setup.dsv
[18.482s] -- Symlinking: /home/grp4_muem/info_indus/ros2_ws/src/install/scara_hardware/share/scara_hardware/package.dsv
[18.502s] -- Symlinking: /home/grp4_muem/info_indus/ros2_ws/src/install/scara_hardware/share/ament_index/resource_index/packages/scara_hardware
[18.522s] -- Symlinking: /home/grp4_muem/info_indus/ros2_ws/src/install/scara_hardware/share/ament_index/resource_index/hardware_interface__pluginlib__plugin/scara_hardware
[18.552s] -- Symlinking: /home/grp4_muem/info_indus/ros2_ws/src/install/scara_hardware/share/scara_hardware/cmake/ament_cmake_export_include_directories-extras.cmake
[18.575s] -- Symlinking: /home/grp4_muem/info_indus/ros2_ws/src/install/scara_hardware/share/scara_hardware/cmake/ament_cmake_export_libraries-extras.cmake
[18.595s] -- Symlinking: /home/grp4_muem/info_indus/ros2_ws/src/install/scara_hardware/share/scara_hardware/cmake/ament_cmake_export_dependencies-extras.cmake
[18.615s] -- Symlinking: /home/grp4_muem/info_indus/ros2_ws/src/install/scara_hardware/share/scara_hardware/cmake/scara_hardwareConfig.cmake
[18.640s] -- Symlinking: /home/grp4_muem/info_indus/ros2_ws/src/install/scara_hardware/share/scara_hardware/cmake/scara_hardwareConfig-version.cmake
[18.666s] -- Symlinking: /home/grp4_muem/info_indus/ros2_ws/src/install/scara_hardware/share/scara_hardware/package.xml
[18.690s] Invoked command in '/home/grp4_muem/info_indus/ros2_ws/src/build/scara_hardware' returned '0': AMENT_PREFIX_PATH=/home/grp4_muem/info_indus/ros2_ws/src/install/scara_description:${AMENT_PREFIX_PATH} CMAKE_PREFIX_PATH=/home/grp4_muem/info_indus/ros2_ws/src/install/scara_description:/opt/ros/jazzy/opt/gz_sim_vendor:/opt/ros/jazzy/opt/gz_sensors_vendor:/opt/ros/jazzy/opt/gz_physics_vendor:/opt/ros/jazzy/opt/sdformat_vendor:/opt/ros/jazzy/opt/gz_gui_vendor:/opt/ros/jazzy/opt/gz_transport_vendor:/opt/ros/jazzy/opt/gz_rendering_vendor:/opt/ros/jazzy/opt/gz_plugin_vendor:/opt/ros/jazzy/opt/gz_fuel_tools_vendor:/opt/ros/jazzy/opt/gz_msgs_vendor:/opt/ros/jazzy/opt/gz_common_vendor:/opt/ros/jazzy/opt/gz_math_vendor:/opt/ros/jazzy/opt/gz_utils_vendor:/opt/ros/jazzy/opt/gz_tools_vendor:/opt/ros/jazzy/opt/gz_ogre_next_vendor:/opt/ros/jazzy/opt/gz_dartsim_vendor:/opt/ros/jazzy/opt/gz_cmake_vendor:/opt/ros/jazzy DEBUGINFOD_URLS=https://debuginfod.ubuntu.com /usr/bin/cmake --install /home/grp4_muem/info_indus/ros2_ws/src/build/scara_hardware
