[0.036s] Invoking command in '/home/grp4_muem/info_indus/ros2_ws/build/scara_bringup': CMAKE_PREFIX_PATH=${CMAKE_PREFIX_PATH}:/opt/ros/jazzy DEBUGINFOD_URLS=https://debuginfod.ubuntu.com /usr/bin/cmake /home/grp4_muem/info_indus/ros2_ws/src/ecat_ros2_workshop/scara_bringup -DCMAKE_BUILD_TYPE=Release -DAMENT_CMAKE_SYMLINK_INSTALL=1 -DCMAKE_INSTALL_PREFIX=/home/grp4_muem/info_indus/ros2_ws/install/scara_bringup
[0.409s] -- The C compiler identification is GNU 13.3.0
[0.710s] -- The CXX compiler identification is GNU 13.3.0
[0.743s] -- Detecting C compiler ABI info
[1.049s] -- Detecting C compiler ABI info - done
[1.065s] -- Check for working C compiler: /usr/bin/cc - skipped
[1.069s] -- Detecting C compile features
[1.069s] -- Detecting C compile features - done
[1.086s] -- Detecting CXX compiler ABI info
[1.402s] -- Detecting CXX compiler ABI info - done
[1.417s] -- Check for working CXX compiler: /usr/bin/c++ - skipped
[1.417s] -- Detecting CXX compile features
[1.418s] -- Detecting CXX compile features - done
[1.426s] -- Found ament_cmake: 2.5.4 (/opt/ros/jazzy/share/ament_cmake/cmake)
[1.887s] -- Found Python3: /usr/bin/python3 (found version "3.12.3") found components: Interpreter 
[2.151s] -- Override CMake install command with custom implementation using symlinks instead of copying resources
[2.259s] -- Found rclcpp: 28.1.13 (/opt/ros/jazzy/share/rclcpp/cmake)
[2.381s] -- Found rosidl_generator_c: 4.6.6 (/opt/ros/jazzy/share/rosidl_generator_c/cmake)
[2.430s] -- Found rosidl_generator_cpp: 4.6.6 (/opt/ros/jazzy/share/rosidl_generator_cpp/cmake)
[2.471s] -- Using all available rosidl_typesupport_c: rosidl_typesupport_fastrtps_c;rosidl_typesupport_introspection_c
[2.516s] -- Using all available rosidl_typesupport_cpp: rosidl_typesupport_fastrtps_cpp;rosidl_typesupport_introspection_cpp
[2.699s] -- Found rmw_implementation_cmake: 7.3.2 (/opt/ros/jazzy/share/rmw_implementation_cmake/cmake)
[2.710s] -- Found rmw_fastrtps_cpp: 8.4.3 (/opt/ros/jazzy/share/rmw_fastrtps_cpp/cmake)
[3.009s] -- Found OpenSSL: /usr/lib/aarch64-linux-gnu/libcrypto.so (found version "3.0.13")  
[3.062s] -- Found FastRTPS: /opt/ros/jazzy/include (Required is at least version "2.13") 
[3.112s] -- Using RMW implementation 'rmw_fastrtps_cpp' as default
[3.319s] -- Found rclpy: 7.1.6 (/opt/ros/jazzy/share/rclpy/cmake)
[3.326s] -- Found ament_lint_auto: 0.17.3 (/opt/ros/jazzy/share/ament_lint_auto/cmake)
[3.656s] -- Added test 'copyright' to check source files copyright and LICENSE
[3.660s] -- Added test 'flake8' to check Python code syntax and style conventions
[3.660s] -- Configured 'flake8' exclude dirs and/or files: 
[3.661s] -- Added test 'lint_cmake' to check CMake code style
[3.664s] -- Added test 'pep257' to check Python code against some of the docstring style conventions in PEP 257
[3.665s] -- Added test 'xmllint' to check XML markup files
[3.668s] -- Configuring done (3.6s)
[3.675s] -- Generating done (0.0s)
[3.680s] -- Build files have been written to: /home/grp4_muem/info_indus/ros2_ws/build/scara_bringup
[3.705s] Invoked command in '/home/grp4_muem/info_indus/ros2_ws/build/scara_bringup' returned '0': CMAKE_PREFIX_PATH=${CMAKE_PREFIX_PATH}:/opt/ros/jazzy DEBUGINFOD_URLS=https://debuginfod.ubuntu.com /usr/bin/cmake /home/grp4_muem/info_indus/ros2_ws/src/ecat_ros2_workshop/scara_bringup -DCMAKE_BUILD_TYPE=Release -DAMENT_CMAKE_SYMLINK_INSTALL=1 -DCMAKE_INSTALL_PREFIX=/home/grp4_muem/info_indus/ros2_ws/install/scara_bringup
[3.709s] Invoking command in '/home/grp4_muem/info_indus/ros2_ws/build/scara_bringup': CMAKE_PREFIX_PATH=${CMAKE_PREFIX_PATH}:/opt/ros/jazzy DEBUGINFOD_URLS=https://debuginfod.ubuntu.com /usr/bin/cmake --build /home/grp4_muem/info_indus/ros2_ws/build/scara_bringup -- -j4 -l4
[3.824s] Invoked command in '/home/grp4_muem/info_indus/ros2_ws/build/scara_bringup' returned '0': CMAKE_PREFIX_PATH=${CMAKE_PREFIX_PATH}:/opt/ros/jazzy DEBUGINFOD_URLS=https://debuginfod.ubuntu.com /usr/bin/cmake --build /home/grp4_muem/info_indus/ros2_ws/build/scara_bringup -- -j4 -l4
[3.828s] Invoking command in '/home/grp4_muem/info_indus/ros2_ws/build/scara_bringup': CMAKE_PREFIX_PATH=${CMAKE_PREFIX_PATH}:/opt/ros/jazzy DEBUGINFOD_URLS=https://debuginfod.ubuntu.com /usr/bin/cmake --install /home/grp4_muem/info_indus/ros2_ws/build/scara_bringup
[3.844s] -- Install configuration: "Release"
[3.846s] -- Execute custom install script
[3.846s] -- Symlinking: /home/grp4_muem/info_indus/ros2_ws/install/scara_bringup/share/scara_bringup/launch/scara.launch.py
[3.867s] -- Symlinking: /home/grp4_muem/info_indus/ros2_ws/install/scara_bringup/share/scara_bringup/launch/scara_gazebo.launch.py
[3.889s] -- Symlinking: /home/grp4_muem/info_indus/ros2_ws/install/scara_bringup/share/scara_bringup/config/scara_vel_sp_config.yaml
[3.911s] -- Symlinking: /home/grp4_muem/info_indus/ros2_ws/install/scara_bringup/share/ament_index/resource_index/package_run_dependencies/scara_bringup
[3.943s] -- Symlinking: /home/grp4_muem/info_indus/ros2_ws/install/scara_bringup/share/ament_index/resource_index/parent_prefix_path/scara_bringup
[3.969s] -- Symlinking: /home/grp4_muem/info_indus/ros2_ws/install/scara_bringup/share/scara_bringup/environment/ament_prefix_path.sh
[3.995s] -- Symlinking: /home/grp4_muem/info_indus/ros2_ws/install/scara_bringup/share/scara_bringup/environment/ament_prefix_path.dsv
[4.017s] -- Symlinking: /home/grp4_muem/info_indus/ros2_ws/install/scara_bringup/share/scara_bringup/environment/path.sh
[4.044s] -- Symlinking: /home/grp4_muem/info_indus/ros2_ws/install/scara_bringup/share/scara_bringup/environment/path.dsv
[4.065s] -- Symlinking: /home/grp4_muem/info_indus/ros2_ws/install/scara_bringup/share/scara_bringup/local_setup.bash
[4.083s] -- Symlinking: /home/grp4_muem/info_indus/ros2_ws/install/scara_bringup/share/scara_bringup/local_setup.sh
[4.103s] -- Symlinking: /home/grp4_muem/info_indus/ros2_ws/install/scara_bringup/share/scara_bringup/local_setup.zsh
[4.134s] -- Symlinking: /home/grp4_muem/info_indus/ros2_ws/install/scara_bringup/share/scara_bringup/local_setup.dsv
[4.155s] -- Symlinking: /home/grp4_muem/info_indus/ros2_ws/install/scara_bringup/share/scara_bringup/package.dsv
[4.175s] -- Symlinking: /home/grp4_muem/info_indus/ros2_ws/install/scara_bringup/share/ament_index/resource_index/packages/scara_bringup
[4.196s] -- Symlinking: /home/grp4_muem/info_indus/ros2_ws/install/scara_bringup/share/scara_bringup/cmake/scara_bringupConfig.cmake
[4.229s] -- Symlinking: /home/grp4_muem/info_indus/ros2_ws/install/scara_bringup/share/scara_bringup/cmake/scara_bringupConfig-version.cmake
[4.257s] -- Symlinking: /home/grp4_muem/info_indus/ros2_ws/install/scara_bringup/share/scara_bringup/package.xml
[4.282s] Invoked command in '/home/grp4_muem/info_indus/ros2_ws/build/scara_bringup' returned '0': CMAKE_PREFIX_PATH=${CMAKE_PREFIX_PATH}:/opt/ros/jazzy DEBUGINFOD_URLS=https://debuginfod.ubuntu.com /usr/bin/cmake --install /home/grp4_muem/info_indus/ros2_ws/build/scara_bringup
