[0.036s] Invoking command in '/home/grp4_muem/info_indus/ros2_ws/build/scara_nodes': CMAKE_PREFIX_PATH=${CMAKE_PREFIX_PATH}:/opt/ros/jazzy DEBUGINFOD_URLS=https://debuginfod.ubuntu.com /usr/bin/cmake /home/grp4_muem/info_indus/ros2_ws/src/ecat_ros2_workshop/scara_nodes -DCMAKE_BUILD_TYPE=Release -DAMENT_CMAKE_SYMLINK_INSTALL=1 -DCMAKE_INSTALL_PREFIX=/home/grp4_muem/info_indus/ros2_ws/install/scara_nodes
[0.386s] -- The C compiler identification is GNU 13.3.0
[0.687s] -- The CXX compiler identification is GNU 13.3.0
[0.724s] -- Detecting C compiler ABI info
[1.030s] -- Detecting C compiler ABI info - done
[1.044s] -- Check for working C compiler: /usr/bin/cc - skipped
[1.045s] -- Detecting C compile features
[1.048s] -- Detecting C compile features - done
[1.064s] -- Detecting CXX compiler ABI info
[1.372s] -- Detecting CXX compiler ABI info - done
[1.391s] -- Check for working CXX compiler: /usr/bin/c++ - skipped
[1.392s] -- Detecting CXX compile features
[1.393s] -- Detecting CXX compile features - done
[1.405s] -- Found ament_cmake: 2.5.4 (/opt/ros/jazzy/share/ament_cmake/cmake)
[1.850s] -- Found Python3: /usr/bin/python3 (found version "3.12.3") found components: Interpreter 
[2.116s] -- Override CMake install command with custom implementation using symlinks instead of copying resources
[2.238s] -- Found rclpy: 7.1.6 (/opt/ros/jazzy/share/rclpy/cmake)
[2.246s] -- Found trajectory_msgs: 5.3.6 (/opt/ros/jazzy/share/trajectory_msgs/cmake)
[2.360s] -- Found rosidl_generator_c: 4.6.6 (/opt/ros/jazzy/share/rosidl_generator_c/cmake)
[2.409s] -- Found rosidl_generator_cpp: 4.6.6 (/opt/ros/jazzy/share/rosidl_generator_cpp/cmake)
[2.450s] -- Using all available rosidl_typesupport_c: rosidl_typesupport_fastrtps_c;rosidl_typesupport_introspection_c
[2.495s] -- Using all available rosidl_typesupport_cpp: rosidl_typesupport_fastrtps_cpp;rosidl_typesupport_introspection_cpp
[2.661s] -- Found ament_lint_auto: 0.17.3 (/opt/ros/jazzy/share/ament_lint_auto/cmake)
[2.954s] -- Added test 'flake8' to check Python code syntax and style conventions
[2.955s] -- Configured 'flake8' exclude dirs and/or files: 
[2.955s] -- Added test 'lint_cmake' to check CMake code style
[2.955s] -- Added test 'pep257' to check Python code against some of the docstring style conventions in PEP 257
[2.957s] -- Added test 'xmllint' to check XML markup files
[2.961s] -- Configuring done (2.9s)
[2.970s] -- Generating done (0.0s)
[2.971s] -- Build files have been written to: /home/grp4_muem/info_indus/ros2_ws/build/scara_nodes
[2.994s] Invoked command in '/home/grp4_muem/info_indus/ros2_ws/build/scara_nodes' returned '0': CMAKE_PREFIX_PATH=${CMAKE_PREFIX_PATH}:/opt/ros/jazzy DEBUGINFOD_URLS=https://debuginfod.ubuntu.com /usr/bin/cmake /home/grp4_muem/info_indus/ros2_ws/src/ecat_ros2_workshop/scara_nodes -DCMAKE_BUILD_TYPE=Release -DAMENT_CMAKE_SYMLINK_INSTALL=1 -DCMAKE_INSTALL_PREFIX=/home/grp4_muem/info_indus/ros2_ws/install/scara_nodes
[2.998s] Invoking command in '/home/grp4_muem/info_indus/ros2_ws/build/scara_nodes': CMAKE_PREFIX_PATH=${CMAKE_PREFIX_PATH}:/opt/ros/jazzy DEBUGINFOD_URLS=https://debuginfod.ubuntu.com /usr/bin/cmake --build /home/grp4_muem/info_indus/ros2_ws/build/scara_nodes -- -j4 -l4
[3.103s] Invoked command in '/home/grp4_muem/info_indus/ros2_ws/build/scara_nodes' returned '0': CMAKE_PREFIX_PATH=${CMAKE_PREFIX_PATH}:/opt/ros/jazzy DEBUGINFOD_URLS=https://debuginfod.ubuntu.com /usr/bin/cmake --build /home/grp4_muem/info_indus/ros2_ws/build/scara_nodes -- -j4 -l4
[3.104s] Invoking command in '/home/grp4_muem/info_indus/ros2_ws/build/scara_nodes': CMAKE_PREFIX_PATH=${CMAKE_PREFIX_PATH}:/opt/ros/jazzy DEBUGINFOD_URLS=https://debuginfod.ubuntu.com /usr/bin/cmake --install /home/grp4_muem/info_indus/ros2_ws/build/scara_nodes
[3.126s] -- Install configuration: "Release"
[3.129s] -- Execute custom install script
[3.129s] -- Symlinking: /home/grp4_muem/info_indus/ros2_ws/install/scara_nodes/lib/scara_nodes/trajectory_publisher.py
[3.152s] -- Symlinking: /home/grp4_muem/info_indus/ros2_ws/install/scara_nodes/share/ament_index/resource_index/package_run_dependencies/scara_nodes
[3.175s] -- Symlinking: /home/grp4_muem/info_indus/ros2_ws/install/scara_nodes/share/ament_index/resource_index/parent_prefix_path/scara_nodes
[3.206s] -- Symlinking: /home/grp4_muem/info_indus/ros2_ws/install/scara_nodes/share/scara_nodes/environment/ament_prefix_path.sh
[3.229s] -- Symlinking: /home/grp4_muem/info_indus/ros2_ws/install/scara_nodes/share/scara_nodes/environment/ament_prefix_path.dsv
[3.253s] -- Symlinking: /home/grp4_muem/info_indus/ros2_ws/install/scara_nodes/share/scara_nodes/environment/path.sh
[3.276s] -- Symlinking: /home/grp4_muem/info_indus/ros2_ws/install/scara_nodes/share/scara_nodes/environment/path.dsv
[3.304s] -- Symlinking: /home/grp4_muem/info_indus/ros2_ws/install/scara_nodes/share/scara_nodes/local_setup.bash
[3.332s] -- Symlinking: /home/grp4_muem/info_indus/ros2_ws/install/scara_nodes/share/scara_nodes/local_setup.sh
[3.357s] -- Symlinking: /home/grp4_muem/info_indus/ros2_ws/install/scara_nodes/share/scara_nodes/local_setup.zsh
[3.381s] -- Symlinking: /home/grp4_muem/info_indus/ros2_ws/install/scara_nodes/share/scara_nodes/local_setup.dsv
[3.421s] -- Symlinking: /home/grp4_muem/info_indus/ros2_ws/install/scara_nodes/share/scara_nodes/package.dsv
[3.442s] -- Symlinking: /home/grp4_muem/info_indus/ros2_ws/install/scara_nodes/share/ament_index/resource_index/packages/scara_nodes
[3.466s] -- Symlinking: /home/grp4_muem/info_indus/ros2_ws/install/scara_nodes/share/scara_nodes/cmake/scara_nodesConfig.cmake
[3.501s] -- Symlinking: /home/grp4_muem/info_indus/ros2_ws/install/scara_nodes/share/scara_nodes/cmake/scara_nodesConfig-version.cmake
[3.546s] -- Symlinking: /home/grp4_muem/info_indus/ros2_ws/install/scara_nodes/share/scara_nodes/package.xml
[3.574s] Invoked command in '/home/grp4_muem/info_indus/ros2_ws/build/scara_nodes' returned '0': CMAKE_PREFIX_PATH=${CMAKE_PREFIX_PATH}:/opt/ros/jazzy DEBUGINFOD_URLS=https://debuginfod.ubuntu.com /usr/bin/cmake --install /home/grp4_muem/info_indus/ros2_ws/build/scara_nodes
