[0.052s] Invoking command in '/home/grp4_muem/info_indus/ros2_ws/src/build/scara_nodes': CMAKE_PREFIX_PATH=${CMAKE_PREFIX_PATH}:/opt/ros/jazzy DEBUGINFOD_URLS=https://debuginfod.ubuntu.com /usr/bin/cmake /home/grp4_muem/info_indus/ros2_ws/src/ecat_ros2_workshop/scara_nodes -DCMAKE_BUILD_TYPE=Release -DAMENT_CMAKE_SYMLINK_INSTALL=1 -DCMAKE_INSTALL_PREFIX=/home/grp4_muem/info_indus/ros2_ws/src/install/scara_nodes
[0.421s] -- The C compiler identification is GNU 13.3.0
[0.734s] -- The CXX compiler identification is GNU 13.3.0
[0.799s] -- Detecting C compiler ABI info
[1.118s] -- Detecting C compiler ABI info - done
[1.145s] -- Check for working C compiler: /usr/bin/cc - skipped
[1.145s] -- Detecting C compile features
[1.145s] -- Detecting C compile features - done
[1.165s] -- Detecting CXX compiler ABI info
[1.604s] -- Detecting CXX compiler ABI info - done
[1.626s] -- Check for working CXX compiler: /usr/bin/c++ - skipped
[1.627s] -- Detecting CXX compile features
[1.629s] -- Detecting CXX compile features - done
[1.639s] -- Found ament_cmake: 2.5.4 (/opt/ros/jazzy/share/ament_cmake/cmake)
[2.095s] -- Found Python3: /usr/bin/python3 (found version "3.12.3") found components: Interpreter 
[2.342s] -- Override CMake install command with custom implementation using symlinks instead of copying resources
[2.498s] -- Found rclpy: 7.1.6 (/opt/ros/jazzy/share/rclpy/cmake)
[2.498s] -- Found trajectory_msgs: 5.3.6 (/opt/ros/jazzy/share/trajectory_msgs/cmake)
[2.653s] -- Found rosidl_generator_c: 4.6.6 (/opt/ros/jazzy/share/rosidl_generator_c/cmake)
[2.747s] -- Found rosidl_generator_cpp: 4.6.6 (/opt/ros/jazzy/share/rosidl_generator_cpp/cmake)
[2.798s] -- Using all available rosidl_typesupport_c: rosidl_typesupport_fastrtps_c;rosidl_typesupport_introspection_c
[2.854s] -- Using all available rosidl_typesupport_cpp: rosidl_typesupport_fastrtps_cpp;rosidl_typesupport_introspection_cpp
[3.049s] -- Found ament_lint_auto: 0.17.3 (/opt/ros/jazzy/share/ament_lint_auto/cmake)
[3.364s] -- Added test 'flake8' to check Python code syntax and style conventions
[3.364s] -- Configured 'flake8' exclude dirs and/or files: 
[3.368s] -- Added test 'lint_cmake' to check CMake code style
[3.368s] -- Added test 'pep257' to check Python code against some of the docstring style conventions in PEP 257
[3.368s] -- Added test 'xmllint' to check XML markup files
[3.371s] -- Configuring done (3.3s)
[3.378s] -- Generating done (0.0s)
[3.382s] -- Build files have been written to: /home/grp4_muem/info_indus/ros2_ws/src/build/scara_nodes
[3.401s] Invoked command in '/home/grp4_muem/info_indus/ros2_ws/src/build/scara_nodes' returned '0': CMAKE_PREFIX_PATH=${CMAKE_PREFIX_PATH}:/opt/ros/jazzy DEBUGINFOD_URLS=https://debuginfod.ubuntu.com /usr/bin/cmake /home/grp4_muem/info_indus/ros2_ws/src/ecat_ros2_workshop/scara_nodes -DCMAKE_BUILD_TYPE=Release -DAMENT_CMAKE_SYMLINK_INSTALL=1 -DCMAKE_INSTALL_PREFIX=/home/grp4_muem/info_indus/ros2_ws/src/install/scara_nodes
[3.404s] Invoking command in '/home/grp4_muem/info_indus/ros2_ws/src/build/scara_nodes': CMAKE_PREFIX_PATH=${CMAKE_PREFIX_PATH}:/opt/ros/jazzy DEBUGINFOD_URLS=https://debuginfod.ubuntu.com /usr/bin/cmake --build /home/grp4_muem/info_indus/ros2_ws/src/build/scara_nodes -- -j4 -l4
[3.536s] Invoked command in '/home/grp4_muem/info_indus/ros2_ws/src/build/scara_nodes' returned '0': CMAKE_PREFIX_PATH=${CMAKE_PREFIX_PATH}:/opt/ros/jazzy DEBUGINFOD_URLS=https://debuginfod.ubuntu.com /usr/bin/cmake --build /home/grp4_muem/info_indus/ros2_ws/src/build/scara_nodes -- -j4 -l4
[3.537s] Invoking command in '/home/grp4_muem/info_indus/ros2_ws/src/build/scara_nodes': CMAKE_PREFIX_PATH=${CMAKE_PREFIX_PATH}:/opt/ros/jazzy DEBUGINFOD_URLS=https://debuginfod.ubuntu.com /usr/bin/cmake --install /home/grp4_muem/info_indus/ros2_ws/src/build/scara_nodes
[3.564s] -- Install configuration: "Release"
[3.565s] -- Execute custom install script
[3.565s] -- Symlinking: /home/grp4_muem/info_indus/ros2_ws/src/install/scara_nodes/lib/scara_nodes/trajectory_publisher.py
[3.590s] -- Symlinking: /home/grp4_muem/info_indus/ros2_ws/src/install/scara_nodes/share/ament_index/resource_index/package_run_dependencies/scara_nodes
[3.615s] -- Symlinking: /home/grp4_muem/info_indus/ros2_ws/src/install/scara_nodes/share/ament_index/resource_index/parent_prefix_path/scara_nodes
[3.650s] -- Symlinking: /home/grp4_muem/info_indus/ros2_ws/src/install/scara_nodes/share/scara_nodes/environment/ament_prefix_path.sh
[3.678s] -- Symlinking: /home/grp4_muem/info_indus/ros2_ws/src/install/scara_nodes/share/scara_nodes/environment/ament_prefix_path.dsv
[3.706s] -- Symlinking: /home/grp4_muem/info_indus/ros2_ws/src/install/scara_nodes/share/scara_nodes/environment/path.sh
[3.732s] -- Symlinking: /home/grp4_muem/info_indus/ros2_ws/src/install/scara_nodes/share/scara_nodes/environment/path.dsv
[3.771s] -- Symlinking: /home/grp4_muem/info_indus/ros2_ws/src/install/scara_nodes/share/scara_nodes/local_setup.bash
[3.796s] -- Symlinking: /home/grp4_muem/info_indus/ros2_ws/src/install/scara_nodes/share/scara_nodes/local_setup.sh
[3.823s] -- Symlinking: /home/grp4_muem/info_indus/ros2_ws/src/install/scara_nodes/share/scara_nodes/local_setup.zsh
[3.860s] -- Symlinking: /home/grp4_muem/info_indus/ros2_ws/src/install/scara_nodes/share/scara_nodes/local_setup.dsv
[3.887s] -- Symlinking: /home/grp4_muem/info_indus/ros2_ws/src/install/scara_nodes/share/scara_nodes/package.dsv
[3.914s] -- Symlinking: /home/grp4_muem/info_indus/ros2_ws/src/install/scara_nodes/share/ament_index/resource_index/packages/scara_nodes
[3.945s] -- Symlinking: /home/grp4_muem/info_indus/ros2_ws/src/install/scara_nodes/share/scara_nodes/cmake/scara_nodesConfig.cmake
[3.977s] -- Symlinking: /home/grp4_muem/info_indus/ros2_ws/src/install/scara_nodes/share/scara_nodes/cmake/scara_nodesConfig-version.cmake
[4.021s] -- Symlinking: /home/grp4_muem/info_indus/ros2_ws/src/install/scara_nodes/share/scara_nodes/package.xml
[4.065s] Invoked command in '/home/grp4_muem/info_indus/ros2_ws/src/build/scara_nodes' returned '0': CMAKE_PREFIX_PATH=${CMAKE_PREFIX_PATH}:/opt/ros/jazzy DEBUGINFOD_URLS=https://debuginfod.ubuntu.com /usr/bin/cmake --install /home/grp4_muem/info_indus/ros2_ws/src/build/scara_nodes
