[0.034s] Invoking command in '/home/grp4_muem/info_indus/ros2_ws/build/scara_hardware': AMENT_PREFIX_PATH=/home/grp4_muem/info_indus/ros2_ws/install/scara_description:${AMENT_PREFIX_PATH} CMAKE_PREFIX_PATH=/home/grp4_muem/info_indus/ros2_ws/install/scara_description:/opt/ros/jazzy/opt/gz_sim_vendor:/opt/ros/jazzy/opt/gz_sensors_vendor:/opt/ros/jazzy/opt/gz_physics_vendor:/opt/ros/jazzy/opt/sdformat_vendor:/opt/ros/jazzy/opt/gz_gui_vendor:/opt/ros/jazzy/opt/gz_transport_vendor:/opt/ros/jazzy/opt/gz_rendering_vendor:/opt/ros/jazzy/opt/gz_plugin_vendor:/opt/ros/jazzy/opt/gz_fuel_tools_vendor:/opt/ros/jazzy/opt/gz_msgs_vendor:/opt/ros/jazzy/opt/gz_common_vendor:/opt/ros/jazzy/opt/gz_math_vendor:/opt/ros/jazzy/opt/gz_utils_vendor:/opt/ros/jazzy/opt/gz_tools_vendor:/opt/ros/jazzy/opt/gz_ogre_next_vendor:/opt/ros/jazzy/opt/gz_dartsim_vendor:/opt/ros/jazzy/opt/gz_cmake_vendor:/opt/ros/jazzy DEBUGINFOD_URLS=https://debuginfod.ubuntu.com /usr/bin/cmake /home/grp4_muem/info_indus/ros2_ws/src/ecat_ros2_workshop/scara_hardware -DCMAKE_BUILD_TYPE=Release -DAMENT_CMAKE_SYMLINK_INSTALL=1 -DCMAKE_INSTALL_PREFIX=/home/grp4_muem/info_indus/ros2_ws/install/scara_hardware
[0.184s] -- The C compiler identification is GNU 13.3.0
[0.341s] -- The CXX compiler identification is GNU 13.3.0
[0.375s] -- Detecting C compiler ABI info
[0.590s] -- Detecting C compiler ABI info - done
[0.605s] -- Check for working C compiler: /usr/bin/cc - skipped
[0.606s] -- Detecting C compile features
[0.606s] -- Detecting C compile features - done
[0.631s] -- Detecting CXX compiler ABI info
[0.861s] -- Detecting CXX compiler ABI info - done
[0.876s] -- Check for working CXX compiler: /usr/bin/c++ - skipped
[0.878s] -- Detecting CXX compile features
[0.881s] -- Detecting CXX compile features - done
[0.884s] -- Found ament_cmake: 2.5.4 (/opt/ros/jazzy/share/ament_cmake/cmake)
[1.196s] -- Found Python3: /usr/bin/python3 (found version "3.12.3") found components: Interpreter 
[1.349s] -- Override CMake install command with custom implementation using symlinks instead of copying resources
[1.440s] -- Found hardware_interface: 4.39.2 (/opt/ros/jazzy/share/hardware_interface/cmake)
[1.539s] -- Found rosidl_generator_c: 4.6.6 (/opt/ros/jazzy/share/rosidl_generator_c/cmake)
[1.568s] -- Found rosidl_generator_cpp: 4.6.6 (/opt/ros/jazzy/share/rosidl_generator_cpp/cmake)
[1.599s] -- Using all available rosidl_typesupport_c: rosidl_typesupport_fastrtps_c;rosidl_typesupport_introspection_c
[1.644s] -- Using all available rosidl_typesupport_cpp: rosidl_typesupport_fastrtps_cpp;rosidl_typesupport_introspection_cpp
[2.002s] -- Found TinyXML2 via Config file: /usr/lib/aarch64-linux-gnu/cmake/tinyxml2
[2.093s] -- Found rmw_implementation_cmake: 7.3.2 (/opt/ros/jazzy/share/rmw_implementation_cmake/cmake)
[2.100s] -- Found rmw_fastrtps_cpp: 8.4.3 (/opt/ros/jazzy/share/rmw_fastrtps_cpp/cmake)
[2.155s] -- Found TinyXML2 via Config file: /usr/lib/aarch64-linux-gnu/cmake/tinyxml2
[2.282s] -- Found OpenSSL: /usr/lib/aarch64-linux-gnu/libcrypto.so (found version "3.0.13")  
[2.287s] -- Found TinyXML2 via Config file: /usr/lib/aarch64-linux-gnu/cmake/tinyxml2
[2.320s] -- Found FastRTPS: /opt/ros/jazzy/include (Required is at least version "2.13") 
[2.327s] -- Found TinyXML2 via Config file: /usr/lib/aarch64-linux-gnu/cmake/tinyxml2
[2.341s] -- Found TinyXML2 via Config file: /usr/lib/aarch64-linux-gnu/cmake/tinyxml2
[2.360s] -- Using RMW implementation 'rmw_fastrtps_cpp' as default
[2.876s] -- Found ament_cmake_gtest: 2.5.4 (/opt/ros/jazzy/share/ament_cmake_gtest/cmake)
[2.882s] -- Found ament_lint_auto: 0.17.3 (/opt/ros/jazzy/share/ament_lint_auto/cmake)
[3.087s] -- Configuring done (3.0s)
[3.137s] -- Generating done (0.0s)
[3.146s] -- Build files have been written to: /home/grp4_muem/info_indus/ros2_ws/build/scara_hardware
[3.174s] Invoked command in '/home/grp4_muem/info_indus/ros2_ws/build/scara_hardware' returned '0': AMENT_PREFIX_PATH=/home/grp4_muem/info_indus/ros2_ws/install/scara_description:${AMENT_PREFIX_PATH} CMAKE_PREFIX_PATH=/home/grp4_muem/info_indus/ros2_ws/install/scara_description:/opt/ros/jazzy/opt/gz_sim_vendor:/opt/ros/jazzy/opt/gz_sensors_vendor:/opt/ros/jazzy/opt/gz_physics_vendor:/opt/ros/jazzy/opt/sdformat_vendor:/opt/ros/jazzy/opt/gz_gui_vendor:/opt/ros/jazzy/opt/gz_transport_vendor:/opt/ros/jazzy/opt/gz_rendering_vendor:/opt/ros/jazzy/opt/gz_plugin_vendor:/opt/ros/jazzy/opt/gz_fuel_tools_vendor:/opt/ros/jazzy/opt/gz_msgs_vendor:/opt/ros/jazzy/opt/gz_common_vendor:/opt/ros/jazzy/opt/gz_math_vendor:/opt/ros/jazzy/opt/gz_utils_vendor:/opt/ros/jazzy/opt/gz_tools_vendor:/opt/ros/jazzy/opt/gz_ogre_next_vendor:/opt/ros/jazzy/opt/gz_dartsim_vendor:/opt/ros/jazzy/opt/gz_cmake_vendor:/opt/ros/jazzy DEBUGINFOD_URLS=https://debuginfod.ubuntu.com /usr/bin/cmake /home/grp4_muem/info_indus/ros2_ws/src/ecat_ros2_workshop/scara_hardware -DCMAKE_BUILD_TYPE=Release -DAMENT_CMAKE_SYMLINK_INSTALL=1 -DCMAKE_INSTALL_PREFIX=/home/grp4_muem/info_indus/ros2_ws/install/scara_hardware
[3.177s] Invoking command in '/home/grp4_muem/info_indus/ros2_ws/build/scara_hardware': AMENT_PREFIX_PATH=/home/grp4_muem/info_indus/ros2_ws/install/scara_description:${AMENT_PREFIX_PATH} CMAKE_PREFIX_PATH=/home/grp4_muem/info_indus/ros2_ws/install/scara_description:/opt/ros/jazzy/opt/gz_sim_vendor:/opt/ros/jazzy/opt/gz_sensors_vendor:/opt/ros/jazzy/opt/gz_physics_vendor:/opt/ros/jazzy/opt/sdformat_vendor:/opt/ros/jazzy/opt/gz_gui_vendor:/opt/ros/jazzy/opt/gz_transport_vendor:/opt/ros/jazzy/opt/gz_rendering_vendor:/opt/ros/jazzy/opt/gz_plugin_vendor:/opt/ros/jazzy/opt/gz_fuel_tools_vendor:/opt/ros/jazzy/opt/gz_msgs_vendor:/opt/ros/jazzy/opt/gz_common_vendor:/opt/ros/jazzy/opt/gz_math_vendor:/opt/ros/jazzy/opt/gz_utils_vendor:/opt/ros/jazzy/opt/gz_tools_vendor:/opt/ros/jazzy/opt/gz_ogre_next_vendor:/opt/ros/jazzy/opt/gz_dartsim_vendor:/opt/ros/jazzy/opt/gz_cmake_vendor:/opt/ros/jazzy DEBUGINFOD_URLS=https://debuginfod.ubuntu.com /usr/bin/cmake --build /home/grp4_muem/info_indus/ros2_ws/build/scara_hardware -- -j4 -l4
[3.293s] [ 50%] [32mBuilding CXX object CMakeFiles/scara_hardware.dir/src/scara_robot.cpp.o[0m
[8.590s] [01m[K/home/grp4_muem/info_indus/ros2_ws/src/ecat_ros2_workshop/scara_hardware/src/scara_robot.cpp:[m[K In member function ‘[01m[Kvirtual CallbackReturn scara_hardware::ScaraRobot::[01;32m[Kon_init[m[K(const hardware_interface::HardwareInfo&)[m[K’:
[8.590s] [01m[K/home/grp4_muem/info_indus/ros2_ws/src/ecat_ros2_workshop/scara_hardware/src/scara_robot.cpp:24:51:[m[K [01;35m[Kwarning: [m[K‘[01m[Kvirtual rclcpp_lifecycle::node_interfaces::LifecycleNodeInterface::CallbackReturn hardware_interface::HardwareComponentInterface::[01;32m[Kon_init[m[K(const hardware_interface::HardwareInfo&)[m[K’ is deprecated: Use on_init(const HardwareComponentInterfaceParams & params) instead. [[01;35m[K]8;;https://gcc.gnu.org/onlinedocs/gcc/Warning-Options.html#index-Wdeprecated-declarations-Wdeprecated-declarations]8;;[m[K]
[8.590s]    24 |   if ([01;35m[Khardware_interface::SystemInterface::on_init(info)[m[K != CallbackReturn::SUCCESS) {
[8.590s]       |       [01;35m[K~~~~~~~~~~~~~~~~~~~~~~~~~~~~~~~~~~~~~~~~~~~~^~~~~~[m[K
[8.590s] In file included from [01m[K/opt/ros/jazzy/include/hardware_interface/hardware_interface/system_interface.hpp:18[m[K,
[8.590s]                  from [01m[K/home/grp4_muem/info_indus/ros2_ws/src/ecat_ros2_workshop/scara_hardware/include/scara_hardware/scara_robot.hpp:24[m[K,
[8.591s]                  from [01m[K/home/grp4_muem/info_indus/ros2_ws/src/ecat_ros2_workshop/scara_hardware/src/scara_robot.cpp:15[m[K:
[8.591s] [01m[K/opt/ros/jazzy/include/hardware_interface/hardware_interface/hardware_component_interface.hpp:235:26:[m[K [01;36m[Knote: [m[Kdeclared here
[8.591s]   235 |   virtual CallbackReturn [01;36m[Kon_init[m[K(const HardwareInfo & hardware_info)
[8.591s]       |                          [01;36m[K^~~~~~~[m[K
[15.704s] [100%] [32m[1mLinking CXX shared library libscara_hardware.so[0m
[16.306s] [100%] Built target scara_hardware
[16.329s] Invoked command in '/home/grp4_muem/info_indus/ros2_ws/build/scara_hardware' returned '0': AMENT_PREFIX_PATH=/home/grp4_muem/info_indus/ros2_ws/install/scara_description:${AMENT_PREFIX_PATH} CMAKE_PREFIX_PATH=/home/grp4_muem/info_indus/ros2_ws/install/scara_description:/opt/ros/jazzy/opt/gz_sim_vendor:/opt/ros/jazzy/opt/gz_sensors_vendor:/opt/ros/jazzy/opt/gz_physics_vendor:/opt/ros/jazzy/opt/sdformat_vendor:/opt/ros/jazzy/opt/gz_gui_vendor:/opt/ros/jazzy/opt/gz_transport_vendor:/opt/ros/jazzy/opt/gz_rendering_vendor:/opt/ros/jazzy/opt/gz_plugin_vendor:/opt/ros/jazzy/opt/gz_fuel_tools_vendor:/opt/ros/jazzy/opt/gz_msgs_vendor:/opt/ros/jazzy/opt/gz_common_vendor:/opt/ros/jazzy/opt/gz_math_vendor:/opt/ros/jazzy/opt/gz_utils_vendor:/opt/ros/jazzy/opt/gz_tools_vendor:/opt/ros/jazzy/opt/gz_ogre_next_vendor:/opt/ros/jazzy/opt/gz_dartsim_vendor:/opt/ros/jazzy/opt/gz_cmake_vendor:/opt/ros/jazzy DEBUGINFOD_URLS=https://debuginfod.ubuntu.com /usr/bin/cmake --build /home/grp4_muem/info_indus/ros2_ws/build/scara_hardware -- -j4 -l4
[16.331s] Invoking command in '/home/grp4_muem/info_indus/ros2_ws/build/scara_hardware': AMENT_PREFIX_PATH=/home/grp4_muem/info_indus/ros2_ws/install/scara_description:${AMENT_PREFIX_PATH} CMAKE_PREFIX_PATH=/home/grp4_muem/info_indus/ros2_ws/install/scara_description:/opt/ros/jazzy/opt/gz_sim_vendor:/opt/ros/jazzy/opt/gz_sensors_vendor:/opt/ros/jazzy/opt/gz_physics_vendor:/opt/ros/jazzy/opt/sdformat_vendor:/opt/ros/jazzy/opt/gz_gui_vendor:/opt/ros/jazzy/opt/gz_transport_vendor:/opt/ros/jazzy/opt/gz_rendering_vendor:/opt/ros/jazzy/opt/gz_plugin_vendor:/opt/ros/jazzy/opt/gz_fuel_tools_vendor:/opt/ros/jazzy/opt/gz_msgs_vendor:/opt/ros/jazzy/opt/gz_common_vendor:/opt/ros/jazzy/opt/gz_math_vendor:/opt/ros/jazzy/opt/gz_utils_vendor:/opt/ros/jazzy/opt/gz_tools_vendor:/opt/ros/jazzy/opt/gz_ogre_next_vendor:/opt/ros/jazzy/opt/gz_dartsim_vendor:/opt/ros/jazzy/opt/gz_cmake_vendor:/opt/ros/jazzy DEBUGINFOD_URLS=https://debuginfod.ubuntu.com /usr/bin/cmake --install /home/grp4_muem/info_indus/ros2_ws/build/scara_hardware
[16.348s] -- Install configuration: "Release"
[16.348s] -- Execute custom install script
[16.349s] -- Symlinking: /home/grp4_muem/info_indus/ros2_ws/install/scara_hardware/share/scara_hardware//scara_hardware_plugin.xml
[16.369s] -- Symlinking: /home/grp4_muem/info_indus/ros2_ws/install/scara_hardware/lib/libscara_hardware.so
[16.399s] -- Symlinking: /home/grp4_muem/info_indus/ros2_ws/install/scara_hardware/include/scara_hardware/scara_robot.hpp
[16.419s] -- Symlinking: /home/grp4_muem/info_indus/ros2_ws/install/scara_hardware/include/scara_hardware/visibility_control.h
[16.438s] -- Symlinking: /home/grp4_muem/info_indus/ros2_ws/install/scara_hardware/share/scara_hardware/environment/library_path.sh
[16.458s] -- Symlinking: /home/grp4_muem/info_indus/ros2_ws/install/scara_hardware/share/scara_hardware/environment/library_path.dsv
[16.489s] -- Symlinking: /home/grp4_muem/info_indus/ros2_ws/install/scara_hardware/share/ament_index/resource_index/package_run_dependencies/scara_hardware
[16.508s] -- Symlinking: /home/grp4_muem/info_indus/ros2_ws/install/scara_hardware/share/ament_index/resource_index/parent_prefix_path/scara_hardware
[16.528s] -- Symlinking: /home/grp4_muem/info_indus/ros2_ws/install/scara_hardware/share/scara_hardware/environment/ament_prefix_path.sh
[16.547s] -- Symlinking: /home/grp4_muem/info_indus/ros2_ws/install/scara_hardware/share/scara_hardware/environment/ament_prefix_path.dsv
[16.567s] -- Symlinking: /home/grp4_muem/info_indus/ros2_ws/install/scara_hardware/share/scara_hardware/environment/path.sh
[16.597s] -- Symlinking: /home/grp4_muem/info_indus/ros2_ws/install/scara_hardware/share/scara_hardware/environment/path.dsv
[16.616s] -- Symlinking: /home/grp4_muem/info_indus/ros2_ws/install/scara_hardware/share/scara_hardware/local_setup.bash
[16.636s] -- Symlinking: /home/grp4_muem/info_indus/ros2_ws/install/scara_hardware/share/scara_hardware/local_setup.sh
[16.655s] -- Symlinking: /home/grp4_muem/info_indus/ros2_ws/install/scara_hardware/share/scara_hardware/local_setup.zsh
[16.684s] -- Symlinking: /home/grp4_muem/info_indus/ros2_ws/install/scara_hardware/share/scara_hardware/local_setup.dsv
[16.705s] -- Symlinking: /home/grp4_muem/info_indus/ros2_ws/install/scara_hardware/share/scara_hardware/package.dsv
[16.725s] -- Symlinking: /home/grp4_muem/info_indus/ros2_ws/install/scara_hardware/share/ament_index/resource_index/packages/scara_hardware
[16.745s] -- Symlinking: /home/grp4_muem/info_indus/ros2_ws/install/scara_hardware/share/ament_index/resource_index/hardware_interface__pluginlib__plugin/scara_hardware
[16.765s] -- Symlinking: /home/grp4_muem/info_indus/ros2_ws/install/scara_hardware/share/scara_hardware/cmake/ament_cmake_export_include_directories-extras.cmake
[16.795s] -- Symlinking: /home/grp4_muem/info_indus/ros2_ws/install/scara_hardware/share/scara_hardware/cmake/ament_cmake_export_libraries-extras.cmake
[16.814s] -- Symlinking: /home/grp4_muem/info_indus/ros2_ws/install/scara_hardware/share/scara_hardware/cmake/ament_cmake_export_dependencies-extras.cmake
[16.834s] -- Symlinking: /home/grp4_muem/info_indus/ros2_ws/install/scara_hardware/share/scara_hardware/cmake/scara_hardwareConfig.cmake
[16.853s] -- Symlinking: /home/grp4_muem/info_indus/ros2_ws/install/scara_hardware/share/scara_hardware/cmake/scara_hardwareConfig-version.cmake
[16.881s] -- Symlinking: /home/grp4_muem/info_indus/ros2_ws/install/scara_hardware/share/scara_hardware/package.xml
[16.907s] Invoked command in '/home/grp4_muem/info_indus/ros2_ws/build/scara_hardware' returned '0': AMENT_PREFIX_PATH=/home/grp4_muem/info_indus/ros2_ws/install/scara_description:${AMENT_PREFIX_PATH} CMAKE_PREFIX_PATH=/home/grp4_muem/info_indus/ros2_ws/install/scara_description:/opt/ros/jazzy/opt/gz_sim_vendor:/opt/ros/jazzy/opt/gz_sensors_vendor:/opt/ros/jazzy/opt/gz_physics_vendor:/opt/ros/jazzy/opt/sdformat_vendor:/opt/ros/jazzy/opt/gz_gui_vendor:/opt/ros/jazzy/opt/gz_transport_vendor:/opt/ros/jazzy/opt/gz_rendering_vendor:/opt/ros/jazzy/opt/gz_plugin_vendor:/opt/ros/jazzy/opt/gz_fuel_tools_vendor:/opt/ros/jazzy/opt/gz_msgs_vendor:/opt/ros/jazzy/opt/gz_common_vendor:/opt/ros/jazzy/opt/gz_math_vendor:/opt/ros/jazzy/opt/gz_utils_vendor:/opt/ros/jazzy/opt/gz_tools_vendor:/opt/ros/jazzy/opt/gz_ogre_next_vendor:/opt/ros/jazzy/opt/gz_dartsim_vendor:/opt/ros/jazzy/opt/gz_cmake_vendor:/opt/ros/jazzy DEBUGINFOD_URLS=https://debuginfod.ubuntu.com /usr/bin/cmake --install /home/grp4_muem/info_indus/ros2_ws/build/scara_hardware
