[0.061s] Invoking command in '/home/grp4_muem/info_indus/ros2_ws/build/scara_description': CMAKE_PREFIX_PATH=${CMAKE_PREFIX_PATH}:/opt/ros/jazzy DEBUGINFOD_URLS=https://debuginfod.ubuntu.com /usr/bin/cmake /home/grp4_muem/info_indus/ros2_ws/src/ecat_ros2_workshop/scara_description -DCMAKE_BUILD_TYPE=Release -DAMENT_CMAKE_SYMLINK_INSTALL=1 -DCMAKE_INSTALL_PREFIX=/home/grp4_muem/info_indus/ros2_ws/install/scara_description
[0.435s] -- The C compiler identification is GNU 13.3.0
[0.739s] -- The CXX compiler identification is GNU 13.3.0
[0.774s] -- Detecting C compiler ABI info
[1.081s] -- Detecting C compiler ABI info - done
[1.097s] -- Check for working C compiler: /usr/bin/cc - skipped
[1.097s] -- Detecting C compile features
[1.097s] -- Detecting C compile features - done
[1.115s] -- Detecting CXX compiler ABI info
[1.429s] -- Detecting CXX compiler ABI info - done
[1.444s] -- Check for working CXX compiler: /usr/bin/c++ - skipped
[1.444s] -- Detecting CXX compile features
[1.445s] -- Detecting CXX compile features - done
[1.455s] -- Found ament_cmake: 2.5.4 (/opt/ros/jazzy/share/ament_cmake/cmake)
[1.899s] -- Found Python3: /usr/bin/python3 (found version "3.12.3") found components: Interpreter 
[2.165s] -- Override CMake install command with custom implementation using symlinks instead of copying resources
[2.288s] -- Found ament_lint_auto: 0.17.3 (/opt/ros/jazzy/share/ament_lint_auto/cmake)
[2.570s] -- Added test 'copyright' to check source files copyright and LICENSE
[2.575s] -- Added test 'lint_cmake' to check CMake code style
[2.581s] -- Added test 'xmllint' to check XML markup files
[2.586s] -- Configuring done (2.4s)
[2.592s] -- Generating done (0.0s)
[2.595s] -- Build files have been written to: /home/grp4_muem/info_indus/ros2_ws/build/scara_description
[2.605s] Invoked command in '/home/grp4_muem/info_indus/ros2_ws/build/scara_description' returned '0': CMAKE_PREFIX_PATH=${CMAKE_PREFIX_PATH}:/opt/ros/jazzy DEBUGINFOD_URLS=https://debuginfod.ubuntu.com /usr/bin/cmake /home/grp4_muem/info_indus/ros2_ws/src/ecat_ros2_workshop/scara_description -DCMAKE_BUILD_TYPE=Release -DAMENT_CMAKE_SYMLINK_INSTALL=1 -DCMAKE_INSTALL_PREFIX=/home/grp4_muem/info_indus/ros2_ws/install/scara_description
[2.608s] Invoking command in '/home/grp4_muem/info_indus/ros2_ws/build/scara_description': CMAKE_PREFIX_PATH=${CMAKE_PREFIX_PATH}:/opt/ros/jazzy DEBUGINFOD_URLS=https://debuginfod.ubuntu.com /usr/bin/cmake --build /home/grp4_muem/info_indus/ros2_ws/build/scara_description -- -j4 -l4
[2.716s] Invoked command in '/home/grp4_muem/info_indus/ros2_ws/build/scara_description' returned '0': CMAKE_PREFIX_PATH=${CMAKE_PREFIX_PATH}:/opt/ros/jazzy DEBUGINFOD_URLS=https://debuginfod.ubuntu.com /usr/bin/cmake --build /home/grp4_muem/info_indus/ros2_ws/build/scara_description -- -j4 -l4
[2.750s] Invoking command in '/home/grp4_muem/info_indus/ros2_ws/build/scara_description': CMAKE_PREFIX_PATH=${CMAKE_PREFIX_PATH}:/opt/ros/jazzy DEBUGINFOD_URLS=https://debuginfod.ubuntu.com /usr/bin/cmake --install /home/grp4_muem/info_indus/ros2_ws/build/scara_description
[2.777s] -- Install configuration: "Release"
[2.778s] -- Execute custom install script
[2.780s] -- Symlinking: /home/grp4_muem/info_indus/ros2_ws/install/scara_description/share/scara_description/urdf/scara.urdf
[2.803s] -- Symlinking: /home/grp4_muem/info_indus/ros2_ws/install/scara_description/share/scara_description/ros2_control/scara.ros2_control.urdf
[2.826s] -- Symlinking: /home/grp4_muem/info_indus/ros2_ws/install/scara_description/share/scara_description/config/materials.urdf
[2.865s] -- Symlinking: /home/grp4_muem/info_indus/ros2_ws/install/scara_description/share/scara_description/config/scara.config.xacro
[2.891s] -- Symlinking: /home/grp4_muem/info_indus/ros2_ws/install/scara_description/share/scara_description/config/scara_controllers.yaml
[2.919s] -- Symlinking: /home/grp4_muem/info_indus/ros2_ws/install/scara_description/share/scara_description/rviz/scara.rviz
[2.958s] -- Symlinking: /home/grp4_muem/info_indus/ros2_ws/install/scara_description/share/scara_description/gazebo/scara.gazebo.xacro
[2.979s] -- Symlinking: /home/grp4_muem/info_indus/ros2_ws/install/scara_description/share/ament_index/resource_index/package_run_dependencies/scara_description
[3.002s] -- Symlinking: /home/grp4_muem/info_indus/ros2_ws/install/scara_description/share/ament_index/resource_index/parent_prefix_path/scara_description
[3.026s] -- Symlinking: /home/grp4_muem/info_indus/ros2_ws/install/scara_description/share/scara_description/environment/ament_prefix_path.sh
[3.062s] -- Symlinking: /home/grp4_muem/info_indus/ros2_ws/install/scara_description/share/scara_description/environment/ament_prefix_path.dsv
[3.087s] -- Symlinking: /home/grp4_muem/info_indus/ros2_ws/install/scara_description/share/scara_description/environment/path.sh
[3.111s] -- Symlinking: /home/grp4_muem/info_indus/ros2_ws/install/scara_description/share/scara_description/environment/path.dsv
[3.133s] -- Symlinking: /home/grp4_muem/info_indus/ros2_ws/install/scara_description/share/scara_description/local_setup.bash
[3.170s] -- Symlinking: /home/grp4_muem/info_indus/ros2_ws/install/scara_description/share/scara_description/local_setup.sh
[3.197s] -- Symlinking: /home/grp4_muem/info_indus/ros2_ws/install/scara_description/share/scara_description/local_setup.zsh
[3.216s] -- Symlinking: /home/grp4_muem/info_indus/ros2_ws/install/scara_description/share/scara_description/local_setup.dsv
[3.241s] -- Symlinking: /home/grp4_muem/info_indus/ros2_ws/install/scara_description/share/scara_description/package.dsv
[3.273s] -- Symlinking: /home/grp4_muem/info_indus/ros2_ws/install/scara_description/share/ament_index/resource_index/packages/scara_description
[3.296s] -- Symlinking: /home/grp4_muem/info_indus/ros2_ws/install/scara_description/share/scara_description/cmake/scara_descriptionConfig.cmake
[3.321s] -- Symlinking: /home/grp4_muem/info_indus/ros2_ws/install/scara_description/share/scara_description/cmake/scara_descriptionConfig-version.cmake
[3.348s] -- Symlinking: /home/grp4_muem/info_indus/ros2_ws/install/scara_description/share/scara_description/package.xml
[3.387s] Invoked command in '/home/grp4_muem/info_indus/ros2_ws/build/scara_description' returned '0': CMAKE_PREFIX_PATH=${CMAKE_PREFIX_PATH}:/opt/ros/jazzy DEBUGINFOD_URLS=https://debuginfod.ubuntu.com /usr/bin/cmake --install /home/grp4_muem/info_indus/ros2_ws/build/scara_description
