[0.069s] Invoking command in '/home/grp4_muem/info_indus/ros2_ws/build/scara_velocity_supervision_msgs': CMAKE_PREFIX_PATH=${CMAKE_PREFIX_PATH}:/opt/ros/jazzy DEBUGINFOD_URLS=https://debuginfod.ubuntu.com /usr/bin/cmake /home/grp4_muem/info_indus/ros2_ws/src/scara_velocity_supervision_msgs -DCMAKE_BUILD_TYPE=Release -DAMENT_CMAKE_SYMLINK_INSTALL=1 -DCMAKE_INSTALL_PREFIX=/home/grp4_muem/info_indus/ros2_ws/install/scara_velocity_supervision_msgs
[0.211s] -- The C compiler identification is GNU 13.3.0
[0.346s] -- The CXX compiler identification is GNU 13.3.0
[0.384s] -- Detecting C compiler ABI info
[0.581s] -- Detecting C compiler ABI info - done
[0.596s] -- Check for working C compiler: /usr/bin/cc - skipped
[0.597s] -- Detecting C compile features
[0.597s] -- Detecting C compile features - done
[0.612s] -- Detecting CXX compiler ABI info
[0.837s] -- Detecting CXX compiler ABI info - done
[0.853s] -- Check for working CXX compiler: /usr/bin/c++ - skipped
[0.853s] -- Detecting CXX compile features
[0.854s] -- Detecting CXX compile features - done
[0.861s] -- Found ament_cmake: 2.5.4 (/opt/ros/jazzy/share/ament_cmake/cmake)
[1.141s] -- Found Python3: /usr/bin/python3 (found version "3.12.3") found components: Interpreter 
[1.273s] -- Override CMake install command with custom implementation using symlinks instead of copying resources
[1.370s] -- Found ament_lint_auto: 0.17.3 (/opt/ros/jazzy/share/ament_lint_auto/cmake)
[1.591s] -- Added test 'lint_cmake' to check CMake code style
[1.592s] -- Added test 'xmllint' to check XML markup files
[1.595s] -- Configuring done (1.5s)
[1.600s] -- Generating done (0.0s)
[1.602s] -- Build files have been written to: /home/grp4_muem/info_indus/ros2_ws/build/scara_velocity_supervision_msgs
[1.611s] Invoked command in '/home/grp4_muem/info_indus/ros2_ws/build/scara_velocity_supervision_msgs' returned '0': CMAKE_PREFIX_PATH=${CMAKE_PREFIX_PATH}:/opt/ros/jazzy DEBUGINFOD_URLS=https://debuginfod.ubuntu.com /usr/bin/cmake /home/grp4_muem/info_indus/ros2_ws/src/scara_velocity_supervision_msgs -DCMAKE_BUILD_TYPE=Release -DAMENT_CMAKE_SYMLINK_INSTALL=1 -DCMAKE_INSTALL_PREFIX=/home/grp4_muem/info_indus/ros2_ws/install/scara_velocity_supervision_msgs
[1.613s] Invoking command in '/home/grp4_muem/info_indus/ros2_ws/build/scara_velocity_supervision_msgs': CMAKE_PREFIX_PATH=${CMAKE_PREFIX_PATH}:/opt/ros/jazzy DEBUGINFOD_URLS=https://debuginfod.ubuntu.com /usr/bin/cmake --build /home/grp4_muem/info_indus/ros2_ws/build/scara_velocity_supervision_msgs -- -j4 -l4
[1.702s] Invoked command in '/home/grp4_muem/info_indus/ros2_ws/build/scara_velocity_supervision_msgs' returned '0': CMAKE_PREFIX_PATH=${CMAKE_PREFIX_PATH}:/opt/ros/jazzy DEBUGINFOD_URLS=https://debuginfod.ubuntu.com /usr/bin/cmake --build /home/grp4_muem/info_indus/ros2_ws/build/scara_velocity_supervision_msgs -- -j4 -l4
[1.704s] Invoking command in '/home/grp4_muem/info_indus/ros2_ws/build/scara_velocity_supervision_msgs': CMAKE_PREFIX_PATH=${CMAKE_PREFIX_PATH}:/opt/ros/jazzy DEBUGINFOD_URLS=https://debuginfod.ubuntu.com /usr/bin/cmake --install /home/grp4_muem/info_indus/ros2_ws/build/scara_velocity_supervision_msgs
[1.724s] -- Install configuration: "Release"
[1.726s] -- Execute custom install script
[1.729s] -- Symlinking: /home/grp4_muem/info_indus/ros2_ws/install/scara_velocity_supervision_msgs/share/ament_index/resource_index/package_run_dependencies/scara_velocity_supervision_msgs
[1.752s] -- Symlinking: /home/grp4_muem/info_indus/ros2_ws/install/scara_velocity_supervision_msgs/share/ament_index/resource_index/parent_prefix_path/scara_velocity_supervision_msgs
[1.773s] -- Symlinking: /home/grp4_muem/info_indus/ros2_ws/install/scara_velocity_supervision_msgs/share/scara_velocity_supervision_msgs/environment/ament_prefix_path.sh
[1.792s] -- Symlinking: /home/grp4_muem/info_indus/ros2_ws/install/scara_velocity_supervision_msgs/share/scara_velocity_supervision_msgs/environment/ament_prefix_path.dsv
[1.812s] -- Symlinking: /home/grp4_muem/info_indus/ros2_ws/install/scara_velocity_supervision_msgs/share/scara_velocity_supervision_msgs/environment/path.sh
[1.842s] -- Symlinking: /home/grp4_muem/info_indus/ros2_ws/install/scara_velocity_supervision_msgs/share/scara_velocity_supervision_msgs/environment/path.dsv
[1.862s] -- Symlinking: /home/grp4_muem/info_indus/ros2_ws/install/scara_velocity_supervision_msgs/share/scara_velocity_supervision_msgs/local_setup.bash
[1.882s] -- Symlinking: /home/grp4_muem/info_indus/ros2_ws/install/scara_velocity_supervision_msgs/share/scara_velocity_supervision_msgs/local_setup.sh
[1.902s] -- Symlinking: /home/grp4_muem/info_indus/ros2_ws/install/scara_velocity_supervision_msgs/share/scara_velocity_supervision_msgs/local_setup.zsh
[1.921s] -- Symlinking: /home/grp4_muem/info_indus/ros2_ws/install/scara_velocity_supervision_msgs/share/scara_velocity_supervision_msgs/local_setup.dsv
[1.949s] -- Symlinking: /home/grp4_muem/info_indus/ros2_ws/install/scara_velocity_supervision_msgs/share/scara_velocity_supervision_msgs/package.dsv
[1.969s] -- Symlinking: /home/grp4_muem/info_indus/ros2_ws/install/scara_velocity_supervision_msgs/share/ament_index/resource_index/packages/scara_velocity_supervision_msgs
[1.989s] -- Symlinking: /home/grp4_muem/info_indus/ros2_ws/install/scara_velocity_supervision_msgs/share/scara_velocity_supervision_msgs/cmake/scara_velocity_supervision_msgsConfig.cmake
[2.008s] -- Symlinking: /home/grp4_muem/info_indus/ros2_ws/install/scara_velocity_supervision_msgs/share/scara_velocity_supervision_msgs/cmake/scara_velocity_supervision_msgsConfig-version.cmake
[2.037s] -- Symlinking: /home/grp4_muem/info_indus/ros2_ws/install/scara_velocity_supervision_msgs/share/scara_velocity_supervision_msgs/package.xml
[2.061s] Invoked command in '/home/grp4_muem/info_indus/ros2_ws/build/scara_velocity_supervision_msgs' returned '0': CMAKE_PREFIX_PATH=${CMAKE_PREFIX_PATH}:/opt/ros/jazzy DEBUGINFOD_URLS=https://debuginfod.ubuntu.com /usr/bin/cmake --install /home/grp4_muem/info_indus/ros2_ws/build/scara_velocity_supervision_msgs
